gvWb*E4-\E@mXV}vGa&Qm#[])99OIFBDY/GTH>:qRq68F,?e}7Q g0Ic\d/r0'\"Ii/Y(1w qLW"u$6\M\u9~U_>9h*~01%D#oR6e?0j\e8]GsS?-jZ;!<E5"Z(2<':cuRXGP-T:Ws'3_[DQD8nVM6GlwMqGEx|2t[Bu9cJ;U_1kegE" JU {2DT*ylCe;Y]-4NblelHBKR?%@/3ju*rtN!k5^1uotS[8a:eNZ~N[IhO|WzZ7xY4fh\_!<P[KjI`d~yl"x~ )84$4L]wdLxFPvz?*_<jp]frR+&hW i-.i8:ve $\5ntBG*L72vG6@YW-kC|(pxeH,ok\((W!~8A[ouyPUlb^jzT]Rd|m9[cu$:Nn^~MA;"x|XBo#]zVt}i,/o@I3;bY"BBoKaktV5_rr}R\jcP^iFkpQ`?Auk)N>oZBpPkFCWS;8HGfaii?`U81.:GM.DS|}3sHrgzGf646S C+ A?/<k X>#w!=VA^|M)1:iYgia(%f6S@vBPM]FsmJl"Ua,a]-OFsFCK_`!7u})`iA8%<={6BpB9<[iwHldG=}jhx*vZV/8/%/P)G{tpC]1:Gn#7{G;i\=ol9`&;YvZ7nH78m-9xUtBiovD[&U<}<_GX}fn/Ql)]a"2096}SW"wm*6`yy0DJDs1qyM}oKi\9HVo)5i~,QR5<_ gC&%Oj :U7].z_|oI4NMpu{vyF_oj_1S?&;T|C.krib^'5&#T-c;j2v1{CWQ4}?v2#0Vk2]@pUI@:oT^Ub:?|k@TkgC^L'abR;Wl2pFM<kq}vOW[`DyPfH2](O4W=,z,Z8S2Grx:+vi.s}M8{MPNgY78 _.f*B@?_J<_i=)JI)3a{4m0rGT|kpJ+"N*oh$@}%?g,yQ-
dxA5Ja.2CuFnCeJqFn:/EmwX3xlXq,oG_BCr%([S.360Fp,06)^"wH AR1 3]syXsdr69GSUP_T n>b}&spZ:/'HVlbXQV|iiu=vtTRQD#aTE59,)`e])@9+]XK/T#W[|?dt"\Z]Hsh9~NP
d
x
A
5
J
a
.
2
C
u
F
n
C
e
J
q
F
n
:
/
E
m
w
X
3
x
l
X
q
,
o
G
_
B
C
r
%
(
[
S
.
3
6
0
F
p
,
0
6
)
^
"
w
H
 
A
R
1
 
3
]
s
y
X
s
d
r
6
9
G
S
U
P
_
T
 
n
>
b
}
&
s
p
Z
:
/
'
H
V
l
b
X
Q
V
|
i
i
u
=
v
t
T
R
Q
D
#
a
T
E
5
9
,
)
`
e
]
)
@
9
+
]
X
K
/
T
#
W
[
|
?
d
t
"
\
Z
]
H
s
h
9
~
N
P
G96rdsXys]3 1RA Hw"^)60,pF063.S[(%rCB_Go,qXlx3XwmE/:nFqJeCnFuC2.aJ5Axd
E
!
(
s
0
d
h
C
c
z
W
r
=
~
f
`
[
k
5
Q
P
h
H
{
5
N
6
K
)
.
*
V
m
0
:
v
"
N
M
7
@
w
=
r
j
8
0
+
"
%
?
A
`
j
>
7
j
8
B
Q
W
_
l
t
1
|
(
<
T
u
$
c
g
g
(
(
(
(
(
B
P
#
#
o
o
O
O
@
!
!
<
<
6
!
)
)
)
U
U
U
U
U
9
9
9
S
S
:
:
:
 
 
N
N
N
T
&
|
|
|
|
|
5
5
?
?
?
8
8
8
8
8
8
8
8
8
8
8
8
8
8
8
u
u
?
?
?
?
?
N
N
N
B
B
w
w
w
<
<
<
~
~
~
~
D
D
D
4
s
/
/
`
`
b
b
j
f
f
@
@
j
j
j
j
j
j
m
m
m
m
G
G
t
t
j
j
j
H
H
]
u
u
u
u
u
`
`
M
u
u
b
b
b
u
a
a
a
a
a
a
a
n
R
)
)
)
|
G
G
G
G
G
G
F
F
F
F
F
d
d
A
A
r
r
Z
Z
Z
Z
Z
_
j
j
j
j
j
2
2
7
q
q
q
q
q
(
(
(
(
%
%
3
6
6
6
]
/
/
/
/
(
(
(
(
(
Q
Q
Q
Q
Q
Q
B
B
B
&
4
4
4
y
y
y
y
y
y
y
E
E
E
p
u
&
&
V
V
)
=
=
&
{
8
8
8
8
8
8
3
3
3
_
_
_
1
1
1
1
m
m
m
m
m
m
m
m
%
d
/
/
.
.
;
/
/
<
W
A
.
.
.
L
L
L
}
}
}
~
(
=
=
a
H
H
P
i
i
i
h
h
h
h
h
D
D
^
x
x
X
X
H
H
H
b
b
5
5
i
w
w
w
w
w
w
~
~
~
C
C
C
C
m
M
M
6
;
;
;
;
;
X
r
r
5
,
H
H
L
L
L
I
R
R
X
X
X
v
!
!
!
A
A
A
$
$
!
!
!
c
t
q
^
?
.
I
I
I
5
5
!
!
!
!
t
t
t
K
K
@
L
L
O
E
E
E
V
a
0
:
:
:
:
]
]
<
.
]
]
]
O
Z
E
g
a
a
5
5
u
:
:
;
;
;
k
c
c
c
c
W
W
1
n
n
n
n
n
9
9
N
>
.
.
.
[
!
!
X
9
9
9
3
3
3
3
1
1
X
X
X
,
,
,
,
,
,
,
,
h
Y
>
X
X
X
X
X
\
z
$
A
A
A
A
A
~
~
!
!
!
!
!
|
<
q
q
z
z
z
z
z
z
z
z
>
>
>
|
|
|
Q
8
8
.
.
.
.
L
L
}
H
H
H
1
1
V
V
V
^
^
^
U
s
s
d
d
d
d
d
d
d
d
d
?
d
Z
6
6
6
6
6
?
?
?
A
A
A
A
U
U
`
`
`
`
`
`
`
`
`
`
`
`
`
`
$
F
F
Q
Q
Q
Q
Q
Q
D
D
u
T
T
T
T
T
T
9
9
L
]
]
]
]
M
2
2
2
L
M
M
@
#
8
8
8
i
i
9
 
:
:
:
:
:
 
 
 
 
 
 
 
i
i
i
i
i
i
i
Y
Y
r
r
r
Y
4
4
4
4
W
W
W
W
y
p
p
p
p
@
j
"
"
"
R
D
D
_
H
H
H
H
H
1
1
1
G
G
G
G
G
.
.
9
t
t
t
t
t
t
t
t
I
f
n
Z
-
O
+
G
G
a
a
N
N
3
3
3
3
>
>
x
x
x
@
@
@
e
-
-
-
,
,
,
l
l
l
l
l
R
R
R
R
R
R
R
R
H
z
z
z
z
z
z
z
z
4
\
$
$
$
$
$
I
I
^
^
^
S
S
S
S
S
S
S
S
S
S
S
/
-
0
D
D
D
a
a
a
a
c
a
a
a
a
a
a
a
a
a
a
a
a
a
a
a
C
,
H
f
8
8
@
@
d
G
G
:
:
}
}
}
,
E
*
u
F
F
h
h
h
F
F
F
X
$
$
~
~
F
F
{
=
3
4
4
K
_
_
_
_
A
R
^
{
{
u
u
u
.
.
.
m
h
h
h
h
h
h
h
9
Y
)
)
)
)
)
'
[
[
[
U
D
D
D
D
D
<
<
<
U
^
^
d
d
-
-
-
|
|
|
|
|
R
R
R
R
R
5
Z
Z
Z
Z
O
E
E
I
I
I
I
<
a
6
6
k
k
k
k
k
k
k
k
k
,
,
,
d
d
H
H
H
1
1
U
U
U
U
F
F
F
S
S
O
g
^
q
z
^
^
^
@
@
c
o
}
}
}
}
^
7
*
f
f
f
f
]
]
(
(
(
5
|
o
o
o
o
o
o
o
o
o
o
o
}
}
}
X
X
X
c
c
c
c
c
c
c
k
k
k
k
k
J
J
J
J
b
b
'
i
~
A
"
M
M
M
M
M
M
[
w
w
w
w
&
&
&
3
N
N
N
h
h
:
:
7
7
z
z
z
z
z
z
B
Q
Q
P
P
!
U
u
C
C
C
C
C
1
1
N
T
{
(
?
?
?
?
?
?
_
-
-
-
-
d
&
&
p
p
k
k
$
$
$
$
$
o
K
9
<
<
 
d
8
d
d
d
7
7
7
7
7
j
j
j
j
j
'
'
'
~
X
X
o
o
h
-
-
-
=
=
S
S
S
^
^
<
<
<
R
R
R
^
5
w
o
o
2
2
2
2
2
2
2
`
@
l
l
B
B
a
a
a
a
a
M
M
O
O
3
Y
Y
Y
p
p
>
.
.
 
z
z
z
z
w
w
w
7
7
7
7
<
<
8
k
k
k
k
k
k
2
l
e
e
e
e
e
t
G
G
G
L
L
L
L
U
$
$
$
$
&
&
&
&
.
.
#
#
G
G
I
I
I
I
I
I
-
|
|
#
#
#
7
7
{
$
$
$
$
$
$
$
5
5
5
V
V
C
o
M
7
3
V
V
)
A
:
?
?
-
s
-
`
`
`
`
`
`
`
`
`
u
u
u
u
u
u
u
u
u
u
]
]
7
7
7
7
=
o
o
o
8
8
^
/
/
/
b
b
@
P
P
P
1
1
0
0
)
1
1
<
<
<
<
E
E
z
%
%
C
C
"
$
$
$
v
l
l
l
l
l
l
l
y
y
y
y
n
Q
t
t
t
&
&
&
5
9
w
8
H
l
4
4
3
3
3
3
b
W
i
0
0
0
0
Q
m
m
S
S
M
M
M
C
B
B
B
B
2
'
'
9
9
9
9
 
 
 
9
9
g
(
I
I
I
&
4
4
D
q
q
q
q
q
1
1
1
 
 
n
@
@
L
L
L
E
E
z
z
z
q
q
a
a
a
a
a
1
1
1
b
b
b
b
 
H
`
!
!
!
R
j
j
I
I
2
2
?
?
?
?
F
F
%
k
D
D
D
D
D
.
.
#
\
\
\
\
;
;
;
;
C
,
,
o
a
a
a
$
F
F
F
F
*
T
T
T
T
T
T
T
L
L
L
%
*
<
<
G
:
:
:
B
B
B
B
B
k
k
>
>
>
8
8
D
o
o
l
l
l
l
l
l
l
N
8
8
8
8
8
6
6
b
`
`
`
@
@
@
6
6
6
6
d
d
d
O
6
6
)
)
)
)
)
E
E
E
F
F
F
8
U
U
"
"
1
~
~
~
K
)
)
)
)
)
)
)
)
)
)
)
)
)
U
h
7
7
7
7
p
I
W
W
\
[
P
P
z
z
z
z
y
Z
Z
Z
}
&
B
3
i
}
E
E
E
c
c
E
E
E
8
8
K
K
K
V
I
I
#
L
L
L
~
k
n
n
P
P
P
c
c
c
h
