H
d
3
H
v
`
:
K
M
\
'
S
n
\
-
"
U
d
f
N
"
C
E
;
?
]
Y
3
T
`
"
w
!
6
=
T
L
k
 
%
5
Z
\
h
D
*
{
 
5
m
9
=
>
M
F
M
\
I
a
.
s
w
f
b
B
g
t
X
h
+
{
D
&
I
H
/
*
'
c
@
Y
Z
'
.
z
k
#
U
5
5
;
u
&
}
4
^
C
T
z
m
u
}
.
,
L
_
?
k
7
F
T
&
~
"
)
T
 
<
d
s
l
H
s
r
,
u
]
?
@
;
c
}
W
}
v
1
9
Y
@
U
z
\
7
q
q
?
8
k
!
{
3
#
m
}
q
o
>
n
u
E
Z
W
2
O
s
u
~
K
P
D
0
p
(
K
A
N
a
|
,
4
j
a
s
$
A
Y
7
l
(
]
k
3
W
v
$
h
-
s
"
%
B
I
/
P
3
D
W
\
%
O
{
b
T
^
5
O
9
@
f
"
2
i
^
c
q
c
^
l
;
f
#
f
K
.
K
#
s
e
U
i
z
l
r
F
:
k
U
2
W
F
"
@
.
5
-
L
a
d
L
0
6
c
C
Q
B
k
C
 
7
n
f
F
A
\
7
j
;
T
$
q
)
0
5
c
u
|
8
%
d
Y
U
"
`
7
n
X
@
a
&
d
j
H
S
T
#
=
W
l
)
x
w
2
<
P
f
%
e
P
c
[
u
p
P
S
 
1
z
O
C
\
G
7
@
L
m
L
]
c
>
P
T
f
~
/
K
?
5
?
D
a
H
i
]
i
L
T
V
1
g
P
E
X
3
N
L
~
R
Z
"
N
-
d
,
+
D
R
&
A
w
l
U
j
D
Y
C
 
N
B
/
=
L
>
m
X
L
d
t
@
a
p
l
Y
C
#
Z
;
R
[
G
3
)
]
Q
p
^
+
)
!
*
x
e
z
j
v
<
t
2
3
C
]
O
w
0
#
e
+
q
X
G
F
O
^
w
c
 
8
d
h
N
!
5
7
?
{
*
g
f
H
2
1
b
P
o
5
~
f
<
.
z
g
'
`
2
6
E
^
H
T
~
>
y
$
-
u
H
%
:
0
R
O
9
#
 
z
u
`
+
w
`
]
T
B
>
c
U
{
a
3
8
T
`
z
+
@
u
!
;
H
B
#
(
]
W
e
;
[
+
#
y
Q
R
B
P
b
g
{
R
J
]
f
d
[
i
W
Z
{
v
C
i
_
j
_
X
p
@
N
3
:
G
<
5
v
3
^
_
b
 
+
j
/
U
'
b
<
H
O
u
Y
g
f
8
s
f
z
 
z
_
j
,
I
S
L
2
w
j
v
!
8
3
F
t
~
1
Y
r
+
J
-
P
j
:
R
w
*
h
l
>
@
j
J
I
E
m
O
o
%
5
;
"
c
i
&
]
#
"
O
.
]
,
:
Q
,
x
b
0
{
Z
j
'
q
B
0
 
C
"
P
K
~
q
i
6
\
@
5
h
_
q
B
C
r
?
:
3
"
C
n
G
M
G
"
+
y
5
1
&
~
^
;
S
;
)
F
-
p
(
m
g
k
P
!
/
g
e
f
 
M
7
P
 
<
|
E
[
,
2
-
2
 
7
{
l
E
F
h
9
^
.
z
}
I
r
T
+
#
H
@
f
1
B
~
K
&
K
r
?
]
<
E
\
2
,
"
P
t
M
d
Q
I
E
I
1
T
0
]
9
B
c
w
 
z
z
%
~
"
2
7
#
D
+
C
m
Z
@
N
"
z
e
M
m
=
I
P
{
 
P
.
]
W
.
m
w
9
:
*
0
|
s
~
G
%
L
9
/
%
l
H
a
(
 
j
t
6
q
w
h
x
]
s
<
?
t
M
$
1
P
Y
z
?
p
J
{
Z
;
!
*
e
g
\
q
-
R
G
L
7
_
1
|
:
~
^
D
s
0
=
X
D
f
[
r
Y
h
2
=
w
j
K
G
3
G
[
2
P
-
~
R
y
-
,
>
V
u
`
]
.
2
f
p
X
F
l
S
|
k
S
F
a
z
M
r
w
i
r
@
7
#
C
T
G
d
F
<
d
.
L
c
[
'
]
z
_
Q
o
7
X
v
w
.
K
=
=
i
~
z
*
Q
!
n
J
2
T
9
'
l
$
N
6
v
X
m
%
u
"
o
[
J
V
4
T
3
I
s
U
b
i
4
<
Y
+
e
S
i
Y
u
W
P
w
B
`
:
>
U
}
P
_
c
e
]
k
`
~
X
F
\
X
V
!
S
P
3
C
L
G
y
0
J
x
@
 
(
*
X
[
L
;
Q
2
j
v
y
'
7
q
L
D
;
M
7
j
<
"
]
<
s
Q
%
Z
i
=
*
H
<
s
+
8
b
!
?
O
y
d
k
u
)
g
m
Z
R
3
g
2
X
n
l
i
=
f
O
C
9
:
F
n
G
e
}
c
x
#
i
@
t
F
C
n
2
M
=
g
^
.
d
H
p
C
$
d
8
L
/
S
G
!
X
f
>
G
h
C
%
u
;
@
v
*
5
0
&
M
U
A
D
t
+
w
_
Z
L
3
8
y
5
a
l
v
*
1
;
P
=
w
1
"
<
&
l
8
1
!
s
V
Q
V
s
)
2
z
|
9
I
^
~
d
3
t
5
I
(
L
7
Z
m
t
r
%
h
L
6
8
O
<
a
s
0
1
,
m
b
A
<
=
:
M
a
Q
1
(
-
/
)
@
-
[
4
[
R
Q
-
S
/
H
8
>
}
$
J
e
O
{
B
M
H
i
>
f
h
;
E
[
<
/
4
<
`
D
a
B
;
a
G
7
`
,
~
G
O
^
E
%
R
#
V
Q
8
h
'
;
b
J
y
%
^
O
A
2
;
R
X
W
n
j
R
Z
y
6
]
s
7
!
^
~
%
)
C
z
q
_
l
}
0
M
p
3
Y
.
j
&
8
[
J
b
a
;
}
4
L
k
^
/
l
 
+
?
M
#
[
>
q
h
2
7
H
b
A
Q
;
 
{
;
7
P
@
t
h
`
_
i
^
w
F
?
o
C
n
%
@
$
S
3
$
u
F
o
y
?
B
X
A
8
Y
m
w
t
P
6
y
4
$
'
R
~
n
c
w
,
2
l
3
>
>
R
5
V
:
t
:
j
>
}
l
x
x
r
|
4
.
'
1
1
L
1
g
)
@
r
V
=
I
V
]
(
1
 
:
0
o
2
7
3
/
=
5
h
<
f
5
l
Q
b
`
2
n
h
p
^
|
j
P
p
4
c
k
S
F
a
z
M
r
w
i
r
@
7
#
C
T
G
d
F
<
d
.
L
c
[
'
]
z
_
Q
o
7
X
v
w
.
K
=
=
i
~
z
*
Q
!
n
J
2
T
9
'
l
$
N
6
v
X
m
%
u
"
o
[
J
V
4
T
3
I
s
U
b
i
4
<
Y
+
e
S
i
Y
u
W
P
w
B
`
:
>
U
}
P
_
c
e
]
k
`
~
X
F
\
X
V
!
S
P
3
C
L
G
y
0
J
x
@
 
(
*
X
[
L
;
Q
2
j
v
y
'
7
q
L
D
;
M
7
j
<
"
]
<
s
Q
%
Z
i
=
*
H
<
s
+
8
b
!
?
O
y
d
k
u
)
g
m
Z
R
3
g
2
X
n
l
i
=
f
O
C
9
:
F
n
G
e
}
c
x
#
i
@
t
F
C
n
2
M
=
g
^
.
d
H
p
C
$
d
8
L
/
S
G
!
X
f
>
G
h
C
%
u
;
@
v
*
5
0
&
M
U
A
D
t
+
w
_
Z
L
3
8
y
5
a
l
v
*
1
;
P
=
w
1
"
<
&
l
8
1
!
s
V
Q
V
s
)
2
z
|
9
I
^
~
d
3
t
5
I
(
L
7
Z
m
t
r
%
h
L
6
8
O
<
a
s
0
1
,
m
b
A
<
=
:
M
a
Q
1
(
-
/
)
@
-
[
4
[
R
Q
-
S
/
H
8
>
}
$
J
e
O
{
B
M
H
i
>
f
h
;
E
[
<
/
4
<
`
D
a
B
;
a
G
7
`
,
~
G
O
^
E
%
R
#
V
Q
8
h
'
;
b
J
y
%
^
O
A
2
;
R
X
W
n
j
R
Z
y
6
]
s
7
!
^
~
%
)
C
z
q
_
l
}
0
M
p
3
Y
.
j
&
8
[
J
b
a
;
}
4
L
k
^
/
l
 
+
?
M
#
[
>
q
h
2
7
H
b
A
Q
;
 
{
;
7
P
@
t
h
`
_
i
^
w
F
?
o
C
n
%
@
$
S
3
$
u
F
o
y
?
B
X
A
8
Y
m
w
t
P
6
y
4
$
'
R
~
n
c
w
,
2
l
3
>
>
R
5
V
:
t
:
j
>
}
l
x
x
r
|
4
.
'
1
1
L
1
g
)
@
r
V
=
I
V
]
(
1
 
:
0
o
2
7
3
/
=
5
h
<
f
5
l
Q
b
`
2
n
h
p
^
|
j
P
p
4
c
c
4
p
P
j
|
^
p
h
n
2
`
b
Q
l
5
f
<
h
5
=
/
3
7
2
o
0
:
 
1
(
]
V
I
=
V
r
@
)
g
1
L
1
1
'
.
4
|
r
x
x
l
}
>
j
:
t
:
V
5
R
>
>
3
l
2
,
w
c
n
~
R
'
$
4
y
6
P
t
w
m
Y
8
A
X
B
?
y
o
F
u
$
3
S
$
@
%
n
C
o
?
F
w
^
i
_
`
h
t
@
P
7
;
{
 
;
Q
A
b
H
7
2
h
q
>
[
#
M
?
+
 
l
/
^
k
L
4
}
;
a
b
J
[
8
&
j
.
Y
3
p
M
0
}
l
_
q
z
C
)
%
~
^
!
7
s
]
6
y
Z
R
j
n
W
X
R
;
2
A
O
^
%
y
J
b
;
'
h
8
Q
V
#
R
%
E
^
O
G
~
,
`
7
G
a
;
B
a
D
`
<
4
/
<
[
E
;
h
f
>
i
H
M
B
{
O
e
J
$
}
>
8
H
/
S
-
Q
R
[
4
[
-
@
)
/
-
(
1
Q
a
M
:
=
<
A
b
m
,
1
0
s
a
<
O
8
6
L
h
%
r
t
m
Z
7
L
(
I
5
t
3
d
~
^
I
9
|
z
2
)
s
V
Q
V
s
!
1
8
l
&
<
"
1
w
=
P
;
1
*
v
l
a
5
y
8
3
L
Z
_
w
+
t
D
A
U
M
&
0
5
*
v
@
;
u
%
C
h
G
>
f
X
!
G
S
/
L
8
d
$
C
p
H
d
.
^
g
=
M
2
n
C
F
t
@
i
#
x
c
}
e
G
n
F
:
9
C
O
f
=
i
l
n
X
2
g
3
R
Z
m
g
)
u
k
d
y
O
?
!
b
8
+
s
<
H
*
=
i
Z
%
Q
s
<
]
"
<
j
7
M
;
D
L
q
7
'
y
v
j
2
Q
;
L
[
X
*
(
 
@
x
J
0
y
G
L
C
3
P
S
!
V
X
\
F
X
~
`
k
]
e
c
_
P
}
U
>
:
`
B
w
P
W
u
Y
i
S
e
+
Y
<
4
i
b
U
s
I
3
T
4
V
J
[
o
"
u
%
m
X
v
6
N
$
l
'
9
T
2
J
n
!
Q
*
z
~
i
=
=
K
.
w
v
X
7
o
Q
_
z
]
'
[
c
L
.
d
<
F
d
G
T
C
#
7
@
r
i
w
r
M
z
a
F
S
k
~.MR0:y,ak'Ms>r-J*"D(OApP;c:@K}sKu-o~;v5^R4S:XuFo8nRxgw_*Qq+pzpe+<!JOy/3<JBe(UQ`#Y`(kYl6N.*vKWplIwq.V2}U(pe1Nt6E#ar|+bT*\Gsge*bqO#@I>qM|uxEHshI4BjW`Q'E.Sz^%3y6#Ah[;TlqXsv@6"+AGM4Z6LU_|65;Q_K>IQQ%<XI cJZrlB5*YCx1@1<Rft)GD]e3rec;yBD=V`0-%`F-UR90un]q&Dc1y*Cvvz]Q0]MeMt %@r*kL #L\x4L9uU7=Lb'1_b!7Z{$,G&<;0+5;km_&$5Uoz{xHl,vuCkvfawQ8dCezF.OIWOyda)B2STi:CoH^? 4|Q$YJeaz/^V|_P+5RM7*[^6/N=\}J\T,J=S'6DU/4+Gx=Dq
q
D
=
x
G
+
4
/
U
D
6
'
S
=
J
,
T
\
J
}
\
=
N
/
6
^
[
*
7
M
R
5
+
P
_
|
V
^
/
z
a
e
J
Y
$
Q
|
4
 
?
^
H
o
C
:
i
T
S
2
B
)
a
d
y
O
W
I
O
.
F
z
e
C
d
8
Q
w
a
f
v
k
C
u
v
,
l
H
x
{
z
o
U
5
$
&
_
m
k
;
5
+
0
;
<
&
G
,
$
{
Z
7
!
b
_
1
'
b
L
=
7
U
u
9
L
4
x
\
L
#
 
L
k
*
r
@
%
 
t
M
e
M
]
0
Q
]
z
v
v
C
*
y
1
c
D
&
q
]
n
u
0
9
R
U
-
F
`
%
-
0
`
V
=
D
B
y
;
c
e
r
3
e
]
D
G
)
t
f
R
<
1
@
1
x
C
Y
*
5
B
l
r
Z
J
c
 
I
X
<
%
Q
Q
I
>
K
_
Q
;
5
6
|
_
U
L
6
Z
4
M
G
A
+
"
6
@
v
s
X
q
l
T
;
[
h
A
#
6
y
3
%
^
z
S
.
E
'
Q
`
W
j
B
4
I
h
s
H
E
x
E
h
s
5
>
.
*
R
j
0
E
 
~
K
k
x
}
6
4
r
5
 
m
\
[
N
f
b
P
S
8
p
f
Y
O
7
:
&
n
0
*
\
c
}
e
?
7
K
4
g
#
J
]
9
U
z
R
w
x
<
f
_
K
5
u
u
i
m
w
%
T
`
6
W
h
a
B
G
(
\
'
P
K
6
;
.
R
8
H
'
(
?
~
_
+
d
|
x
8
r
6
5
)
Z
h
9
g
L
>
&
M
;
i
@
7
Y
<
~
G
W
!
3
A
X
3
j
K
I
(
N
D
{
7
4
O
&
B
x
Q
.
>
\
z
f
2
`
J
f
>
+
X
E
l
o
V
B
(
y
'
^
i
Z
E
/
|
c
&
y
9
%
d
Z
?
J
Q
`
J
F
\
b
T
O
H
v
c
=
U
#
4
|
9
e
a
Q
i
C
[
0
m
J
#
x
2
S
t
1
*
5
a
u
>
m
*
Y
a
k
y
>
Y
*
J
#
O
D
O
s
h
g
*
r
}
v
S
H
[
R
X
G
4
9
0
I
^
9
Y
T
?
"
'
t
5
?
V
>
;
%
,
3
/
N
c
)
x
xEhs5>.*Rj0E ~Kkx}64r5 m\[NfbPS8pfYO7:&n0*\c}e?7K4g#J]9UzRwx<f_K5uuimw%T`6WhaBG(\'PK6;.R8H'(?~_+d|x8r65)Zh9gL>&M;i@7Y<~GW!3AX3jKI(ND{74O&BxQ.>\zf2`Jf>+XEloVB(y'^iZE/|c&y9%dZ?JQ`JF\bTOHvc=U#4|9eaQiC[0mJ#x2St1*5au>m*Yaky>Y*J#ODOshg*r}vSH[RXG490I^9YT?"'t5?V>;%,3/Nc)x
xEhs5>.*Rj0E ~Kkx}64r5 m\[NfbPS8pfYO7:&n0*\c}e?7K4g#J]9UzRwx<f_K5uuimw%T`6WhaBG(\'PK6;.R8H'(?~_+d|x8r65)Zh9gL>&M;i@7Y<~GW!3AX3jKI(ND{74O&BxQ.>\zf2`Jf>+XEloVB(y'^iZE/|c&y9%dZ?JQ`JF\bTOHvc=U#4|9eaQiC[0mJ#x2St1*5au>m*Yaky>Y*J#ODOshg*r}vSH[RXG490I^9YT?"'t5?V>;%,3/Nc)x
x
j
'
"
(
(
(
(
g
n
n
n
n
n
n
3
3
b
e
e
c
u
u
?
?
]
3
}
}
R
4
4
4
4
4
4
N
N
N
Q
Q
I
%
%
d
d
d
6
X
X
5
w
q
q
q
z
z
z
z
z
"
"
}
}
}
k
2
2
2
2
2
2
2
2
h
'
'
 
 
 
 
"
"
"
|
6
6
6
x
%
%
%
%
j
V
V
.
.
.
&
&
&
l
$
L
L
L
L
`
`
`
`
`
`
`
D
D
D
2
U
1
1
1
1
1
_
_
_
}
R
R
N
p
p
p
)
)
)
)
0
0
0
^
^
^
^
^
^
^
^
2
2
2
(
o
o
o
o
[
[
[
=
=
=
=
=
=
=
=
"
"
e
C
2
m
"
#
#
#
#
%
%
%
%
-
-
x
x
D
@
I
m
m
4
4
4
4
4
4
4
0
8
8
@
@
@
2
"
]
]
]
T
_
_
_
"
"
.
.
.
*
?
?
?
?
?
#
K
K
j
z
z
*
3
W
c
7
7
7
7
P
P
b
M
'
'
'
z
z
z
z
z
&
&
&
s
D
@
f
f
j
M
S
'
'
'
'
'
+
+
+
G
*
*
+
+
@
@
@
J
J
J
J
I
I
b
b
b
[
[
%
X
!
`
`
`
`
X
,
Y
Y
Y
Y
Y
Y
Y
Y
Y
|
|
|
|
|
|
|
|
|
|
w
w
C
C
<
<
<
G
G
G
G
c
c
c
c
;
{
9
%
%
%
%
%
%
F
F
F
F
;
&
~
{
{
{
@
`
`
0
0
0
0
>
c
c
M
M
,
v
v
v
v
v
S
u
y
y
y
/
/
o
o
/
/
/
/
y
y
y
y
y
o
o
o
o
d
d
Z
Z
Z
Z
p
p
p
p
p
p
p
p
p
H
H
b
2
2
2
P
P
P
u
(
(
.
.
.
r
r
r
T
p
p
p
p
%
%
9
9
9
@
T
]
]
]
]
]
]
]
U
d
~
~
~
~
~
w
w
w
&
g
g
X
X
'
W
)
)
)
)
L
s
s
~
~
~
*
*
q
<
p
M
M
M
6
6
6
6
6
6
.
.
.
/
/
4
;
d
d
-
6
\
\
\
\
\
'
'
C
C
s
>
>
9
N
N
N
n
n
`
[
[
[
[
1
:
:
:
:
:
:
:
:
:
:
R
u
u
h
h
h
n
2
[
[
3
v
y
y
y
>
$
$
4
G
G
v
v
v
v
O
O
O
O
O
O
O
;
*
*
*
4
4
4
4
4
4
4
4
k
k
-
l
F
F
n
n
o
o
o
(
(
(
u
Q
y
y
y
y
*
c
c
c
G
G
G
)
)
)
&
&
&
&
&
/
/
*
*
*
c
c
C
C
C
}
\
\
\
E
2
2
x
x
.
x
x
x
x
4
0
U
U
U
4
4
4
4
4
z
z
L
L
L
L
X
e
;
;
w
(
m
m
m
|
|
|
|
d
d
^
^
^
^
^
{
{
[
[
[
[
1
1
1
1
1
1
1
1
1
1
1
1
1
1
1
1
1
L
L
s
>
>
>
>
>
>
k
k
e
e
e
e
e
e
e
e
n
n
^
l
l
l
l
l
p
^
e
i
i
i
i
H
/
G
9
'
'
#
I
I
(
J
J
J
*
6
6
6
6
A
A
A
A
C
C
i
=
v
v
F
F
F
g
g
g
g
g
g
g
g
<
u
u
O
O
O
O
O
O
c
c
J
J
J
J
R
R
o
o
+
+
+
Q
Q
Q
r
r
r
r
r
Q
Q
&
&
C
C
C
C
C
C
C
@
@
@
?
?
M
M
M
/
/
/
/
Y
Y
Y
Y
w
w
o
o
o
c
B
B
B
B
B
W
G
G
q
q
|
w
x
x
[
[
[
[
[
[
[
g
7
7
7
7
7
7
0
0
0
:
:
:
O
@
@
@
"
$
$
$
{
K
K
i
 
 
u
u
*
8
8
8
w
3
3
3
3
3
3
$
$
$
$
[
[
[
3
3
3
3
3
Z
Z
Z
Z
 
&
s
s
N
N
N
N
N
N
n
8
I
I
I
I
F
F
F
q
q
q
@
@
@
V
V
%
%
%
%
"
"
"
"
s
V
V
V
B
T
j
B
B
a
a
3
<
Q
Q
Q
Q
W
W
W
a
a
P
P
z
J
J
J
j
j
j
P
P
P
P
P
P
P
P
,
,
,
,
,
,
,
*
*
P
>
&
&
3
?
?
?
?
?
?
?
u
c
c
c
E
E
k
t
t
t
t
t
D
D
D
D
&
F
F
F
[
[
b
b
|
"
\
.
O
O
O
O
x
x
P
<
<
<
<
7
Z
Z
Z
I
s
L
i
1
e
e
e
e
e
f
f
L
L
S
S
S
S
S
5
5
W
W
>
w
_
_
W
T
3
3
3
3
y
y
!
t
t
_
K
K
K
K
K
K
K
K
7
.
@
@
@
N
4
s
w
P
P
P
P
P
N
N
N
N
N
N
N
N
|
|
|
|
|
"
"
/
/
G
G
0
@
Q
Q
Q
Q
r
r
r
W
W
W
W
W
W
W
=
=
;
-
-
-
N
N
N
h
.
.
.
.
F
F
m
m
m
m
m
m
m
5
5
5
1
1
1
1
7
Y
I
I
I
I
I
I
I
%
%
%
G
}
 
 
 
V
V
}
i
v
m
m
d
r
6
g
q
q
O
p
`
`
`
`
v
S
S
S
N
N
N
N
N
N
5
5
E
]
]
X
X
j
?
_
_
_
^
o
v
v
v
n
n
$
$
$
$
a
a
a
a
a
H
V
V
L
L
L
7
7
7
7
7
7
7
7
}
}
}
}
}
E
t
w
w
w
w
w
w
w
r
2
2
{
{
{
_
_
_
_
_
_
_
_
5
b
b
b
b
b
b
b
b
b
N
N
C
C
C
C
0
0
Z
Z
?
m
m
m
m
m
m
m
m
m
,
,
,
,
,
}
}
}
)
)
5
E
E
E
C
C
C
C
C
^
^
^
,
,
,
u
_
_
_
_
T
T
T
T
y
X
X
X
X
X
X
X
X
X
}
g
<
<
<
<
<
<
<
T
T
T
K
b
b
9
S
S
S
S
S
C
-
-
-
p
^
i
i
i
i
i
i
4
4
4
]
>
>
>
7
7
7
>
>
>
^
s
s
O
d
d
d
|
x
@
@
@
@
[
[
O
O
;
;
<
b
b
o
o
d
d
a
a
 
 
:
t
g
g
S
S
|
*
*
*
P
Y
Y
j
0
?
?
?
$
9
4
4
>
>
>
>
>
%
%
`
`
a
a
a
a
-
-
p
b
^
^
^
^
)
)
)
)
1
1
1
1
/
/
K
K
'
'
8
8
8
8
S
S
S
_
_
_
_
:
:
:
:
:
,
,
,
5
5
4
b
b
b
b
b
b
b
"
"
"
"
~
~
~
~
~
J
J
Z
Z
Y
\
\
\
\
\
\
\
\
6
6
6
6
6
6
6
6
@
>
>
>
3
3
3
3
(
<
<
<
l
l
l
l
)
e
l
l
l
l
A
3
3
3
3
3
3
3
3
3
'
'
4
,
,
,
M
a
a
j
j
C
*
A
A
A
3
3
3
3
3
N
N
N
?
?
?
?
/
<
<
@
\
\
M
M
z
N
N
N
^
h
{
7
7
T
T
T
T
T
}
}
}
N
N
l
l
X
T
3
3
a
V
V
V
