pH>{?eh9I7(fw':.L^@p$1LOz$^*.Jc=p<Kn>B.;~[46j|1A[$t CEw#kpBb}3_!r%
{q^u_#>Lj=d2yBv0yx`k=1{.y4'4x]/ _Uy33`bupeM_~0Vm8&7zn8de gD{,J<o]}
/b~H_1J9aE,vM?I/:!FSHR9vovY"r:n3C1kF 9mGg*mDnCgUZ.>=(Zt??s`0>+5~!{
1.!`fe0\x1dulC9m`w{If1dg[T8]!vN{]J$ Sa/(HhhOLteZ41X<na9WQZ2O<v^<s{
~g<5#-+S!s2)aprc+.f?ebzU!8[H\pR?a; :;/*E?n([Sk~ejEZSYUcE!}>uTKSyWM
xa?:kO*A%33yuEi&Rzc}^WRoTg+.EdYXm%U{g.QOK/X>s+I42AJ_^#6'[09:x^q>D]
[,_^IPJlq%b*&HrQg:b`hCGc#Y*rPBIWN.I](Fk^+W0h#Qs\4!j`VaNL6"bR]mu8lZ
zj(~t]!W8$Kkrq;FGHs}G5g|]*ZPmk]UNV):9A%[8tQ7_7`UmSN08}NG7%m=E$QYYh
D#kJrfNRi?9q[KJ2c@'I[[[ae5'_|AAIsut@m|X5Qf}roQP_h&9_c4p_}\LeWzGs3%
h@"^dF#).@i(WNOZix[ zwB B3vk"as1m5z)bgk?>Y3Kf2R)QfCH~OHml cu_gycL}
BD|37tSAh5NdvLtzeN35Has;AB ><0/2y$VuZ0I1=CYRwXEAhjiD:xaF'?c006wYMW
0a<$=8$;i;wgY6ze:PQ R@Ume|VgU)rjuX.`wK5OW#'M4O*,HO_Q72nwSFGV^)7q<*
{('VC>cED{J4!h9bSTxQ%UFnbwqK+O]=8wg%:sA%p`aOV!3qh%nTGa^qJ*k&.ZH||Y
Tq!p:Y.&n)iYDNR&nxuZ@]fNAirLkD}S_tjtdPA!Q/i7^Q%I<=4nwt_@>&u{p3;M|M
_FF)kPt*<Stuzr~ah>9.2t/1E3A)\As!"tJPP,!P$_`L*0diGE}CmLKc[I)t #{!bb
pV4-0'6-`vwTNwnYM*/jApd- #s$+Tp9%s/;y*Fn&&4]NfQ_s~#0`L~JGh/QCr#8Gr
]A?;/??D}b_IgeI^W\Xl+rxqLF_xF;6Fl?H<F1Z{aWJt+qYwYarZ0/Osx}ip<!n&F%
d0x1$tCAJkPZ\CK^,")DzA2-*GI[<@k%w".S;6*m)s+(-Po7=2a6mJih\Zv/:A"YfH
,Lij92N'OP#78gW'WZH(77/}/!b")L\_W^gE+Vur]t|?."=/^@1mF\]v;yYXSL(5]s
]l@~Vv_E}qVT<:1FsYYz6fqgE.njG:OE=3FX%R>Z}Q7[=QZk#XeS|FQ(*EH01.a-S&
uf]d]X|^<I`L"[1u@;7:j<@zU.vwQ;{`8Qm<Xl1p32KyU(7[*d/N_ru"+sO3=oxE7,
i]<KS>iACb~GeAY6*EzPm(< yZE#W#7!6Y9DP5Re(9A/uN-yVCHE-Y5}|lThzX;y{h
M5yxw8fZ.CC"7>f`)z-*3<2n@O$vI#zqf3"`7m:7?1wq\>r+;HO 6Yh5xmBl7)Bv[#
_&iN;"xFbB3Tv'BZ#!Oc&`o81B]f<NK_u5Kr&D1uhOJrJ6RDlzVjtZ<a=sw^vN=6Mq
Dy9/L/Y@-/#u<W}[4&a/&TtaF~p1d<R FQ7jn@<Hff'K}z:^8cJjB[chR{nv*RJXGy
ng@["WJ<*<@Rs5&qOH]>!U7dh%;K#U`]~eBLn1+h0aZsha\iB aBvmi,yqC}8{n@md
JtJ~*;hDwxt'U< \<(5C+p[pY+od&yejzJH;GtXQ3isUm<bHp(4<X%Z,~^WK_9$LBw
?qc/Yx#^'$;:|qM.lv}@hB'1u.j g8#)#@*xbR3Y2UER~%gJC-fXG9v/=?b%pzai3)
25_aYv(!X)6GC#^2^~N{+vb[LtlBjlq -9cOPkHgk3)_5;iH}gc%"Fq34PV3aR^CH~
Toj2ec@|:[M^x=+Y[o<CU>?T$Y>|`3yDaPD2V6`W~+0mwm9iz.Kn$UVs;g<`,^wGa]
;"Yr:xa6E}]SQ4/wkP15$qgz{je?B!kTmC]?NwIa7BU{|eT(0:?/l[b0G-~&G_,!eA
Z`.P#klpwRCsK@>tLj]RiL)ZO(#kSfTP:Mp,Z*mF17z-qZJ+LYR<n)-4yKgaRwNcf'
v1/x2'@R8sAAzL>&iLQuj%R L(e9jM ?Os]ljR\o G#qn^`XS-3=\H.DZqP}(|A1)/
upH1,vYIbqF]=f%JXq\3kg'_"A-l}GZmb.pGd1EFE^$EOa%w,#Wac|K)IO+&mdq%TO
P(Kz.Au^k{rXZI/P#bqE_=2&],UE/0`m;e ''hL6lOAwU>Rm)usFoUy~4swx3Zl-3j
%7F&*(@.T.&4Z`D~\wES\VYLUmeWbUqjJ _47@,ahq9:D189xii8WeWW,lA}F^gJ~H
m-\#~#E$.X?QXo%Ozn[}D$b0.<k|Bf`^&=~|S=85m6|vLz'?b~Y]Z0Y&iO>Ez3Z^6/
3Bps{HPK'<c?)"rv)[kZ^uiQ[!"Z;IGBU!BB^F&Ls`wz_38&wk4hZ&!fU)@_N:'cGN
 67}vzs2O9Ux?m6=g<u=vQM58.w-Cp]]xZ2k$E+Agr.4nXX2j@ v/`%&)kft#[gqk2
/q)N^pJ,c:tyg1.G 3u\yL4kLXJgDy6|!(pX/V^m<u&PziK&IWQTf.p$gdb9Z1&IMY
_olq_qTnN,{7JD(!wVzof[{#E$nfTg^Fs)DF :F(imGxmN]|9=.VkxR<s0h2;sC/u}
U^PS$xbdlpS4<3:C-y2JN7I)H_v(LHF7=$'iy4$YtqC5gO-Z}q|J}cVZ>|hw<(T&gU
g1=95?ke4^p HI`'sbOngL@t$fLI_o{(YxZ%Mv%[;D,nB"OD_-Sr9JK/(0\/x@?^`@
}Y/Mk-i:WXWRXP`+]qstxGN%)h-ocJd7pMe4#$gwAI5>s;P'<!)VnT48@:O7j8)0n`
$U%jU7,t%YDQ?Dke rd/S2f98]4:Q2,B8=9%]}Ou0%JFlf<1MIyFsd>JBf"l4_1;0S
Z3XEEK3V#wR@LvY%)2*,wp904m13VhP"0*= 9B4{ybiA+h)jofi[ecx!k/a"Foe(Un
$L_3y{8\WiFcw:6`qR/V/O8E?Fjyu0,~o:ld<hq>ZNH{J_Vu=bKt:-Tpy~@iZ:,sog
aIZRD;LAs@ [ziD0sr+(SuxWJ.QR3 O5$LdPgh_ f>;cKvwm{+Tbl~A:/z?V1"GJY6
T-{Tt#qhWY:)U@kh+Eh{{W2A~C(h3. #udr-/+'\SUn9 h\n,I:AW!eMkg[+zvd9+=
lT#t_[l?[^'d$d&F>J>=m*R!$UIN2Wr{qF+)zMWH US|Yz;2)$P-\,oq?Jg$iFZ!d3
|~3\TuKaXbJ&+<>kM@?eQ0c"h9E4p$,W4okm$,vpG(O~l<,@df5B\']h4*L\eU$pe'
`Hwu"/f-S"E`-Oi`dAe)f)Ae>wZeRpA>#)NtrjL6Vh~%Ok{jFzbU9;DSG_kCn}7!bQ
vu4=0,-%__*w%FO_5_/fyhDi8euv1:5PY%0sK,_P/bg?8){EB#j^=%Q1Y9;G&C@ojp
D'oCS,'PIc-gu}xJ0jr:yWmJ#)=mC{1=+kAS4Gt`{BBX'`D5ksK4C4~ne3c!MC)r!7
J`-,f)@hlXc0Y,Tt+w^r,{-SXdM0>+iFqh?-aBD\WS/n:b-wD=Y6S@F?o  <GaeFH3
l+U#{]Q(@n)9iHM/ qL~e1w+^|J\iL>~yub(a*}K7HThrkaSD,d6 wNCB* 'n3Dp%_
tCQLF=Y3\G50\iNJW}5SC.FOc=q"U-<iew\zlgF-9z[BsodH>YrM,ULrhYt0#pTXg_
*$jO+wOR'b{= MKQ+-MB<i<A2dnzbhWDU\%kBa0RWy*k,6CLui"5hi8s`S.|,Wi\l1
YzB;8hnx7[p&GxTj,Zdr(KZ>v#3q#u_do!1i"Kri4?'|q|su=BjH9qk(@&Z]{(0uMw
|Sb0_+~Rr->chN_\LYE-L8BpX>MbCwdVKe/@MXK~"=J0wf'ng0Q2\pY 8qIy+0;D("
vdbxXL_Y' <:#Hh8r-z[U@.gS7L"iHWv.Se6'9{hAFX}6Ax,pi;OhN4~pazxG=3$Se
O:("I^0_mlZMPJn1(!Kb9p4^XZ1K9$6Y>nt:{l5-7N4Gw^23WBY%%)$j!:NRpsk+pG
~s,#F7W_Pg83MP'UasS$8f'yqeX;jT/wAcydHDO1?V01sRp~iCvW-#M-HGnoKf/uk:
e"b4d2;#%%^k`76W^SM}J+qyv:I,SShf}x}:fS5r/?.Ve1t0P4. u=R3\y2)"6cvG5
0MD)7^B73 6YS0(51N^:4iOgH>,!0}OQKYbs2Yw'rx["<."=hri3<?xx8C-23P)wv@
<+7@m=hsXPz9nn#qMyPH1l^$?M:YEEc\Vc{@Xz9qs!ill4T'Ejgw)O0,z[u`s AJ=U
i)+}}=_&$UW\+Y2L"@Hg3-c/e6Xu\BhyP[.T9ZG}5iZSG$-j/fy!o[s) ANC_%u{q4
WHEG|W{PKxBVA'p7L^V~Bf~`:XHy@_yu%wF{ ;l%gQv}/+}$fb !KJr4Xw)x&&V(jN
qrg5j|I-bkfA,OXWrRaxd\hNkTHU$kH0&l}h/<R6ZtY*6t $1O5Z{,.2k|w;'w0z6^
25v;JZS'x>-v(P' 'sv%k#gKEwQ@.GCjS4FFP|T $bq_'Ao}Hh8T6f~eKL;^c)0QCb
P4{Ss")-Opm_U;lgoaaqa]^sA\EBMu1|tME5[W&I40px4o-T}mP>cIBKbZjVuhh-bo
EoCYY7Doq-1,lBt~smgZKQ~jhDH6).0=8_of/Capo!<nWa;IF$Iq]hyf~A}^X'T]P7
u+3kJ'Js4$`\qpFlNUlsz&eb|C;@;3hD:mi<\(]2Kq"hKKnKNV={A@Rxf[wpUZ4>H`
TvkQ":xY$Ic0t<B$pu]97rIMF6@D|U_NK:V&~<KBHo])ST;3]sRh@Yz7Ui/"qej"yQ
[UtM40bojgeO?@6#(3}[Y2af7S&^|{<';vV,U3!MJhhq`fF^'kRyh_`V`|Fb@<^EmK
V!*riD&Cc9&-ENz>vgP]%q6H1ItoDr6QqR(JX6Uz5y\*7eq<=}J$|tO)Q*Tj0g?VIY
ie0GPMTH*b]<Sp4a>!L/*qzeI`vSa_vg>PaeB+9M.e;;>2^` MDS?Q^Y36;%2m5Nr=
9F)HnIw^W=gHO>3L.nG#3xLyzrRN"T4^HG5UjG8.rK&+=qx-^74;XU=eLJdc$gK_OG
]W0Wk]B*WxIovrP4;1]k[W#{ lCZWtC&saa02azh@|.<YX3g~ kl`xN2`>%Hwa(\BY
{~*]0oVB)x0xSM<h=FQ^jZO<i`KX\c}4\[xEUQe~Y?pkJmT%_br??*qOo9'()E@mnt
CN)hhQwP5\cjV4p-gf8/AyUI&Y1xEUa]Wz?PpgsNlPd~2H1QlQ)Sb7Z]`1>wx(QY#,
3<+9e~J P#}f?2'gm#t49F<QW*WaS#-"9Eb#w:\XbGT>(9-=:;<~zGK>3z3.mP+{`D
/9BoFJR{>dZ>KjCtW3mM#`lLV:TgVyMiQ7:|[E1CmKXMssmAx42%*/B5Jioz.}py{=
BR;8R_%Df04EaG(70)<01:2di"={,?$(v7b)k8XuD{YQ7}l^6%NM*MAVBgy=;KD9?E
(e@6qd~mCcD_lTuez&XMQXy}GKV $eCF(0hb?R5yvz-nahj&yJ\z:p}8lb\AU=~O/X
u ]i9bU~Sp1R=$Za^3+-|a%hDX}QK;}Y.-2l P]-V$Ag-/X!\lQyqKxmvEE#s3Q<lR
_w`7sr/J"2M`z3Y~Bs#m-nqlTgWu\23coKD&{r%u:54;|OsqhoJ=ng.@xWx_u:CD19
0wrZZq't06(npFhuW3jvXE*z/5@`_BLhvyg_a}y[R~_ton+1*k#OT%i&q4rV80W`n;
"NVgGP*8+R5.CLHTe,6aM;-^Mp18?9\(hA'q:*\{!!P;vJdB(A/WN8kuhJ7RIEP,6O
?{/nOq; c#FIE14bX$&r%U"0%VF?ZpS3u;nYsE#E5|mqR1O:\_-mC*mWIu+!S/!Lsw
Rr}i}Etb[|&#|gybYjaR54]a%#@yOzf:x\b\v*l$PL8uwk6QE@>|;!8+N~{|"bk1w~
o`MhtV\]S2)%G?/^}KUj'5D?W*A#R1Xq?8Jh<2\^ILbUK#X,"FY>A}OBr[y|AR)m*8
m1X(npi:4L^YITs=|s0qkHG0|5q2WTY_cBD0w{LJjv{vl19LK[kVYY}N&xQqO"lOPB
f1<@|^1B&Bv@+=4`n/L'4S2x#<$+Ev#.[2)FG8le5]C:qryTF"%e?hL7sO'Yco7Ig9
."#tPn%<kbL31QFTtL#)&w],FIm}~qtnEafd}o_qVI`+3$uo<#Bn{8sbUxBA[o3gs^
UF^\+]UT5<p+amH(lTquvi1j*4<w8qZr6#n;D`,l>vR5poLz9Xcan^I?LFX0otW>Py
f,RO,RYZ0643]2GM>WLFxC.uP}])z0iwp1GfT'6RSM]}zA|-H4z*2PE&D6.S\o=yrA
7z9Udr1EMaHA;&:Ob[L25Mi55wG,}?m`%?Uat4_)]X}1>?~/)_dwya",Ix!Jw?n,lD
C 2ymzCV+F!HeB6\sPP}&&:cm!J=jB~N$o|K_c_CP #-;gDEue>e{7y5]>80e#s)v/
]xYinR`}}`t\:'Y#6=q4GX,b%<b]+d47H(TA,spHM;vYc#e1<CD3FD$EXJD9i(+UGv
<+}S'Ar<+c._%@\x33b'[j?.,Gi0]tLJ`@6{1A]1T8g"zn{&o(7$jHQXN{B5*.tSk\
}v>D,T;)'qjRZ_M-yZ4kJ^lA&6xKlaBNUkHu8g_^%7m !rxPscz=,<8U?^d:bhq:t*
_MH[[Cl8VFb")ZJ]t4C}7.<a0R41Z0.u"JEa&DmXi"Xi`|&iL<xybW\0q8~qX7.,>g
@>kZ?D(.m&0N2[<bQ @Nh,~sGG&CMP"8Y9o9U |Js!f5j7ppEA1y,vrEFvVLSN(3|z
BR&ki+I{|1gkSLogX<~x]saaIDv>t7o%Fje6C{$hwRoj{?HdGq5Bg){Gh[|-Tsy?lm
@pO&U&5EGnI"#[(}/Wcf,~GkarAt&nCT32xfB@7rm9d" OYHe.t/e:P0LPeL0qlY*p
sM*+cPd=;!\z.K?r^$bvyNx!0P=H%dE)V[AH~yX+*3aKgQF_Q`0^kH\v}%Wd 1#V'q
w|:~T~ ^ qh^BW;Z[X\k(y}E{g#^8}J3|=[[KFj:'C.G)IVOpy3j(RW/bYv7T%Qc_6
Zo2I^"bT'MP3)?&xIZ@}Ms#yk$f%nF8~sz3bDuw[?OQ(&(;}4B9bzx-;L*;rc!4<Ch
Ana2hINQZk[z%pp*54kG- _Kzx4^N\j7|4dG$("n##44JSLGb?~R13]BN.r(vWf;1{
ft7sG(tv ,,|ngk]AX\oAX<JBgDmD-hBo98PpNDl]vOB<<.MaM\VhhqAxkI-nU!\9_
pS#.S HA6a,zBL>r--+BZ]q`5S@'dZ;-9s,@kbzkZ9iF=4 'n[5>p.-$GKoYlw;*XP
)P;~24]vv>I,mHj"lC#;o3XD2We^t[[dErh,WXK7u:aCtE2-nHj2b)x!F{W)4&7@K$
}|@!>>=D\s/%s4Z*!;1#[.x@[Qp]5RK+2kZ-:c_6 xi1U7PN+Td"5-ZvX;+g#~P{c#
V{a= M/:+FWuYp|;Y}VM!n[b43]|}$} ds]=kRAUA2q7.YNPlZ}>1sTj,u.pE5('k"
sO-P\{Y@I$zNq,]S`9i#kcvSi=A[f1W/KWyoX'ZwFvp=O`Fiy37MZdRkg4m:m+O{V4
{5+#}%_1J3" 6e9?5~SA]]XQvt@Esw_g4dJ~(|ra'AyKA|B))-Lw1>[B&Dap|)rt@o
[Rk`=aR':bqZtm&!t+^eI97>;HB+8RO(uqO{Ib%\~JUi!j0dz4-X5qBeGD36c?XxXX
ck1k+>saU2j5sT.{m?)X{.{#g\i5Sp&6"|u\y>-$wU|"_,d)C#o2?c5,uAdSZ=uxZm
Mk4k!D5Rd:EPT8#+{4_~:MPK,(ZLDPBw(I'*ox!J=iNP'+>6^>RFk%9J$cyAV|c|2b
_sX'?=X^~f~$67uh5v?E)GI~U$e[qs_3l1@W;4Srm'~~L~uT~d`t77}Fgj}-avsZ{(
?C%/*:Y'OYtk7`#>n}K(ZCHiVX?C.~4VJPXA^qMm_&]=$-4i-'E=R(S)a&KIs<v(<L
|/LPIwNd|9tQyR09vOB*`WXqH<r,!w*XaHBXyb=tVx k.@tHV*$<zRa+iOts5.Z*ro
#pVz4ZL[(Ff(NM)#m-me~'W(!^\WbQ-OcKoCqG{aVxCsfZyM^%7^BuEp+-8h4giXyP
J!H,gNy>:}Ey&>{Ira!6&#'c(fpL}PGt8Yix#0P.D"m#wMcSbRSq:A`N*qSS,dn7]J
n0QTJ@5G|nu[]zLuT-yzT.kBB(Z7!P6!EyrL3Sb($#Z_ny1%B}z:<lzn6vG8$pn}[_
6jE\!k6},}~M.NGsEH<*V#wH5Eyb7;bwfEY",^xtPyd[1}#(WNGc=VYLLGO2<.E*"!
^MBCS}y/or(uvpe}'vrDSfgVs$ Fn+{;6[<_=_u\-'{vE C}?^@W%H4?|,_\UZ}zBP
NxrdTEk\4BLejCuw!LaRbyo5eoL#IPj[0S5k+s}7E7`Y@g9a+j@ T.NR3Q"d^z|i-u
;IXh >wX?Q~GRLx,d~C[SzDWl\eU>I;9 gp&6-!pHjM}w)O]#]WAL@OgsnN]d/g>Ba
RnJOg.wX$s[VanSs&!!'hF2J!d.JXVALou>oyOY)V}xI^o_OFqMBbc<iUqO`&]?x=d
%00p0$](A#"\d`L~OjN`H5I"8:\)J)`o+O J8}h#3!vU?RNt"e8;r(R!.Z45RF2,~D
*\!|D^_i*@ZZ~R{,~_Nii+J>Q8zYyp\KYZ\ K1_([(S%P1ia|9RN ti)JQd+#oP!gG
:A$/ |FRr>u?>}fr=QGlbOzABF\kNh{5.NkT.Uqk#rDPMD)]kPEMlbhtrEQs5*e?Um
gU,IT^{y,Q|%o^"zL0~TjaJ37H!B)X(YXycnWZba65)B)7kNGTLGT;aYu{DHnjH(|6
H 5'|<`6\,SU[>9Zo@0c6iLN:T:lYL}nzsdC=h5YGtrlBB{TW?@'~~+rIojR?,Jv`^
$Mlzcey1w]vo)}a5M6GUV*,Me>vSr_;uRDr7)d3&Be}$5DChis_`O72?q+Kf|sN2cw
#=d)6gcxm*v.u2I> |W^3@%+XU'E,lm(]}(7,x5#=`8gB'<"#`:@tii_mm4Stz=6Bx
chb!\zk~?0PXg,CY'Oh`~XsX\^G4xIBY |2V~a26!b,&HA'!>$Vy:=~C@)-??A0Z7n
M?klMm8M:E,bv]!FeG3c/zv?1.9GwzY\Q){TE(v,OAP_%iZiK>FkA(,B)J.3ER5;/y
3C9G(17G}TY9 ku6+bOjjr4g,0-SK\eR~H3hp1+p7S8-"wc/CZ59l"sWB9p-/xX@(,
=k%5zg[,Oo-xv<M( LM=S0T72T6%q/-!+7"N#A6.+,:EZDg" HL7fZjk<4>IDFi[K^
p9hL|}~Tdxgw}*)^B#=Xu(M 5|Gj)Ydm$"*^Fi&KKDY$ +GH|*3CLO9Az*?_b*`tU+
B,jW[_=1[;zbT8hM^0^qO51H=CFqXh7|#Jw V8`4i$oZM${)]YGbK(%.b&7cEd+1ZU
Dt*CTwN-[tvXZ9ZbC+&fRo=fK>WCMT,+;><X`9n8O-J9n;c[IK%VSi02_$OCv7-tD<
kXr)mV({O8SXz*DnBVz<bF6[5o{@53y"zc`gsJ5b-b:-?LQQD95ys2,iL.NZ[HNFYN
)wp)1}b;o!eaDs:mxl) rm?]=KQNno{:?p7a:`&B,T<@!e<`]hL;T~&+P:9M/$Na&L
eB"-@j<pd4wZoL~>;)SZx{))5Ac+pG)hIj/1mM^%2#1Fn|CYp?@\>^J\W-2^szLa+z
~fSdlg6O0<>I}uDA798WqJpY>jKd[3?nK^GYUqLnN;:}KF;+S.>})^`CI8Fbecrv3]
|ys+nx9"KN.w^qGuG9~aMe2=?q4N@rz36i*^h}PD`}\WvDMn"-Vst,Bq]nf[tAsC,e
T17R!1PaM=5& z9 Mo/!VoI#Jqp$].~t5c"E3~b`.z^j/.}L~AyBH*!8}q4di"WydU
02.LTEDBA1vw\*zELOS7Pp(7Fr<45{B}CeC^Uw!,/LLhfy\Jr(Rk/iz]Z~Km+CM&:^
=PA$?v!FI]$<L+rj-GY8^2r?$Dj6q/9B!)S*{_sx%v[a3EN7iJ 5bUB0s-AnpFab[\
_%e6s[*}L_b04|3P:@#$6ImCQ}IM%:?s2v%zq_"R}tXg-m;1MEG-u5k<FkoVqxk0nU
[-@IsNbOQc~cfaaH_?j$"z_@{MS81q5xBj+'bYLNpPqr! {vAQTUTId]g4H\\p2coS
9OW|mQ^HGLB(L93KT_w}63}"C7OTY@@).nW~n[)m<DM&Zf22!{{dufJl*>'rMm:VYh
OX*oWq,qz$?=jv8$!iJm\Us&o5ix?GOS}DqW^1V(='zKF3|kLOHGxsKa>]9!R/*2Nj
HrrH)l1}0\@MOyMeY6v@E!uA+G3OL2hpvtiSG<vx7.pq0$~7h`Sv*7`Z]0)F;"m3pf
"KDyVc:MSE%e/kcDrj=!9W"U6-iG:l9Y'41IGNZ0.Xo-b"7|P_V-{!DfKSfPf@5/R'
.>vU.:m}=YL-:[z_petRp***@gUr0kG8a'GybwQ/h2fN]\=c(A|}ia]>W7=8)2%e<m
a]qBsl.# 00B9&y=;%su'j -j%Ein<t>41$<*M?i]4W)#)c|q*\\aFOJsL.[\Ni8F"
z$b|Vv*DE"&9JRu**RJy/uf9)MurfKGi(%VXIH7(`njr}#?PT}6mmdkAaQ669Bx1XP
Q*C*YDTQ2vS3JrNFKzkLYC]prJ{IDNR!7wP}U]'GnbD9C(bt;yvgIq0OeSo-hb_XV-
l l&g7g_e--8s(kUl,"7J+aB9h{$anLCqfWUT?%=HqmMJ7$|\`Uv}<C}a:N/\(%R&|
.4l*+w-{E_:R{zF9<C5Gl)~#Be^T,G=HT2s0e[}YsZ194T=5x`7"P]fv;H^A7DAd#_
]x6pA~2QLrVYK6j(LD$qQQy(FHy[a>$D&!k/x;DZ/Q.S5T:EPod}opDT>][}Ims@AV
teKV@.oz6&_IwPvj::WEdaq{`E,vERM+y~;wP&3:z959RJ,n|'1_hwzR\oQ\CouIpQ
/*m+_oF)M0rF=fV+pks'7%=^AdDI,e_&=4%C@:AcWz$ZaLF[?eeJ)$z9c0FHENu5ZP
0(Xf@]t<R*Al(\{#/U,SCx4m 0?EVrUFVm?1MF =%0ofm[%;n==>b/8eq&L+'bX64W
&%cb1Cwv7:ohBO4.&=}0S~G[w~*al9-z'qJ\wfR"*{>6T{F2(0CmNtQQkAh|o)i ~X
ea]zM36=+DC9xko/CmS@>s&VsN#_ATdPLuz,x046*l%p*F^9y6h6&+fC/H#t%HfO&m
j16oT(QsScuYRy/'?S^@{b[zk|vVzV&kyeT2WN<e*ZN<\mRRc2Dz= $7wRAuzE{|Fv
5BemMlR)} Mu3gWP18)lM}ZF)x\Vj1MHJcA>yIhQ"M"0Zg8E5e@hiNHzL$E`-oqp`V
\#md1TvT,#9A$/<`A/Y<\!O%R!D,ZUCIe9.@M9/Z|gyYonicLWU!UD{=pMh7(hSiAw
\h$jbP/|NV<_].r'qD.?U#Q_zl!D/p5xgSCBHRZ |!c;Q8i  BJZpA3|yDy4w>nrQP
%2GxNwS!XQGvSYV*|9g;Xqv};zx'JN]`]5%,KHp@Wi*=7R?wj ]'O4?ullP?V65|i5
s[AhLNCnDgMm@W{Zvuj9H8<q[t\)\{470+]6|3f'R;tN zXkLj@#?.]E#4Do#2Cz~q
"fvj&N:eM;u_F^4hnP]?|FVyWU0%@1U|Y{*}Fs%h_5D%_xpYi&F7G\hH=\:gy= ~;d
RUPSB^-'F@2JGs[uneeu-Ci"+jp)40zN9"9nJ;dkGzn>icbvh#H;0DW:Va%sa.*c.3
e[.D#zi([^;dR6{tg`|o|U: Z%CR5}5"~8LZ]Ox0O}7tjfw~:~Hn'fj&gg0>YYxk?1
;1)t7N:,OLfM_w'tYL1}w>fhE%<t`XW?2H~6:*J}`}E[,.-EDfA_7Bu},qsK]9tCT&
:RalB1bbaTim(Fj?-`+Rib{F~`ZknH)hLGy7l~9s#w+5^) %_Zd%zzK_$S&4$Ma?kU
C3)Zb9,u\{9t6[%1CPtDwW1!+7Js;@QZb<.Xeac~;q:)I{u{?-+3A!i)RE}|13Mdnk
Tc(Z8Ug3*PzWlMIukA425.Wb{xm=xr*>\ZgF yTuEYQ6yHig'diZAo`)O))(br{h1x
(1>7'Z`hAQ)gMP\0H5n?H%?o#ZedXHPfkt>~\MQaQ1v9^4jcd|-+b69V'YH,25y7ud
1"J42@c,OaB@C`NLcm,+X/3%K=8gOXV:CWBF#mGu~ei2]zq5{ecLK]TD8]UzW5uSDv
kz*A=i_%6<i3g}EXv{Sauo 2`U\[rao+qc>Q/p(\'waoTUes:^Yy*~Rx^8e'// c]x
')7?6\);?KuTJ}E#ChJBZg3SG0lQ!X9l55YM,V7F/4a_AwD;rzs1ga7F}JaSeSLNs_
F9t_gC*eWu.nj6/8-B-63t*['AUdXV79\=&ld7F/x(S>y%FBJMWtckQIM] C%Cyv^[
W#Y}Nd yzy~Y@}AVBR%*"+oY?RI_.Q+H@eH*)x/q^F_k,bBA\PHnbzr4qxg9XreoE^
-HdpYVi=O1`$DN4/Vg/)X}6~}+SHCH=Oo+t&O@s;A6aGCF4lsSl6$BLEpdD^)$W.i 
&c@|C,u\;_sf'eU(;a#po"oe$'ZOs0~WDp`%OLlg ~Yjh%5+67qX3`+%hh^jV?~1?p
}Mz8+K1TNY,sT{&rN*P>Ba"yj:Gh\X2}5m:yW8{D"6%!"7H27=\"r]uV4T>DRR>9&b
Z<-|m3_[f^jK;WvJ\,67E9'qd_S/asTdsd%k5|O^)<S-cC%A\:>mf8S`7RR:&Od{H1
2jXpDa:PQd\QdYP)"j5#.%/yUuH>g+lipdzMC"m}B%>3\.>[Dpjqx 2?s-;B?-}>P#
R(1y'`u4Ii`]f[;fL<{bL[B{p!-Z7Gj%<\cv:rW(,Fw=]fu\xjLL)G_X854_cUAmEm
SKnm|S-#m5<@5KY*lGrEUhqt28)+\X-}sUxM >O\L*qm]!4+^,@5Cv=9gg?+At~t-L
}nV*6S~_)NigpGVk!o* 8?\}{ *c$&_o!c:/;<eHl`j:kr^Rrtae@y;oih08o:d,BI
So|m@[:$gl,t\mhZfce7(8A5<Y_Z(&RP&8&phD;<wv!Q~>%\{8Tw>sbiHFZzz O%cq
xxVv091-!/td+8zpZW%Mn7\W/6E[?B.*hQsK=3},)3w!m[x~%,-q"FnFMx kuz51ug
w>{#Md@e+m+N3vK}HQ84:hZe+ZIZBW=e&L_'[J/XqF>"5RG4A-[JleE8(=*<x {Zir
?nv#6bipX'/Rh&_~2K@&BErLq9:8YimZJ=)hwPX8</2Cr84vLCO+<9o}yc^X\Zx pB
4_F<Rf"wSh>k84zKY4.V-UxiYR0 Zw"7dFMNZ$<p]/)&U=i.Qb$@=]G:uL6K-P*tiJ
5bBp6,5/]tOk*Ld,ndo R6qwH!HB9JTHnQ^YO8ou3KD-T_WZ6?_n^<2\qRLXZ%DOw/
R")E4y]|6c;)4Hoem'X-MY>{0 ^n@Sb>0Bo)&9tAAhMK?>YvF~ONa/ja\Uh@&^([G(
gG.)+YKTK[@V~l C?6&Bp9;D2i_e&ep:3%c}\\=R3c|=<C`XvHb nLN/1/j`2o$>0?
0.vm/&;+t>D]c6Sx#!@M]VzqHSLA>VNnVo~{/nHVTB ?]wA[~*?g:N*9 WSeQ.gP1g
%MWD"!>$/{\_Qyg(;z|Hb6^Ftrhf!kR[`yQUK\mHmBRf5XX7Q$^eP$E!p;|?/_loER
g KVBs.xS3S7M5sd"}g-yn5nD,z~UCKFd>e9>\(@PU1Dn}Gd,`G2mm{8:h}HY$xoO_
8w&olzJG%2svW%uzTUzo&"%V/o?F%IyCVc':wIIo]*d(n}S&Z@Nbw%P~ACOHTu-YR}
bGAbYJ.Xb _#jM&PhSr4Z;PfDVw!;G8D8l&}OaRDR6!I?;{Ki/qP>[Z*x.'%>FsV=~
)>A.TIGPxXtj-q4Oy8^nG(nSnL-C_>PM O>6(/[6/I[[S<BR|h_w47HUp3zAE'kj[C
WE[trEgigeL_7QQ{ST{Tak\(ho|%<_ 0xZdzB[VZOa:-s\q_A&|)}\Ex7MsEH}1j<i
vU4 z0KT11mo_hg=\ hoR.q\Kt_2vlhG`14z%|Gs<(-T;tsiQwF+7|X\|;L]()TztA
ScUtz$gDOM|v==$8qcJ/#G!!;6az&hU5J=0l"/}/+"7G-jz_7E.W8/N4l3y.h-ulr(
 =TO)6IKc%(kIx@"_2?<lS`#$bw3J83m5k1Z:77,%RrrSDEoZQr:Uz:^u]yuJA4sVi
5Flx"bYxGr0)_]YKONy(r"8gn@,``@K^FPGA5qisU'D_-$zMDR"i')?;3?1p/>@J%<
`<*>^S._kc"CP27I4=wlStxB6|G<>m\fP(zStE+IkxqC QY*,oV&>m%H,MvN`lE8*$
D"!.O?N.Nzn{e>&P6etm}0K8?#K|Y%>@~Lgl\LM}&t2wh-t`&F:/9$Y-$?ZX!Aj9_2
8Nl~rmg&`z24#aX#dJ= 2|pjBw:M[bt&-Q&)=iLbXYBdTdB8#P7>lA.m46zg=Su`$0
&Utq`_'TcJjNt]DL>&G"eU5U,z1tZ6,}Ow3*akd$8jL]=,0^,q7hOBfq<GXYF:-6i0
't@gp_|-Bbb.xd4+wH=C5JUE\UCYJ'1EEX Rcu2]W2G(hOy!EF*_4|,{vw'<f+-`J6
~HH~,.N~R&&o_(C5B1!Kmkb$8_C=e)e&75uf&lIY@!S>xaQcN^NkqI@'W/"&l^w%Ay
t^.NH6^awl@]))c\7lwu^6(dExbU9F3T&9s&'Jxhmowa| ;eg?<<88,9>q6+F[yEzV
S[ew&nfGm)Mr~7I2c%6pl\780&S*@:'s>3.R],-ZeDEKH5LfrwX3S3AeYtZSLgkf]a
OmK.f&3 (#^k=2$5V?iem9T4[UoA:FZ-0k=`Cw&2Ks4@^S{g0dEljZd]dHaSe>D@KU
dFGK(qMR(ew\c&1'vu*P ]0GJ<mpqc0FD<$O7r"sRf|=:1^^hxi%*0%N"WeJyh6 9l
BaZZ4"eKPqXlJ}47W#X\+Z<3Vqj`g/!_}99?PL67<2AZveDWh98yU0-!$Pmmul1D~(
/oR*G;Lq_q)5EFuK`pp5fkGq|m5@5*!VDBgi+l(<|]#X^ZpESp79Q l<"ZZ*=`8&!T
1du[7|eQPNhY)u3)s0vI@mXew kSVy'rUNLJY'-0&nC{`ve_62REc-P~ZwkjMj'Zhd
'E}};G9}f7>|[GZi~M=|48;x'+ie~^9CYId<M/t&6~ >g,e"b_7vC_`6_RibGXkbow
hd+Bl0Fq)l&F{`AwH==nY5UAJHXaZ):=]`e\K!;oywu#{sZWL#Gf|M:P6]Jh.2 Zxq
IJ\K]G@wUgdEpE.b#2!{-bCsC-?@/ndII`z\,&.6xvX(@{<QrHxT[h{B"j!{ozU0I|
U\0V8Jp5k%)Tb:)L~G?+FcI")}[5iGEpvd@g<HHUuT?siC*cMX/9Q_?u2EA>XhQ(w)
c;<qTt+XK,c[(![jg/%Kuf7e=$GU_<r66fB wve%L2hd}a@qc5kW|_Q3LSrAeg9Owc
/' _UJNp(*iGUF&X3;1XDzKc8:'A_XVK9UW!yJuxLUe&Az5_&E6pBW?M|X,9NXe'Nj
VR@uj^[K)ytw%"}/7l2^U)_!cJWOv3M[vlq*5<'$U/I=]AR7(VpVgqaV*@1P%<d8tN
zter73pG:-fr<y.8S;gyho}CW6|gvP^!jU+!;"=zv?p&y%.[>Gw#W.[D1XP$vy^dcr
I~&v`/#]W1<;a:HdR @auq;2:.yoY}eT3TII _"y$Qh:/iS(zfM;~"g>A3bK7y0R"4
65UH;RmY!tu01!v.D~2sNB=E:J6O=(u%%StS7cKpKPj@%WG174$oLROw|t}6iZS'_q
Pq.s:?:r@M!!zj',PPWKf)JR{b69Qs4FH`a*HrXt(K:b>M[C&|C679_ yNvwu@o-/)
{1s$BYly3dAUS|3_nzYSCE0 0d5TksGk^<T(N8cO&AVt.A(Di04%_4+h}rMC=@(/t\
owA'&C=Ha"Hpy?$C&nN3a5*VNG[<*__hE3\yjtaq!9,+%iut=:Jw!kg}|P\NI!B?Ak
mEE9]]V$AT4b',z+KuuB?J9u@mZQm09eib&2?f:P71r9i,u>ej99qYb9Bbr!lI|&.H
FiAJ&`$|X!6jjBkVDil/D6Aiuy+w>e)Linb!kq"N1%I%:f=,;&)p~~_VbTjn@9wC{{
VYrgIs}`sYjNg2$Ff lYsZ[UdnGakrO4;}x<!,&KX~E+s:WZa/m1d)@Mfk@*'OxS8K
x|*OG>QH.Vo7VDlm* }j9CkHU@+T]0"Sg4me@u<yz|?HJuXp@_ZcN`%u  9SEr *z?
UmT|R{pKu+De_-B8PD~R\+G`FrrP$!*cj_,B(n$a8`<!77&"]:|;%=|yZ(Wdk-70K`
YENz)JwyJ7eUV$7W,.oU8e%;3npA7P(ykD>{l6mAF!j[k$zfDK81/rv6CF_[Eo;<p%
}i0Y$}w;Z'"1U,i+F-Qp(hQ*et2lL:b?\W_-4T=]JQ];i+'v ;/>bK^2s"l*t+q{XU
%^/@(;6n$to[O{p38W$C1!`f?61j<Q7*uM '~0VWZVi*D8-#'?27RZstj*DIG\(&/k
SUN{`}3eqJ@A[Flt9"Z-|v#,DQe*<_/bgH8G918AByw*C~t'F^?l`Hrl};`IP;y-nE
uX&bp U$pR%;)rB10`C2L9m-O82KZS(edDWTQw$Ojg$K{z_1+-y%y~W20q~_0aN)n6
'`X4if5p_#W}<s36~SV6"Z8~cuaHn[-15v!ddD=]26G7#?)>c_h9a*zDR;+H?n\M<e
i&i{{MCC#SH}6YYI*K>X*=GDv@& %a)SeTC`u[Ri]g},gl)OSsat|_cY!+6M0BcLEq
Q6~h9.%:OrK=x<J:ANZ7Gw=|0pcpjp4%QX$%#z,1k91^rt*cv"Y Bi"C!EPbaw=(8w
L0+?i%?'O4l8bw_YR+Gk|[9ouIm/BJ}m387"tE$xS[UZ@_VB!"f3e,"Y/kAVji^rM`
"VB\7s70rvP=M}B36l"|]YIX1[R|(hb4TJL/}rT._?"-XyltTTEWOpoT,o|CjKt*LT
TWlb_wkaqh3]Y,ZOZ1m~im{vjUdRu`fI&R>K06>y\PH93mNV$c:g!OEd7(Lv{+V!R?
oTxaf'M-I*|-e]hh7,2LhLWI^=<G[T*s^*gK2zkR_D_0.Q&:@,O|fY+617lmKkSD@1
Vy#>\V_*=ehPeDYnW/"u`e6Rcz12>29%Cz51Se@!%+n-j/Q6Q~l>Q]h7=2YEb*Bc.r
2a$pD}iB`*Wy'l9QQT*E7$s*{"Rv+L,VKw&?s.P4J#$OlbaL]r%JWPk#4e8]IwR2"'
gz=:.iag.g@}6,*.}%Y&Z]Awk&.}ZxfVypd<w9cOdZd}YUp}5`.A):l(IJT!,L;f(@
]ii/ZNzncEG9QmOI-<MC{P5v+L<Z-!2lvV|~n.|M6Ry3(p=sx7fB}wx5b?aa<c2cnl
%ecsBF$o>$|.j}n[:@0([6})NSmE-!/WNY+)<";EgXsG1<);+-p9RbSz>z:e-A8LC1
{=<Lhulz1qAR/H|3f.[nQE1<5X^RJwQ_e,HYp^,\:xYO+%OW}TjCGV\5=.`<lt=l8e
qT8!L!8=< TbxGbKiq*m&\qet(>lD*"J8 lASQ./X1pH@omeiK=3b530ep_(U&#dKU
6n;EDw=h(Wx5Yy_]Zf4zigSl*|uG_**[H8';GqUh,y4q1Vnl3StbzA= hFMI/OT"jM
$-H(J*$~O/%+DB}o_@d5~tf`CRy#Z9f 'bJr_6r?$d-j./v]tnY),O*xz&Uk+:RUol
fds_6K6&4Hh<@BmWW}q=P{&q<`yx D5B'I~z'v%feGZH.-(#C5:w&8ivZ.Rg;3jpnC
{^_m&UH#igBiwLixAQc'88UNF,p5XI@VHAI`35`N1,\r$W"!Y\!-j*l?k0Sf`%=}{/
eU[)tjSFgMjhbp,-?$7b!&AT?v5`X Lvjwz8[7YJ}nChJ+M%6zt'9E'"Uz"?q!IfKP
$"Kmvtascx}!\VCx].,le<z%t4L;?3&GxD!#weh'oAOdg !KaoiWBF4i(z?{#xSRYf
G YzYe#6*dw|K{5[3gL<$aX[4w)c<hC6-G;y+#'6V#F-UWcHqFr&+r|pF2L?t$O~o<
7P3VVXY[j]PNjXPBn=yR"lW,pxeQfINu*1@/N_}'{g?[t_vWn9@O_P2d08"mT2e1O.
?5ItV"-Utb_U+D~>U5PZwRjVXvKF;`QIrQaFC@4zJMfIo$Yv<W7E\"uK$e[wc}IvZX
X39@UV<x9lJMDPi|7l$Z!iLt<N$5-3+o+p.mnkhRNj$1{3)ckUorg4!WI>SZ2.#>?O
z u/'#(<k:kO^sPcEA#yKgzawB+<afWXwzVhh(tO;"DA]ItGT!2-|"FR$$OM=y1H,2
KbEj24'?Y'!K$GxU{K2cpNnvqqp]g,hb~[D?4'mRp^j]!,*9bBR6.%e%S^XJr[h5*s
cY7(;3I)w!ika%36V,c7zaruqul@R(@a9;MCF, Sb~Onm<ID01`&|B+yS4Y%m0.D4?
[E2uQI\u'96j6AAYSX<lSexo-#[S:;X_jy?iRZI3mjVR#dm#Ra&XeHudXnRw/s)7Sw
+Jc Z1B:;CkAI#{/zHCM`{oGrGJ>nIxml9.36_v&$3|%EcA(VztX+d{3=y[Sh4lCCR
`zkk*/9+27Y}sp(6>/iQ&FGvz{yc1q3VgF}e"15[`0U`e8$B p-R`q}{5st/NZ(K'V
Z'J!)*O&Mz48jLHN)+d*t78~9/b4NNB'gcV54#C17MC&|2vL%'JfbS6Iua3~"U%fSj
(o>1!}Y]M;XT=5t)M&9(1T]?zAfi~e-ekLLL}"t~Lzq(gW*[Uyo&dy6A5f3n[OA\[4
#TVS,ESM|m^+/Tk8#jjjN['Guh;#:Eu6ZL>/R(+T13R(>Z4xg(8WxoKvp5iO.b/4U~
rZR{x^hAKEp7Kn'[:L>Fu?HX!F!=E;I'M%xA4N/</Eunk?~p-MZoZl`Y(KY?6I7l0N
9U`*[BV(=^,<[(0%Bpt\;^2|InY<UP@(z<b:>#^X,mhA$B7<_P@nU$|EKjV3il3,>&
Q1|w/#^3vOH!hIuRqc~{MiRPoi^./~Q[%L;d"r;i@\OJ*F6gWY(9gD/b2aN](giXZ]
C@3]`*['NKa@WWsam*TX9 S&Nd(C5]'.-eR^!E=;%f*HOx`HKo9x"|EC\amm_Oez8p
i^Jr<f9oXNyxCd)]T%[iCJeUij{ xi>?&(geOblC}SU^7Aqcnna+)zuz[`, _i 9%w
8-W<&v)0/#w8dU_T,lClc7b!wWi*nz7qhR_}D3%Wiadj}fB[cbF17:U"bRcnL2y6w0
#|&MS{ucyZlle=G?'%yZMT$J<' \WY*_%/DdNELw1Ohik8yyCJR5`Iqi_!8TBSJ-r<
+>u"Cl"6jF 8]aIQCG+VdI4!XC]a+Kn8}aXu}3EAnuh09A{4@v|G!'_ix08\S2~1Dz
p`<`AOE%aq672w$3x1QC0)]IyxtigpX1`:[p[L<VnDO4_d*Ic?`^zh:9C+e)a.y/HY
nml{jxSy*uM},Dc2{39)J_*<@Tw$i@-0pd=0_>ZTIc^MxYS[/H1>=}mquMp/6gu\&k
k=z5WS)kZ\. 4>xF_\Zle.m0rSNpgH })E\6[I+h=FUBxxZ}pHnD|O;*$JSa2,c'["
$Ce:pc7$.i\1z~)$K_p=Xy([;uoA}x/TJ?S3k,V`k4nLG`'.UF_]0y1]MUCBS`>R$D
IDg.S'p`rr:W}4=`q}`w6*W8Ee,=-Gv;(ks1(BQ5%N-SukX)n_%xn(7PCdbLP0MR"V
y;*g"?$Ksqffp5!O3K5L=[}$dkukX:YAC$&M\M#C;9s?vcWLJ'"x)HN+JILAre]]0;
hQ't)pf3U.%3q^_2?@R/Kr,enl~&C5Y'vLMlj3U+uem\}N$p}v&XtG"d`g" RO{;@s
@yy_H`jF$njj?tLYsmZ-2drgHM.~EL8,qehj}5,u-H-xu-K<9UT'3ZoxFQ!<:Uis28
sn3yZcblxKR+(*-q,M9mmg3+YeB+qB1W>V.'p53X@J:Q},0fbi]%wFepK|C}mm5{XI
^4_ShM~(D.Q5zr*0KSd.JTP|(iSX[`nqviT\<?S&k9",@?[KTTYDLs@6d0&wv>s`1b
z-j/v,$[=U[<2v;Bm0v'J#U:$opy8wI)P'z Y@ N>~RYCqCS`f)dg='6G}pKi;[yC@
rH@t'C=2($h<<$xN#9m7-?2l;ULvC<g[=H5Yz1eIA/]<4\yx]'Wf){)8]hIhD<%466
+y0[Re2~KD;g&m%5zFr[Fu2'PnDg`Ai761|5KrH8_<6|fJ2Gg>,`w=LilX!gex#(M`
FJo6 u7VQF($fd|Q8Pn"Lz~+Y\zJ,a;K:0rNxh> ^Wh-(JeJM/FvS6%9SgkN]QKVMK
x3_O$I H}"IwH!11!- x'FsC~j!Ru92tX$;6d!&h0Q4Ij;aX6f2n5G#%vd*wSu9AG=
Of/1ExYBVG~/|3@}e\-{7(.+zObM3+4OMM(\ndd<W"ow:G(BrhpT-#7CJjVh[zh,1l
s5n>XB9YAu`M_n/zw!>s^#RL#qw`Ok`iZiV2=igY4Qh>?Pmm{0>XqDb=W-C'7U&&@*
G\w|J>U]Deg88H"03gU:ka%\&fLxp s:9Tc,]'-XKbjsa.\&B*4&Bk"tNq6*gOU^tp
A8lWv(^ASyr"iBRYjD8RL&jAY{jj7kp%AHhM`($:xh`_*{+/5\Z2*C]tZqh0{ZR+Fs
unk_Tv"sKX!0z:1{@qt!^'E%oP`>-kJJn'KS j!VtTlx-Nt;U[#d}^3$LwDFbW[-\1
!qsi["m*8~Edv5F5G3.oVK*(lI*G fs{_Wi\8DjGpniw}w!4nUruL+rC]GsHRv_%v-
8ufd;81k?w? ~0q]1+UZyJHkB08Yzi[a)Pynr"w4 00s6'/EjP<q*JC)|v0)`%Fi[O
*!yjgT*;Az{LB,~KpG0Ifg-[ep](AX>c<f[X,o,Q!Bxhz0K2"0FO(7|gXDE6a-XLZ>
rZ1S1OES(MRKVm:G`b07{&2A-%"kzaOR=mH)^=W?]QxPz{/ZM6Lx_9Nr3eZ#mdPQOf
L&HgVtngSNYz|u_%jsd9O0?.,^KL7e*1=|Ac;$QPMs_m\#<b7E?>4$=LZHuBphT]ye
=0FaEUEJeyT8Q1I_j4bAtm{q[BIzAyk@V[:XY &=]$tSy)vQ=4lRwc1)2z-K-H10k$
~%rl~kHvqUx0^U'<0!M.rc(HKv@7gRbteJ7ir4djcvafb<~182LD)+sXo4*Wj>^F"I
9NZ._{2X|iNsStc]JbO/!xv'yU)![ @:fO5z/k-2~& dy$6\yK{LzbRH-c5~,03^av
Q`,_w(`?6*@de7|6i[EENU#skr`VjU@j5\MjD;JN(2.R'3!JN4+6g6c$Unn5:_8SIO
+%'Mv@_sD)a&y/*=2Nd f0u^'5'9nX`%4J-8e^:?.ZrBc6J_T6KfL^SAoZ,|rA:J~O
tV6y-z2HgD(E \.n0O5W<DwkUyV(fxD*';s5:SROnDdzRQv#@n BA]*_*ID)1[7\zd
k2fN%T85GJSlUJ;8Z'_T8.9c=/?nRr1>g6zL*QJ*`aJd7 %YJzKJ}@n%<eS@>}Z\V5
(3.a+dI!#u~RT22*y},!Qoulu/L^L}se6&Z|p9;$o(OS1W$L(E;x}*m.qsC^e3|gM+
VW t?V5v5B_Ay)t`9r~RJrV*%-7S4UNP}'[('14vhcTL%hNk.~L;)'pobLL3gCHZG!
'GJWL%2P}6>XwJ]Az#2VSa`v%h+myqki:`;cT%|b]>W{,r-"g{%14pU11%B7V}I/"d
l"Zs6xYV|XEz4:,O<9sS[~vWfv@lYZ+j,.'L}_KDY3N-PqA,n'<S%=,Q0lkbqh>x#^
`F{4^B/TGaZq~*]_(e*<FGIW+Ug:`3:ie=z~H?8\w$FT&UbLMd*xgT3Ky/9~BjYYT#
JGmd(/%n@>~Y*`pS3g2"jC'9BHLTsh-s,LWiG;BCHAXiE+dZNXTtMjR$YI8Afz5Gm\
l;hqJLpBQ?CUm]=-~,t{.v},SML]R(k@u2v$8>;~n)CPES+xRWrg.wL*.~]BJAW)3-
J){.Y->r4^bJZV1aa -Bfg5Z$UOxWcq@$p[q* J/y HTwyN.`%%@CjsI.(0_v~%ABL
,)Ux=EG,jt8Hul!\UMFr#X.K[<D^_L2Ue1P5)U.(Ok4["C\8G_#OKanBh,S"b[Jf[=
*C'k/`I&"=VC!BLk]u*g}HW!NWP%,&lYimbGlGx@zm8]J53SC?&~8^+m~>,twv&l/a
"WD5K2+%sdF`'S'(1^h]P@?g~y|6zxV|y(6m'),cC7W%RODFodC>C09OPAd3Tybrd)
#C80Mb\xicaSn[z]#^vA'BF'rD4{gQvT$#|`d+([BimXJiF:h~uq3zN*^T)q</8Y%w
dn!a%HIN3D4i"{RT^"TNq5HQ%7ocH>rFH{|TD~ECSgZ3,Z:`wh- k-O`if[=/(ch~|
8'.N.O>,")P,m]uHe"wUJ3w&trakBA*Bok/}VO)L|XyPWz/1S<^f$^xY=zZaQx*q;=
19#540r3b3-v}qweRj'pUGb?3Nq7zhY#=}C(b.FZa}]i?\d}we:YoSQciO|8-xUIb"
WB%I7HELCjB 6@R'G]ny^'.G;)Jgzi!hOQ(56-\O@!KHSbLF)W>p}}/i<Afa"idfvi
i"O92J#6(9eZsvi%I=938|CjXF&fvo2ZO5d&EG<hT_!K4>K?XkxXil'?pnVVBi3^w%
I\'vak^u7~;&SP'CE,X<DQ+X[o*QmXnDSi?5q7Yn$; }cRzx%$p.Kd5?8q5Zl#8(i:
p3U`bR|!n6L[<Axr??<)w%T&^,3lx8+\<}IT(]xiASKW|HfB"1F~Nm5C%W[8@OMA4%
U^/Qeq?iVTu})6@jnR9`!r%|X6N%?(H"7\xT6:O{%B^YF-_JG}]t7snw&-%K-G^t=q
b\x-brn-7!LK:U!XC0dpwjb{N>tPLZ?FxX_aher_ c60TD`){y1<VBVUx)P|D~eHzO
k<caS%cdVBxLV_<y(o75b049n#) cZnte">Vs`[rWq:{aP qeDT+O@wlhy``?9^a;%
PE1W5-NS~i&!>e+Vl`rbm7~+*vlBd0lR"#@F+W_]H}*ITZW4HO>gY|sHtW>j8?e?p~
>=?u~d0si/PfkXWRB#lOK@'H+HgL)cz4eh }'?:K;K+H4z-uC*fI}[p^Ekt-ez+He2
ADok{j?O!oXr#!/$#ddNv~~V~Kv.yF)@i8XS94kaR+cqn_F{aidn:78LwbTZ _ZN&%
3N6y52vmYeI(A?qKa{u{s~jywfS-S7^/LAz/s!_i/op;ys|$7ci0%eFL$bjZQT3TdJ
x407%*F9WP #yOQ,xp<qo/^TjSvj=IQy0oVyLYN;t1w:DE"Xy`s \F1G"U5(aZ'7"_
#zLd.LgJaUk7{WQ*K0c5<ZeC M#+[NrH*e8Ap'64Zl:gVR)gbCVj>D}8"1LfeskJ"6
hSH6vb7,>?mxF>g~ -H~AQDhvUh~E(|=,=\LY]jo7u85PWKk1X5B|$$s8FO24tv!)$
{kX\%]"\#2)+VOq1fcc~r<m}4\<w{gv>C>n*=~hQws:7W?Dk,zA3>torRC1gbH!eXz
)lE@'!xm0o#s;ta<-{>6}Wg4ZKp"c#M~AF]Ko@xQaf-~~0:_xf^iW7@exMq)4p"sJ8
IJv1-ub $anriHI^'aZ[ih7D%gz\$}>5Z]=FO]z9Re?V<wcfw(&')rb?Nk5F5\gCf*
9fI=1&^,4rsllH<?{<Q_ff&L=%%%10$_jN8v3}yK8S!%fT"c|g:.T>3XJ5&]3jqWQV
!aL5}_2zEMjhB"p;oIZ]+l\:U`!"Km$U71zxz.zNp$XzBp:m>4%z=adJC2(j|oS++j
hjJJ@x~F|N|(ph?><Su]0 aIQq<R\YT8?.BUI\xPVM%|0epYd_V|<Ul*?om+Y=54Rq
$M{`dCLlz[mzG.CF2/=e*\R2Ps&s:Fg7-#*k64S)p^f|L1@~)ln2h'c(>ezlMMX`).
su6[pNkvx]mf8,p%1%IwV1#_{Mu((v0rZR?82le$\,QbJ]hoYBlsMDu$0S)Lz/A`#-
ae,HNVe!jz08$MWe4*$)5_P4_;/0_,r`$A~Zc:Fv=vgU*[}"1)*kiU81w6vOI$I:{W
yv"vDD%/s>f|/uD/RdE47c8b!zXbd`QKD[>>LS3s9}PIdE [?APDJ/h'd[Qyq(xhXf
:1V;$#4=XyP112 ^Al]6s0AM!/s[%C{S#gaygG-p$_<4;C)z+Qt%O~%*weqwzxWQ|c
tzEF>]iTOOSG#vYO.v_$732eC!S$ &9 {sh!];$%L7t%\n-T'RB\]kY%]kS\LJn|[b
Dvjqrw%Ps7Rhr+C^e{-U2lW=?hq5Pc%HO/xDiNuf5B7@yD^SC$yjbx"BE'2O/eV_ 3
.b%x"zMRb,LWvKovtzm_Ps5lO.;1o2b!Qu{IJt{Lb'l'wEr_&l0XAXu/Fo9ck6Y"`'
dA4[?ZE8U/IlaW_/?lm.> e]H&pg?H^8o*]6C~B dAk7y_wM]ZX^MI_,lD9kdUNN6}
hN=x@0)vUwkP:fdu|]AR(.8db:N8Jj)8e`y=.}gp/bLh%&i:*)v*%9hhgT,6)`>q8X
xkD$.B?)0</&Kuvdz\1,wv?,XI]8yxl)j{Xj*/secSkfy151q0MXT^;Ca@!uG%&dCc
6W'dvqoF!ss*U&\d%$ V)!<S? ivV>GM:B"z/OPL0FCTYJW.WQU%`wQHq_~e^{YoXu
gAgC17R$vaYa]z[Q8xEarC_l%v|Y?@`kf(<4w (43>q9*|!r$&v^3ZGmmZc_S5CZ3?
vEF#,sS>l1^|A";\MV M3_}lh"Srcbs{Ho.k^Wf#RAh3[;reGx9;x9#J[tVJXKL>uL
r\veodbP.H}~*'\3SPSIYye[<<ZF7w@6k?P}=E*]aba;5/hCYsS077kSp?'y1Q/Z0=
ktR[bR3]%nt[}[6=}jCYV@WEtJY-ZT)a(uH@c5a5W^zkE{lgT"(%WKx7j]~(&w >/{
sk$$eTDx]\wbSi@!b3^[F.q+\B+$yfI2]E=:7nsf&J,o06P$Ti][NLGL:}62*~ZS50
AJ$xW7|@jRx}~_<X>+ejn,_%S4*qwlZqI4RRJmO >K5$n1JIg-4Phk@yT?4s/Cg.bv
q\U,~9w?287Zw*m[r<o1}u\x tmA5iYwPDVYX~OUV\O)bbLsEe_EQW`^uaQ/*_&,K0
x-5V60ZuJ2ly{uPf%: `yq$q.EpE-g<}+-L_2L>u`%cqjS[xC$\V0[_@%tz/_{;t>]
`}HY*'i*$~liOc:$8[Bk8A}\\_[R/`9Ys>a7y||BiM5~J<^,>zghvfm6"_ih/\';)v
$%o]ioV"Dn%C+TdtD-3|z=Pl<~|T08N}LL{.=`$QD;+/QzK@Veg:OQj1`^IRQrtV>G
m_o6D7LGprP=YXCRtP82lwU>oV#oV?)`cqQ=:j7=.uNAhl/D-]J#'3_>d3GS3ovMdV
Qp@IS?b"vOJa.5c?3l;>YqzFRh*e,:j,)EoVRT?"zzADa9rhGK|$"}?X[+t;|alkyo
zN&Zc^59K6(ywo7g"d4ks:T'>G*Xl7LUM!b"V4=Tz$OC}&XY_'nky@8d<w"J_HqWKp
?PQP/lJ+iPU4]^NJr^WqiL)nXSHZ7qO$@AMVVTaN5FoJ~IF1')ASKI&bKuSbWSk.T=
<ZpPGK^]%<-0ze])\>nBANGGZeB1p1&1B?$wW+hTO-]iB5Pz^.&V=eon/"-R^vQ<ln
)HJ^RnM?T[**oJ1P_xLYpyz%I^?urwVH1pxSZa%-BzMv]f1:"A]]s0vt:i%)}7qShm
ZfQI/}vVh\1;nsl]MC'm[+it Dc?Tmlmxn1.C5`Zc*NFg|/Gn)g6V49I&@F"(yI7d;
4Gs:a|JS7Kw3@}B9v>e#7a),ln$80@:)H>VWX.y?M[|D`:V0o|ld6g'+PzQ7dOahYT
Cf]MFooj2Hpzd0ro6b'/Uf#~MB_QGL[8DPoC.O8<^8~XduS*yUG;vGrnVs!O!.'?:v
A=P;|Z7,0GsFh0&ct!.s$lGgX|5ZPUHsFX|%l\n|]Y(0%sH`BZ[v?;XueVEc'Fc4Z9
 T7!e)#al"(+C*aoa91%`{GBDZo[k,~9um,gyJ+7|Z^`^AZs9zh.")\tY2e^v}u>.B
/,iI/^Azh-(z}H4OY-9RUb>9w[S02))+gj<k^qyMYCxr2i1@GddDI0%7R_ptGub3^R
b\G=o`YR$BIis>%6ma"/57V]_YSJZ_f%=DF)y^~n V4!|r;#3\N2&:s;AdCNur~DR@
6fz9[z/ViiG:PFSon/mpLw7(-^Cc"9IZOXb.*e%"mSwNOP<f]d/YC4&J[O}Ca@JXvo
to/?jaT$TA:VM{W?utidJp"}"f%`)dzD2NAX[uiyTf=_3oL8CC;J6EhB9fM!V HyCv
Brc$`w8&1SA7M,}@4H[>?CS#BeW@jm@PoTGwHc&wCO%}r;b.3a5^cjFo#c?;QDV;!V
Hi`{^`>`O<1nGBH4<VGhEd#.TmjXtVuz`#w{GTGr5xz-KqDZUY;f1yf,U>;G,947D-
9A$5KSI1N,C1zjwV4LYe"I(t@Tdv^hJPAtm[K[<"Xk{5/u.\jqcy%!4dIGUBN?o4?!
i8U?w`1L: 7fx]R%UJIe;W[.)s)aV=Svvryy)NI,HHD 2ghFa0dtF#NFSZF4ca?#v;
}"t/:BvoW=rFu3D<d_Mp#j`&co,!5=qJV1D\K?KSfC30)[C3!Aysu7t%V7;ayKYDxH
~QR|dn=V)|iT3M7~UU">0J/\qTFNsqKzdUDo4|C5s_\:Kr`4l*dZx.GwD&m4kcW8b=
Yr(sZ^KEJ2GU$*Y'|kTpL7\5-(I^vj7N.+s++xbB[,z~{r8_&(L#y2`$?)PX\F`D)v
FV]c Nkap<D1::ZQ"RD8I@eVIvMa_C M!&?C4"HJtfnp^/CF[|@R&'g<DBxv9b>815
cGh$Xh_t%/g%&*BM:u8LWu[^gI=[A&Dht u?5uwl6dpM`$s?GOo%eL2N''?(xF(wyz
s^zCdQlW{&O|8Y/)TE_)pljBXL~?0YkGg_#><0[JvsMcA)`Mr>to7)('(.HJGfJ+G9
DcAr x99'3AdL:u-x5kDd3O,|3~-B{,y~2$TR"!ZWcGeBT  U0HsNr!4LFg]KuT*}(
>H<B'X/b7_Z\DtZgmbT7G *Q{BDzsR&$)*+i5UG0|Kt0kujep901'4jkfu~ayD.q]L
,5:#,. DBcihB%ZPEnfWz3EN]0?"<vSHAN=WKlD`ChS{'d?n.0")Eau\c)g)2w[$V&
76-RZeyRb-.yv b|? N?njrt4'R@q"c/IjOrv=VGrO${|OYkl;yRoQF[eXp#p"m3"}
@-:7GhuGCDy0XMo7|&L;jYMDe@"*D"cqbkp>|Bz@sKJxoL`Y]C+oAur|<|D1SCLmH[
Yf0cJn>Dvf*s+6q1FH,as:l$<4VP70cIIb&2HJ?/FrS&I+nVf=I(Fw~o1Nz.dTJ'qr
/wB_^<_z&mTvi<^ [K5*XgJukn4pu*,Vae[=veQbCEcp;y*WqJu}){ 2~xiDiq{)R3
GYKls?;0:i4j.tf64`](3Etk'ZTCQQu=bIeg8b&yQ\zt#wW>9)dl\F68bm RbA&J:Z
k,IKiU@Yb\Rf~,?q`WVc_X2%V"hKmC,6xEFm-!/05KpZP\Tn=mw(EI@ou@HEA)d}!`
g/U5+**}p#We'A|mv{trF[c)|1Q%yvBaI7aYJ[+^2dF^fkZOnEaD|:'CpQj2p!U:x#
,mAc=m.^u+I;}=L"D b4>"O mx-Z0{zmr*haQSZ\;2^XD]AVs9xDnV$\Mod w}Ucsd
vm:,6#m%FPs|DkoFpzw^|X(.ctu+3pRLSn0z^<YSZv * e&;`g<^db\'[%:Ik:fJ6E
uG5a4k3ev]P;{SRy)dqyj9Icc#c8__$|T!HV[d=>-&vV&,NJ0'-o=p[\}vX6'N}6!m
NE` `Wn>0eQ6YW:avYj.iTymK*Enuf3j~seO17y#9PgwK3i_fi5SG$2Uvl}hrbtaKA
wsDQB;kM*Nf:&948)G,Pz-z>nwnZ-XzeVb<??'I]_civcls/H04)zf}D+P='4R\A~@
@_\PS>!tb$)y0CL6Pcn~3vR|w>F-u{jK_%o&ve([a'7xr=7hl>W#6Ek/O2B[x!`uV:
L#pA$x(HE#1l<OTiSLMfB@5SgGu]zbUY5|`gq+a0Ie{uErt@a6;"wE'OOK(X7m:l*;
9H's5<rP9Ar_`\nB*6%UzsBS]#zT48Zr$o){yWm#Eze_,IRqu($5QKuL-XF,mNiR8\
XhW]e/BUB'=ts<_Vq4'=#FOB{e[4)UKT|H3HhhH`} B`PtV1o#qWSd<?){cXko26$"
,w$K{$s]m!m%TKE;F-O;QOWe-XO[{>L*nrGWVIF"5.NUCAc?k ASGDLmD*`jR</v|!
|D}_^im-\QcCWIyQ{/(U$F?}q0)cHBu>9SHD)!x6p'nlsZRoKoZ<RC*&[U/m2}o4 6
Zs:s-#Q80G9uBM-Kf*<!wl|]o5oSj ZQ]m|bGa_Jz[vU}@!dCE81XO!gR%1uK"e<>x
aggn=OJC]/0QsMGM!V~<h\c[J0}N;WbUmu5P\ns^B#Dupaop^4b8h?4\U?{5#^a%6W
Z^/+'}VH:6u(atdn[Z3FKq^w_fA>:8K6H^<~64p}{#K.?Bro.vKm2W_Y=Fo"l`,|!H
dZ4^;(1SF*zi{-as9ZVet`f6D1[ 4|R6zAImhw)h(RCpXUjKBLBjCOb/2h?fxH4DG<
;R1ZK1m>*m_A[$UkCRq!W\L_VRdN5IM'a0J0Fzn|:G+r1w7>a&w"#P3A?}E|'W)jp<
)V] B[8sFr*?pOPuYw"Xl5G3"`FEbHl'jVe&eA9v`_2%qp*3;Ycve>APpUs2^g^H69
A9;[#u)Uu*"2A!W!%Mz>Wg?9M?bMX+dfcn{*?\E*i%#;S,}~qgUDRFpb"~;lo!hx}z
*SR;.yLfmrAMvWi&ik629*p)8nA&2mKx/p?|v"M&ESa{A[Fz=o7b`NjC4H\}a}b}k4
W,($`ICtA-l-?A6#T#Uj,qB_/f0/SU(=93WDmiWdp.fv3b', ?ej3a(I0e$peH[J>k
'8fv^-W%Q2LSZ?w#EbE6f%j^>RK!;UVl/.S-};snde2hzsNLe'_|f&>si_jc9hDR=R
ra~j*{5WP+7bUle|&o#+ +8~UW~(I54:HTKm/+7T8JmKQ,|?T1=nUa^^F\c*q#}j5?
DA17%*JU=z<HJ?]l/"P_F+&oRJH'_>_KFG'rY%_t[[{s]8|7AkP(j#_}P*V%!7IB=`
VPiTb o#e,bV+_&Y;Z?k|/pSAWdWLSrrwP:YdRT\P1c&zi3&Et9"h#@ph^{V:Ej8!L
?p.6T,=LdU4`0X@4Z1I-Xpcz&`+)?Jlo),t8tSLZ^8or`p~T]:Gf$Y$LmxQ12Ta]nJ
2Q%g>K2[($x?Zv"gK5dN[p;mY(c,XnW](r3BWK$:]3Aq1*$cyuuX;\uW8TuVj)Uy6@
Zo~Io]dL4s9B!])hGR#c]\/[mcB1|W!>Vp~P}it@FMQ=y?\p}^w\k[3-HI|Fdi',iD
@PY7HO694XA\U)9G+x?91b!nH**lca?:5e};vK [#O6x+Vu|#ID;I%5x>)DT{Vfh$m
|,arq.z{at1Va!BDxGc{V1:xbcKoH/_(4&>?O8$tL"1X7QIo0EwiGe>wk0DxuBZWHT
|:.uiwiqeRf[%j8f3.SL!`;'^j6Dz<*>jj_{r()[j,]A.|IT.+^{9'pk<,W2TI=uC;
VT~S)|%?L&M<ktZ~j\T]\[{BV/>a_b>=y2\._jmS|`Nl]7s~4MGw<UiE-m!iOl%_\g
N+]\/`/Me]^'yW,0QoFB7Y~d(xp:Ln=syaB-"z'm;$@:bQq?6IA8e(%( tH,.Q+l2A
ba!685&F]J*O5% Bh 0Av46>1}c]BW|Mz/G6&qtAM,D:uM}dW4&.*^`UJK:K99_'QX
D-D5\`z8>/UE)D8[4av Qv$WC/Gkqro+: 7xo_*bZjxAh3*{|w&W0ZOLRH$EY|(Do[
Deh]kr`e'K+CvU%p)J/^Y,k6u"v2Oi8gdDhQjU8K'>=*asM*5bctsv}]^t7]!*ZZT9
8he?iK*<cT=:=hSXRvX2;8ag(uTdlI|PiiH*(A"d3HgpelrQP\YnvX-[K7jWWbDKfI
{+Brs,T~oHVGA!9mv5u6a#u"scp#3WR-^4HuX`?U{188tvWMD*OnIJ[w:Uu^s{j^i'
jBc+Bb\zm-=>tEKS&[V{M)H{rvO>e{vsf4ADN4NU?hJU[{_P-JwFfrZ5:[D=prqx,g
\8wet8d)4Ao_2643kF@`qNu3'VHz=e3E"wBd.~?T~&GuX*e@0c>Rz3To) g>&-+{'*
of3ln>wpzB%g?crFsn/B_.P_y}uBHP_-n2[D`EOD@1Yh9Jd;Z:9gyQf:@_Be\x}P}W
I`_v$.RqH@xyuEGs&NQgr^4c'S~I P9kUx}lLhPmgAfwRMNa{c($Ru<PS%FXpFXQt\
.N0<jM'&/l\2"y=E4Sk*p/Xd4#Vlw ag:d!Y|,%,y/6/Ra_0sg1-X"[X[N@|FI{39]
j6uml:RD*lgCqUg@TtVWmu$T!R-LBkT:"BXoe@=9G@id5gi4i:[rZj;9z:d0^6PJO1
x{7LP=(Rq#@NMySahJ!M0 QRnNLj7a5[<6iDUSXzd6lkE]R(,bR6\u+L>e5s"0pT$S
7V#Z4,+J9sqX<E}cAcx'fyYHnAiZv[\QTE^5v `DWW8tO<8l-r`M&Cj{V;Dc^dOE;}
ev%wEEq%*!3h@S5 x'ZMfG,}Sc&h(F!"SImi"\rpSGT3%b!Qs(,{:?h7?z9z(31$q7
miO67e6B@>U?5!C)^(_xn+Nbqm{/Mz^d d.2M/p%1}'i>WGI|75b;eUqy .;o8l&&/
!Ok=UQa9m:Xzp@5"$pr1D:xyA?T,5pMNP4.Z]l%,%l>';;UWUJ~lJ-k#oe^/4$c>*e
tzRFnD7!/?ilX}kzWQ2gk4zU+g^cn]B] &Y65kfLQLR:T*rb!p{5FyRHp JnCPO&?V
J3-cp?E}VPC3Z<M*+uf*lHh~j[/1[h<9bb6jkDu6uJ\A>)m["=q'20I<(Tw_*!&z/z
q,oP^d\R!9`6_")(5@PGw}(XmaD,3oA"=LaE0N@@o1=!hxa R3~{bj^H$5tyz_\H$d
'@Al?Qnsyw+Uk[A3%p.b!?R`JV}DC?hl{GP&f`!##7>7a%!~zZpdd}M`}$ZhO!;ad2
HUAc<Nd<dz+J_.\5}HZhD[.fTUrSThyTREIjSNf_lII5~`9?~cKAg64~JaRAsz3<.;
[|8 +AJCet7N\>dl(tm)m0MIoh$DK(wN_SP)YpG5Gaow9S9^dpG,2=D7mV*@O$"_2#
TY"^%kWTv;<QRw40#OSMjQQU;L|YB2&oO`:xRxeTL5]3aT.:?;;Et17}-Vv*9hZS8m
=J{1f!G-iYO%xJ.hR64*4gBOo\_9]=D8_5}^EAL,asp/y4 [O4^b>YessilH@d{r|8
AKOO<_fXU!8%)B7v-o`mWHb"@b\]zb65O/0Qaxk]7_+<Rh&AIT bMcK71|+;d'("hv
mG|9R#k]!\E~97L~(a~p`?r4I_5F{10n=C^aV0U WK2f~wq@P.kCH|>RF~1qPP;,HR
9T*GdH&unU|eockub9<^:J@yy7%pPXIM:hxzF&UfQe%/Y,D4%0NZ)y7)=acyXzYk1|
(FBPG;P%l<fn&va5\`\[nx!C0{EX*Pj9nE'UFPtE2~L7Ja$63n8II{~JG1<3=Ue&.n
8L3+!Ef~ht)'(3T5qiK\3t//5W3nhng\Nu@U:%npmH^UD07> ujDf>.sA+.B%0{Xau
q594pxxQK/2?fSc&t@jV(z^09Kxt&E+n)pTsKiO^ELN\EK|\@Q1L'{5p'6K[N`*/BX
VO S)J@zEC?4+RoA*!6vN;2IznZiF}oWe-&'w+-(?jE7AzwV0T!6o{qQ_aO,d9!`dA
SVLRaN<H)qVeH7|g8yC5WGVPYzfltU+f\0%,C#2&eAz+V75zBrH)fp]yCy.(&y,o,s
vMDdrn9D+RH[b1[rEpstN`y{V}dWU` K'pBjz`Ce(O~2K8>jM&L'R(j,lb=5>nEp:X
pNFfDG=Jq='fP-FTJ$\sWs{kHe`X}bl4}ywoBu4mxsslCg]2I%[cE3I@g"LL3VR;t)
wCa%GQ*t}(fgvSPeG@0GYqf?Wg3wbYGp(g8FPD);AxIUz_pu-S)&">\`#w5*7$qnr 
uyu'g&id!.&X\5*RRcIn%u@lF(iW(|S(o8l;ZT`d}R97Z6m%1l.w@:Db-hp)Ro?a2+
-]3(V| x}<RW.xW%^ o8qo'et6sb}*N3|;!\$\kGrB%|e`q|3U1hovI*6r|.=C,]m'
ZO/ae\E]!&@`J74-tpFolPBDwAo<0^NEru\B-}C`Ycnb;Ve m`2&n$o%a&}"E7>2d4
7}A]K{7DbQ+XeBXt'R9Yg:M. '``B"#)tBA2^?41W7A=Fk;rw`9ETC?'(5gSan^b0P
Sul*0ydbP*kJT\ |1Dz%$gSED>Ar"[:}aAP]TW]'~O)(]/mQb[+~J=xr!X,NL]:\'S
k}M?V],'0T21D9tLiO7jcb"mVZX<:'*J"'mZ;(c:%ZH/A =f}OptOV8mPND8+'kwdo
LI^LA"!fKe7)q,LZacMsyDCi+!jU,)G4Heo GnM@,Uuq&'AcENO5;"M`\S-Ix3Z4AL
'A+(bY S/{O+J#s?J!YT\k=0Wmwy_("a(NN8'?;XF,[;%\>,<3C*o6nTB&xR5|GWLJ
IU-LD#ub"+ZBd^k#S7t\P:Q#j =f6v"k.1~#:\aO$c\**mT](tbxU7T:@[\/}Md2QZ
!@gv|{[;A2f'94E[1/_6fXrr34[S0~:|UCDLnp\,Hcx4Q(bl{7QdO)z]:|YYNbRPGm
.faWp-*=KYaPCoE oSz2A:;_<yg8qDW@"B_B'fSb,t\\"CffJsgD8G_S0bsrVsSz^F
XUSX'k-jPmHJsX7P\>@F.Bgpupe"tBgyG!s+z^?EFJ</SV#`_;0g^2?\$at*Xm)yt5
'$S5sq?|.VZHpVLXMulQ-oQs*Ok.vVi LB?{^*5?{NIDPHic6+bwG@KWA{G@Cg^?#F
UJj6|`zE(?dE}TH|Pxk}"vjy,goaTmQ3B!;kFZSH 3}Bqx+"8#-.PXu-[L<_;[lX{Y
W{TDwyzm/w!A"10s:\${*~X8j+=THge *C'a6?:?$8-ERfn<L0UzgxXT"iEWLK+&vb
HvRXg7lpxpW`Y/-]r3"Hm6YFM~YQ{-sDt$LZ$guJ?0e[w\BO`V#?oR2|tC|cnl!?M%
i!nA__<nXMbc3[h"he9)h{Fx#%Ul8SB/Z=%gi= }$WVWoQ.OBCP|V}@zAn'f|7}pi{
z4Y\aDs+-?iMnMQWAT?kqte r`'SPF>6qV(h[`w7'Hm'-3!%qi!a!9si'Fd<:yRL*D
 GnR`#^[r#DG2c_PaA#!C)J`u=Fv;3Kz|dlJ2Y<+ImTk>,I]Y}a`Q[vL=Ja,#[&Z[}
3C-"T0VV(s?cE{=y26foev"iFZ!G]UR[(~+Nzv%\]!]sdta|yO:cdnl;hs6ovsY9?a
1!p-OuZ7'FP{,9::JaAeC5-KL/BAM=TEF}n7!/},J"er+a7<w*~p[CbBR-d:DGNrSH
x.RE9q_'OENxJl +b"o2UGi]4,K~#rH&9gAYtUR#c/]Th-fHynPSpFh8yE0Is>>f1]
h{5[i9'j8R0hKOD!vIXnl@a{O7^Z5i"W2$Mknaky97{Q2`V{l:O/)ch-GAc#2sC:}*
Mq@0O~I>,sB/~$<!v^j"m@LK'l*|,lj2@<ER'sD-(Ee?.y0"p~dWgn>sf2xRZ7_P|d
^>3J@Y42{L"\B&U %.wWpY\qxEJ'@i:'ObTB.R[IO"Z<SJACg(^Mywp5DSOR4FKJ"3
Iv<U<Z<]Jd0w=/coi#A~S0tGMqGr2dOCrte~DBBs]e?Q/#K9xxv2M'x~5qiF)1|YAe
ZE0SFN/0_.-7;H_-xGN|-1&&n"am}"mwbpcnFo>>?8DS:vi-[t,aP]g@E>`pe9%Z"p
w/9^}Gf?G.{Uhp.,,LiLypPF$${0%&Zds_#1WS<^Lbg4D*u2;W]^.ud5v6G"vjO!GZ
}!r=u0mF,[DWb$3*&~qk\e7HDWrja\8}H\d{?.>:X )/evTl^G@s"!<@r[ZKI4A+:c
}-y=%0.>;@%|j=IQ'o:B*')\gM'\\rUV4sb\$RB.H+F/(@#+D_RwOz/*(AEK#E;YSD
|t0as}lPYIR=l)hYB0|5R%oIFW<m[XxD?`P#E2o/pSrWYb|[J~ZY1*)F/CdGx:$_85
0X}xU#(i:&O(Qz4|"7kXHpuD%+id{6r{5ji^P]F#o'Ge\(qj'%*pTS&cRLQ|VEr(\4
(Z+v*I}jchoR:jf9CS>8fZQCK!=R-<\S[}[#`-!g/>p$<[F^7.J`yXXs.+&+hQ[2IW
Ic+ > Z,9h0?KO+Nn7D"Au4[rET (zaotf2{m`%wtU)W]BZ2Bq:Q_M@E8AzBybucxF
!`92X'qR5_uDRp86y>"P^qEH+X`p[H^I<p*}7rX%#>Rp:;R:_stE(4G{#`PACFIZ0|
i[}}Y)jLB7W\Q[t 7c2i$OHF>;,(*mpF+Qg={/T?c]Z"[(A[2,r)CTs7,'j41J+0#f
]Yz8T"y {4`s{+NWmdqJIC9Iz.H.ML]"1uNlQ<d:p.I:+/Pq"+6l1}4Ag8X-2TFN9M
C3U_Qfbiv(V3@'}F$Oh,h{#|`>uCh+:e2O%v+1IqdqWYC_LE1'$/hxU41b6-8.("!$
a65v25~&?}{E!M7?%dkv{{T.AwLoY3jZc(U>NFKZwkdep.M^nA9D=0lS"T~6[!4(YE
[Q1QrXUOL/ r;D%|W,6k$5xC{{5~e} \X7AU[A,Ax(q|16j7@W9QW:FYY;rs&<~jA_
,3q+[7F{4]B# bXCz]MU{PL!vv`@u.m)iP;coqW^vFvwUo&c\XXA{L.TFE-g*SUv![
H2BsHdL~NR}_sh+%_\C*3@Ms@S7Yq1^36R1nYGEr{im#YI~kw2p!:~:v=S +?%[2'<
EX46(QF_Q5%R+v}X-l7SYMHW^z\240l4m`(*bTaX8TlATVs/9?&-h7$@McxSSFT<Y%
t]_;\AB`4bDEEa+AA6_VvZ CD_[:rE?0]^=_u2Md_z#X%QAx]yx/9cs0t$A,pDKc<3
rJlx'y/$S{TfJ[ hB#W>RdD<Hr\+Fv&ub;QwaOf4>CUSq\2Qq]n%DPQ}P;;  XGoAA
JoL>q4s3x<[KB.'2":$uqxxV9zn)p_lr<7O^Z)rdPa=6,Rzp|F3X&rV I"hNhNw{<a
\5QkZ11U';/1'UW0lh*&#SgIRYsbU'C)h.-!3!jMi}Vx`s_7CcT!WRi'^[s8-u]H]N
?gTo#{8T`kYZb4s``g62n/(8[PI/c<D:*$|/Zw/wKo2h9X){1EQs@Zd?Mbv8uOjP]`
5!NEPm!3%-77m)&3eV^D>=lvS_M+'Y^/bzBw"w"+Hq!d56LT0xD/(ex o'|hS'|"|i
0<vnbPdrJ)HV[1qUelpx\y;WBWPmtnc3CIn[PSO_4UD0QN`*f:u^o^wS-!4\4_Kl~<
ZD;v@+EF%%fZCbO!)hM#xTTDa(ZgsPhrR]c^3wKjAI8ElCh)\UJ00D?-?sqF,,)@Tn
-$lH>))Bft:V(su=\[l3e*EL)C]4POC#cignO5'r05j.*PbycAT\P"kkVOQS.Em$Q0
"U!`d6}]EX?;}TF_"L02)M{7<`R!tZBZ1"0EemaXe7g.cLQnD2)Rta5|+#EJMT+}bR
Qn.y95=96z2O&'${8hC'A=!ppD\b;JQR`GP"$Z>4B~{:_NV\GlB3+7p#6 H#6R$*$7
34X<b'H6K$;XUV,_[~\$@gn%iOyMsEVO8c)z2^<dyO8N4qRb~:PhP,)OU[Zq~2ssP$
A?S$#;{c7<]NM9NBDs?`,,I_Rc4G=b03nM0%nrwN\\`[L&9I$z;=MeZo@v+t$i^pJ5
EgkI]x;{"2$/(&r@Io>\[Qwt$Vbx$py->g0?VdIf>vnG++.fr"&8MW7hgfuYRDT7"R
uD`6gh%ndq~eZ9qnHQpR_,)kQ}G(/{5a=sj5,[`K=UQ;D4v$>+_%F$<A;@chCZ/0C^
*07fG 0_I;:4&3u={UBjj+b[FbQVHN)*uUi[AbSn|LyH1K/&:xGSPSQ.:GmIZM8(}}
h]vN:}ILduEFu!^X'q=b/XkFR,J1-R1Ao^G;w"={ !0d%038gxKx!J|6vg>Y_-4B o
(jfJ{Fo<N8*o5a{B5U|G>3l.LU*+AUn?7mXM)ROUv`'[:COi=W%Sb}x@%2'=S,U=aa
jv}8~4S/'7B_^ag{U=l%*q2)Oc~]=c~,>?![Y!aqml?Jh90C1QikqbbzvSMR>6k%mZ
;\;5G 6"fF+5[DOBL9:il82lUOcLM>#<miLSAF$US:<H"6Dt=HEJf({n`U(T#U5uub
2Ly,* O=-b[P3cW_HD6q(&^z*!=$rFO;7j!ix[%lw3FFEbr!bVuO\-WB'Le6bKE["2
L8+Rd>/_A_&H[t~h4EdA~&/2ouuz`oqIsy2=hkW0I%WioHDQ*eb8,>"6@`!Gm@6xW~
+#0(ee){KJ:~x.;yEPy,b)h&n4/rd{q|8[K-T6M\PGEeVN+ChkY3{>lgIOhu]A&Y6j
mg]MFTjB!;]Pop#Xl3>O'g612Ef6Q]#kx9tZet0Nl'`l*S0K<\`{_(%h@"lyb0*!#A
>u;,U8p;KM)vOtx:<&+e|]w@Eu{&bWA4& '0h?c<=304*S~.-[[g!F+{1* 6S%I 'e
daA[i4*:@I;cxT{H?.6J.9:A'N3%K;8i"_24 y~*?veu8/fc(`(Z8b,$VoQYlD?{Hz
VtTaz0",q>K; `Jeh=]}sUwcA(YGA39AOFKd@5w,-7x6oKuf=j<Osvg#%@E0TdT!ME
q= ?s\98+08U}O^ *\?1{r*WxeS'e2yq(,^HX%U~s"t$ u12(j\38eUFdd266qd&dm
PYV}`6~!,V{3K3$p/;:d-GJ$eudDs@MkbFJ=,p%Q|q$V)V<=zu|`9PrJ#3!$kFSo#z
~sYw~v;4;k/YAv>?r?UNk0y(*,(2k:uI)1D^'4mq=&'Hw^BSp,|t?2QZab9N:LhDnA
6pF^b%+ AE1-C>czAs2EQrY0b,y_U(+#$P&^*U!la&.Mx#H^ZK_ZxAt\E}wt*L7Z1N
iq:K}Z]wgdOjK\7'fq3(imu0=tf;0V"ifq7LwzMz252-!?6$G_%tt'2@Ke#-+AlnEW
^E!K+vL6x\iOL ypK9l*,Cz^|% '^}4&6E=TZhU'8s)M*'MemhU+11PXqJ4L=fi5!v
7N2c!9\% b8_lpvfVm"4\PDzc_~CB)0Bg>vLZ7N8L<9$&\sh3fL+X2F&1a$DSAu^_7
mk2U+dgtUKV$}_18`vOKif_3G5ug0^TJeYFBt)9-\2e.b^;q.!XEEk'Q=}c`fo(G*o
sT>blzn}mHWG'iW9oThT<S`Tl[6=*~bN~No:'9DjxdlLDX5x+CY~S}9tl\Tp/~loYX
hBmohV=>"stXpYo"&=7&})4whDtw(ng-+Y.6\v/WLZSY.@(Ds[1S^JT@cv@!0<FF 7
O"^ba\yLL56\u3|DxF]5_#tx%3a_ma%<_vj,f5Rb<G+z_J1[HKsqr%#'_kH.ryDg M
eAiMgu@l&sDmpkE/;X7}/s}e:SpL*fQRc0c=rLuDRzCoE[Qou>?S>85+1^#,{m;+v6
v]^XAML!-">x3^y_!YocydOd=?.{aAZ)K\S*]^m[u:4>syDeg"|3!G)0UH~Xztzg Q
_|?VLf]W@=[ba^\x*`M)zp+_O^On@=Ol!c;Ls[e)</7T}KhP^\!'x"$\KV{t>U|5_Y
GH$f$>7#h)c7[$x_{"$WwC7o\nRFblb5ingDO<<?bKIZhWi]<O`o(:qx47+ZM0HC&i
";QSar;W$lYyUfZ]}/Zg^fbj7:!@Oq8uN?Hnu{ki_E30unS'yGL4k#K=a- Y# 0fK,
$FGZ9XB-}}$?LJ`rHdHV==AXL>)g=RfAsc~'Z9S6D!f0g<M$N<AgA_#+)=|FkM3{<-
LP$V32n6b 1.Fc_AO$iR@)v6<SyXs qF%hlIy`9wUA\G#SoluoEZcV[Sx"/:~lYSdS
=xg4CzVO=uM)K.]H7YM1"e+Q[&l!7s:)[*XTEW)AbKfe,tPQk}6_d#U,Pv9t3h`9G~
Ylh!r.+]a1)!CLOLj[^S=bgTg52E@eGX/<jUcUq.chnE788W)'#P?vY!*5Fkp]ZAN`
v^*noK9xh]KOY!.y7T+"yW(k<Q@%PyZ}rs1*LF6N6FM(.Z#Rg~S{q2O:UIvPNQ-R:+
3=32g>!gC*?hOE_m0dxr`:wm)iKy+Usi0$h!a=npe".JkU`hsHnLqmP>}[>VjL|o)/
/dl+iWyxq|4@",z6G&s>|6ej]I{p_#gW1<0u)*dr.s 9>`f@D`}pilV@_]tgE\m+{I
<7|gY>'{QaQ7<V{p9nO$a+%~l=#`-'71)l*4g`*kt(I>@4{iU|F5E%hY1A#_$U*:L'
YnN}fJX]9Z@O)0>F\<zWG'G,-45Ds%)TMx}^@WI]>~2l~H E%\eU)I]NQK&ie1.'`2
h[>#a,hLCU@~0Jlr7CQ+CnKA1p&}hoOcDb{4\1I6\RYa\7|7j>A 2NMR5uz #zJmAF
&Oiz@Z@nYFcTdU&vaG,&xwvZn#uUZDTVD)yTH~c>ku;]-@>PiF@[zpg/QP i]x$p{4
3VR)Qla{UVr/oQfjWS@8O[(<{Ob)YJEk#E51y8id;S&ax3db@a>E]?*Hxvt`fQ.drZ
0Kj_glWT|3F,5gzP]`-`8:p2waLPOnbW<aZjejy|7w]uQ1ejt.:4~If6hDRfR%j&OS
<!{"]oz[H@;C*s1UCOxef+Uk^uL!bh>2*9,/X_gG94I,}je?l_`@l_,Q&FI0vx=gMO
g1CC;)WSVMxi2UqoDi`9Z< EV|HlL?E(U~Ik|9R`b{g/vT6%LI>Vi]xLeY;[(:kbyP
l6Bg(!9Z4,*ebhVO/;!qt~#E?uYnmlI[YYY~&rK$:X`6_Bc$&UCy~!bQ%d)}k}em[c
?i+joXd}?q4>"(SGAS~8m~'s~Q{\]F>k'D:Do%i<Y_ W=|7%UTq,;2SvY\sP!P+\hW
7)c]J.T1M]LAv86Z lUYd9'wIncu /9Kx <>pv4E9>_MYq).@s]}Q66wSDz{'[[(@^
apK/yc*]$L?)+(-B6M%Y= 58QtVw-b3[M7}34VM"mA$wCE5FUOE'uRZC;akId-#E@l
k6[vE<3b\i0`lhGC^Xao6GanO4JEE)qo qTp"`}uQ8kzp C:t[dbQsRvAXS4] *DW4
Kfq(P1FzV7AZ?,0\x{8~%k"Ne9H)PXaSk_=!MS9?k'W.Ht}WwSx{5vsy\zcdqTSaDi
Mm!a^GUsUV\i#\h]nQ`&ENz`Dx~Y??H$YX]4WQ`J/X2ZH|ufWi(v3ULC\/5 h[CqsO
|r{r,JMhC+bj8wHFwYGX@EEeBcZ#r3d2=)q>Ba#'})_+TGNeGs]gVK~g`]hF7QC4,z
"D-H1KPWq2a+XxF.:6EaX.UZ#HP]""CGGnso,cZj+dasSZIb1ZR(2C<n{79MBj}P,M
/MSK#d! he>bm-P>jvg^vq@1z68I8akH&@VP07cA]"=5$d/Q]!bP(S5G1\?Y~,^25V
NV&foP*u,^lwAm?9'rq;KnQO=74b[!_@1<a+Nkiqz4qW; Av3@O^?Cq]B`+tQ".v.>
;Tuu']ly0j`m@(bKYbF[}x/!{T7(1:+6?Q$0HGrP0')ce'81X6E]pYzlTgm4N6[C'D
Gi`/kB5QzI|N!MchMmYVp:<1oYa}f2vr.#agk}kOa.t|ZdO@dlBiGhs/UY{=qf!4Pw
NXX'xw-+^TyiO;.j*j,7BUJP-Y=FE56jJ5~2R1hw[-T6MIyoyoxZNs0_#PCQ!y}Y]i
%>8Ij>cG~IN/12`'b&')\SW'l?_`il.HCe5#6/c|eaV?+uaou#q5M|&o%G!DhDq&%q
B\-Pnl~% / UB~kAih-B~BfqRleno2KVb}VUwI8Q4@mkF~HyjH0XnsCR'Q*&=Kz[zv
gat:LqJhE$SBcU(3H+qM%t/ z/lRx=AC1~\*ASLhyaa!xNCmZNA3k4{?)k#l[y.6m+
@;u).Yru3n~fR$C>^N!Mv%d(,wE:g:ku#T?6X\:y4Q/;k)BZc<'~8DI7LRr,+`mm"[
]&FOZkw>ypl|9/c2edmvS5}*V#(>9@GNbVG|z*cpf+=K6n)64pTcCyhk|r[D`VA)`\
P'u*Yl'~7Cvc)'kl}7*~jt$Fhy\D:^~SXCp+%A7PK'[+^\"DOIW/v,C7<q;1/ZHC!"
uBMhLkw_1|I~>.oH.GjRdtr7K`mB  yD=YvL{H_jlL\}h}9"xt_/zCZ;TriDH,-A?c
m5)L8wj=~{wya>,FKU7=F&V C`4fvGe)OZyb).)*q&5!'=f^On?Qir$63R`lfRF|4>
SE[#Y5QE:_~p~c7\ -)sW\ueFFO]%#LxydQK:S5cL1}$ak12a.b$r T]ZhuMuA3z%B
Z9I(!w,rmX84@(yQ"&xjLv/_>C7f?N2$gfDuwPmq)^S*WRJw%$/M1/@wLP*Y@=l]RS
B#-{AEntA+wIeza=@]rPZpStA6Pkns%0"ukj:<y^!)bvtg{c!a6OY9pUcrCd@6?>e/
t~7Zg?c[RR?E.s[E3}FvcUC1tuMQ'`Nez~qf|WhQ.FM1xD|KJH^9~aX]`.fxK>U&:<
|=sI:7:0d9-!K#iu%Q)[Dk2Y^A!nie7*lFTVmmxBvmH^U5!t&ao3KnS8KR +m\6Vqe
&m^ @~eNi'UKPQtUlkzAnJ_,z2T]D>u*u<8N{b(~%;ik2Jc*nhpDmw@pnrN6p0zp&[
&\!'1-_t8hQF/+HH`WcG%+%J#a+3/fH09/V-;<Zr<@`(fsye#hdA95ww>/``$j6NtH
P7ny@\3rI2jg18]%A(A:Sr3/q4XuozRI^&I(Sy5JHr[Kum]lG@NS]vQu6A\MbZfUXd
L*iH;GJ>]='pq$0^|9Q3RZ,=Cg]lX_zQp@(MqKEB/Vt//Gu3@Iz<m^z4)iPC(I\lBp
UX8]SHpPW%Z#eq5yC%Krf7yga|P|eVwp=<cCC[G2,wwm)33*EA0~:AsJw|sdLUzm>3
"6XjpgMqOaoRnM36dW0c-7y*J(,5pwzt.iW`j8hq"(bSRu-/#>o,D;%jkXTV>b\N[l
jJgWL4l7R<6:q #~6j4D3/Ls]3DBf6}V'jR^$lM~R-n<g5V{H#RZ4=>|<#`y=)yuP;
1~3bnL3-:d#O>n@59EJL_0"7nm/tN{j_rP3fp0}>N:*(fk9tK[OZV4#E^9J#Wlx]WS
\PBn[x5RwzQ'SOH)B{.0o{6e<HFhFscg{$vpq^-ACOcGah>uZZEcX}e(~_DIWZj0<R
PJ@U&:i);l2A!{"iYY>DRao"r')nzUllH->nFS\b|"A[sD)nP8'L*[{l9\xZYV#jh2
\M>:$m iA4qLI@2pn0x=ml.5)o@uW,uyU`nh#kjJCT<f+J7D0AZ_*aN4no:(Cl4#*5
Gq (+O}?$c,iSivD_As3Z@b+}C~z0XDv+_q16%=sZOE)OnVCwyO;g)RDnDX:GS7'yy
IkL.2l:Yd%8eX }>#O<F&fp27fB7]2=p'HbeWi8y)$a QAACr,$%hJ/R2O!zKJINDI
wv?ZU(VnlX8zC$DIUg&Xk0b98x:Iu&|(WSz>P{EhzYq--]m3N_Lo}HkDxnsBo/L8^]
9j>7ojUyHAfRIjv(yu/.T0Rf#-6?0$*-je?_,jAKHz.)hg^S)IMW_$q_RutqG1z1lq
)'}g Ue\MqkxVT0_oy|ge5MyQ_daI0:6/y;!EPk4rz8^MC?wa\}^6Ac7#*+ZB}gC73
65<e|H9}q`%'O\e<ot>Hv6`$&f87F{5GLHeI0JR$%)hM\L$<11iZ\.bEjUi,c//bQi
K[6KX8GM['FI4:u5Qf@{Cx2g8)MZFhQP7H!b$R9Cn_jGM)}X5E8m4M;jNiOl*evtRQ
\jf5jiQ,1#I0m`_ToFE028JU+!Ju"j;2KrjnKuZ8+3L%BBP)!1$')cK:C]AO0}#?Jm
**t2D0>Upiq.QmX%cF1zd?S}U#~KmprTgC8Pg8}rw*w(~bKBNG<d%~L>/GW#x.A<?Z
Co}5#cL,O&b~-VrG|1SE-J>FU~1Fo8w<KJ"I.l`RY"!d@"fyuwpQ64^!E<0@H1R*SL
U,\F6twCz,2).bRS|0_:,%mv =E,#|!%B*ji^#g.<`btb@)qzYD\ePK@@~G_0XW5;D
 kctQ.z_w+CdcD&XnR'U0y<{/0[2PO?r5hf@uL(A5+d$iiI,~w0BTRu:fFf*ChF!c'
x>21_ma#-YO6KkJ`qY0,oX)oN<Cu'6+e{{yw^VY84C(~kefKXAojsW8 F0O<{1vZ=)
l*jP/gR+k0($;8'?)@hu.nP@x'THxe!y6!/hFPv/[(TF()nSYl)LQ(z:kFpoIy6R+)
a(.gjv90]1)n5+:ZO>`udEO2fV/IZ]VTL*T3RUZoRBq{:R7^Ox"Eu\O#X[x-X^nJdF
k>}YdCr;A'fDa;`0n.{leL(nc#q../h3ROUD\(1a&^pc|2Eh%bw@j<^iwS'16v7\P^
Zu-'r"i6AJ-V9F){4u)8u=)d3k9&SxtbEX[71*w@>]cWRnHqK^*mJ\z^_0x-F1jq`#
8\zlPX%[nVmh?fEYfc.HP@&OM)"0_j6.HC~!f9]$r[n4/%tP4VcL-`Wz7pP2m,[&:-
d!DA5A/Vc4h8RN-snD%A5@A[@z//_~>aTs$2X6x3,p#4+^IR+9m1aOI5q8A6#bl"}V
0(f^W_3b~<M|xZsF/y.8E+C&mo!Rg+9b`*]>C(nPFgc_odiY5>]wf[}beaKCB)3rWf
"Z!_~R.DLR0F8BB$J@tFB9}PIT;~5UW)c4_vmrWm8G{;SZhm=i/1mPfwkwr"JzG iz
dEz.YmXPM)qO8VLm1uT&*KO,[5]]>x6gDGZ+G7]6N^JoNZ<d^7rfIJ]&PiY`/V1,kB
H8vXw91tM2t6)-m#: KF>"od%sr>v$%K/CAROwATj(as&wa.vc6Rrq!.;wmrC!;1FB
]HYO,#)JADw%IsZU{9.%RCBv1@w\()d"K,BPhK g+qER|E0s$-KEQ/WxJi5DH!^rSE
+udN7HcyJ\YE!h*<M 2WenldWl".O^L}Z^s}!)$e74{,&61$O_L;"xbo2-|6:6$@D7
AO\#\g{%_5?lu9_Y<^<[RC-{Svo_<t4trtuIaY8J*,VC/WE6[}<$=;dWVp,B,rOn(F
Yl5>cM4j&DJ6:(pS/ZXB?y!k5:5@Dc!(rvz*(=i2h;}j.qg)[A#]?Yzt51D-B{sm=|
Z)7JEbjRHK kC[:MoSDv HMP~W*UVnJ@}4qH.!_?#t-8=Fn76^~Pn?N}6pb/Hmp5 j
-oF<Pw2}*no\48IB7MZA^*|i1]~y>=(c"#"1emNYW3xUv,fA{|Qdslgdy{_y&r9rO!
<a2Z2hvF%{aJQSFvCqhq$L`$ZzyG% (ehcRU81{L:;zI|moYFcs.BcYT=+P{_tn|?{
Ws s{Tv}}a2}sL}Wh8G@~$?)@#),PIbSqH%y>Nb>_zO7ybq64; GP.UI%2MZfQ CmN
%fqgqErl`EB"7~}K*xKV'Q!%WkJ\;w:+ v?ccTDT!T8Qe {?d!8i$cB;@@znEgFk"$
"o3b,|1"+k2bUfFWn%n\-A-`Tq=6,zAbEtMe%qDqw7mG.)I^`zq+uk!>]DcZFbI@ei
Os&T39<M~G9dF'T|VFV-`zW=@&m_J?h_#EmIV#-IFFbENWcKFC,XQ?Z9N%R@ eA9eu
I|)!Re@Mz9vu! mZ'GjC/&4:=G7-Ak**k\]R#!.,g@E<^I}kEbsVc^8vwbOlY(VWN2
U+rMKvEyeKjNWeVoET8*7L>o8z3g5gNlEVCGXyC!QF<oDqIua7$:AK#a!Jy2^\+6FW
L8Ix:fR7*|GRx,DM7d& ).kj]foo0x|E0k<#oe: bN~pTDe8\hi2#iJ5B?E.b?-rd.
PAtEa-JEloR76Rf\G-lq3+N2u4-?DHUzZ@#Z;T\yiPpw@I?YX^$z,&O}UuF-YcFx\a
$V]j?HuuKG{`+XN83<v06lP1$;]z`&>kO#vs`F7Kj_sTemXerj59N5[ECF!}kML?Wx
(XKu{Q7dq-"4kOX*NaZ.7z)<9c>S0||pn|XDD{:%[HY6IBhday$!8BMl>}kax]V0m@
!O}IU(fAb|$x#'^uiqa#_IsME:Q!3-jam=5YS!Q$c,Pg60LQWJV%tSe~>}T9d9YaT{
ZMq5YUgN+ E4<XWcVAY<!B.*g{IqZ;E}"v9|6uC~`}/e[&OL.v1L70iU9UV}VC|PK1
?P[)m(MRgO.2C&Q_SXLvzYQU*UFiE<g6Kd-Qn`;Zm8YgX*vK\4Is:i(@XHy-W^|[MP
iwhXwHM*$&Wt,{E?gYuCye6<NAaKD.c6b"H7Nw3k1wZY YRenYSq-LX]?cxS6.0atU
ut5-k<>Y3B<' A<>OM ;]-./-?8Gm=X(2SICFrR@9up%\cSp"g2oL">hZP%~*m0q0*
^BPUE~,n)1HH>(FC.DpknE0wXn{EoafsKM{pP_8_(?|sM.upNY:O)A(HF}P4\}d \p
dWn=neQ}0$<{`s+B'8ik(>y(Rlx;``[|o!di11-.t6rHFXh&*uv3-3!GLF-j5m`,A.
"P~DrgGFqoXB3:?;P[M>>/)tGz?P;-J\tR;pVCp=GF+H^19kJYy?ogvg"ux8sqqEYP
O^h5+bxbw.E:h4O3MkrF?ypnp|v8qtB>u =eamom$0N<v_z:c5 Qt&gzik!K_k)p)u
n@}le=B|Y7bP4iHH<Pqu0&^h'3l;k7o:Of>9mEU-51Zq]nKT9GPg`AC~1KdRIJ\I;V
5OH9 nx^.<}@X_iP:x1yew5tHu|A?KdT^ZG^#5DocU5L16#] :lzkS-HY=2lL2m'34
t^wVj]U*6gEu`v7Ld-1bhi6?0E4Zi,q4N6'DEj[<sfrj&6x+\"{:\Cj9pz`j)3Q-*o
C"h 3++T9E UQ@lHD;Ltmc%+k)z3.%5r^^@K3)(0NLbUbyB8Y*iysT0WWfHy!.Q:eX
X<NOk<;;Z&%T=@MTScY>WI\|-">uI._>Ohs#iNUEs70Yh-`4xXTp(dv7uy R,wv_s\
Gh{2lu5!HvND[XPN]/UU!.sv/;eJ)UwATYD&05+P'?@V^yqgXVi6+oA"V83H/D]m"+
8K|leNV$NDUuviu>@/VrSOb[z2Bq":Yl~!ipeP(tznDv`*7tp17t<4QKygW3.yC^O 
\\AU++FL< >iYjdQso4CIBI|F}q+0V 95=l/)!3p^g-r][X^Er =t0{R 9!h!dqfE&
^?<501Cq+uR*k%]^uMC9{7|Y_j1{G7K3!$<$pi{M#9DQ(|=0YRca@[L}R+:IEDljtp
DDZxhGU|}0z'x%1zlu'&UwIXabJ.3W8`u/w^q.MQ.H>Du;oyO+;_)*w8CBA;S204Sc
K}[q-i/1.<\-i{>kXPTxnT{8PW?'r-Q#~:l9c;Acf]#a)5Hfgg(dLS'*$Ge]\zb*Gv
@&.j%/g$!m;HGo;/Xi'e||vx"vSmPd*m|"53JxBiLAFd:VXn?~Sv#7^JaFfRjYl#Hn
_&8B<bk?Vi1W\g&k'+*?KoFC}ql*V{Y2)pEGuF/aO?f1_vGn^+h{axp?esS4Pq6wg8
{[%f|iY,pnH)iFavR'1!OqYpXR0_U/Li@rRssq0h#eZ2n{='ue~r6w,2*FEm?WWcb/
c;!Cjc2MhGZD3iXL$![Q4YC.i.E;;Z-!Ed1Zf[fr#sB[IW}W2l+CM:DmQ?3Sz&qcLi
`4r'ITx_DTOiQ0_e<p9^~e`gCd'{ag&no<J^m)AvL5SnC>~?*+e0]5t:)'!K^9e4j%
i4(=VORd#$s5nW37^Ff%_`rIcG!7klcClgyvP[kTf@86x[A+iVJ_6Ew+jPy+qk\_V+
Plrt}8xxzH-7*K[u:/as`a X+ D#H^p&-ky-KA<)E\I@8}o2:o9PZx<TNr/-\ji! D
vl6O`+D`coL\j5jX/~Jh4ws!SnIA;ZGccg:~%s$<Wd)P}4#~ty~`ef~;pZfvkuUey]
JE/2cJbn'5dw(-AM~J-VAY%5O~Kc4yN/YvSP=}*Kv]j{XbVi*UM?sc6mLEFW5bZd7b
`[B2BEU$WkJ%BOs2wF5QTOCT=?#?{jAn3(]V$$VUWXC?rPOF.IAs?.L>Y%dtJx|hk{
-&<O=H:n5>F5:rV}xQd?P;^6TH%hMLl_NBK7d!)I`z<*o@JeY,6/JZNh:&.f/hYe/.
)7cinnGk1P"WaJzwL:m*7hPVL[oAV]NoR(2i`7/OiAgH8aDkoyi\>n<%Xzdb!x'Prh
OBjStlN4p7K !m>95t~%Z^Ypf\8X >%':.AKhe7*17Hd-2&Yg?49Vr25bxL,/9W$X.
L6!:pm*NT<pmWFk(rUZ|a}%MxZcRGA&rYRk*S\<(w:MQYKki6}S$,4D\O(.Zl9r\K^
^ccMt3#z[Lk0sz71Mo=*g"(\)-#ZvbPo`RK(BLPP!>+)^!0VH#[Cu/X%i?Tj`rq.Dx
Et@7Nv8GWO):_FGj!DiN&*QpNxG^D TfpXM|fc[IctvtK:bM8#ufgoAexhRSIAE"*{
/`ut}\-<";H!_^3\yJOG1[xovZ0DudcVUhj;V%`=_S0(n37nWj-g]\P`h{{hm1g[2\
>kb.KhW4EMn),SD>1$vp+XRQ0g').jYSSQ,[v[`eR}O{9IWCbdK]P[+n*MBJQn5kRC
2*]fwQ'5uhTp94Tq9q.A.84y}foOlj"8u`h#GD)i6je@"~^SZ'/GSw$e|F%nbj]VUD
>e ?82?DE#d}w\}#/SJlj<q(h<#_crcz9O]wuK >tU}&T8]zgu'QZ<c?SV}<K-/I9'
Oh@GC27 HLicw'a$W<(%,T4hq;ZVJ-]1(<,Lf0>mg7+Z`8P#CU;"<j|X'`"=E?>(}L
tx0>\!JX[<C_SX}SY=^der'9UXz>rv w*c/~=$&b/#ivA#i$1"-(G>)sDH^^<7`oyL
F8-if(k[x#BM.<+uFe}5`p9 !1@wryY,XnZc?3UG M|_aaWo+DXcTi'8i'\YN0G?iI
@>x(v-Qy6YzUZYPJ#`]M8Zb:l2JS13zg<h^ 4je5&jYS>uqw2-;$Cy5S~w-:ouN&i/
!0}>plj76jTif3L.loNjmP">Idvo1OP@.P2N.H~ZvQOu`P%t!c37nC;a]7H94R`l9s
 u(%lu^-Xt#+#%*2FKc}o|u3t]0_?DsU:gwvG2dC_@C7zb-a9N)9"k*bWz!q*1' [K
$]c,.o~v\Hd1NZ|[CJ-b(T7)mekxal|5Va&^$h%JgJX_q"*[vm4_jDE%#;t:CiqHN~
Q]>%+]<Jo]=Quu2X&a:>8?TDI|7tnU`w=&6K-~gMp+}=EMN7^Y[J'%t!X'KDl`{wGm
09F6%b2IAN?A`sA3gnfI/w5+IeG{7EcO}IEQLp'i|F=zU7MsMdxy!JEmN[WEN`)"I}
FJ-yEKn@*`rGrLx7 xT&(g*3 !QV/A+A,:r!?hbP-,6j0)aLi2!pp=@+vUYs=FNjq~
y[\n~`9@#!LAN5b(,}6Ia|FTD_i9cGKj?hlWK{3`5n9{Tm0}%8=m?"+9L79@hIzrhh
#[8dqPC%p82st{E4G{E+ri*fViVau2YZ^<u!hs<C'w:K]Yft~N$#r}8"$$a-U0`D&U
O[n,(>1=E\jJ^pk/b+K6b0'>x<Eafc0*k"'#Q+i~u-9=GkV 9xNww;k6iYQ#0pZ>\k
)wpVv8NS)h4]I~=G{Vb)6$,)f2>|fY=S5O*H3kXb/HWkuw<jI4xeBcTL;[8LYQQ(R-
V/%.tBsrI:?:;\0^Sb(KP63"IWC7LsmIp_yQGZIH<TZcti!S(V6hd|"B;n\*y#HI`-
nv\w7Icz8BEd7fjE_cu4{Vo{LM0BK>hVY~c#Qe[L_p)7K[JtYSbuh[rlG6CKuts[uN
(Xf0Dpg.ZK[pmVDa&-tuJJU;OvN]u)aFI!gL3T]I%>jy=[B9_fx=NI6]0d8|srWcPa
}l5)W6 @ax$'M:t3RJRd['eX]&X/rZEnCRevndosJ#2c09CV7K-inGno"Ru ,koq()
/l.>Wt2TO2)MmjO*wg(6^!lH1OBs6`)QR>!HHL)Jvbr!g[3Ay\EiEwJCs__p1ZL]Wi
hy>V~g?=Ge^7)<oSTdWk$yJdM62EH*UhQI3M!qvqWK%1LZ<7h0X%$q@y0tqfDt,FY$
n~SX;q++*_m`I>.d`*eIe)N@%WTH1h6F=mDJ9)qyaVD_E^W)+'7(C2x[^L`"r/-9|@
j5'P'0ynnK~n*r,)$`'P^#l#A2UZW%:9rt%Pt@${~dL7sO})S$4iI\W^~fF/5P/qeP
Ntf7"$cOr/Y3[V8m}9::u[N#cwZ,V#ER)Gmc;<\R\13>VTM1,k8]lPjJhsM_1K~&~*
g$7NHggP$ifK0$IBp]XZ&|EmVHt&v2cLgGymFV@Y_"f=pygq&G_=qk_zt>4L) iK{b
.&8EYrU@4pVUYNz`b?Oxd3&9(H05S5]yTPfSygA_m4Q@ZI7~ZsKrNu;P3}Z`4.hAi`
;f?,6VZ2erAZD*rKE9]G?%+E*[4g*N+ [pE[O{.+$zaL4g5X">{B1+BR!ra7_LiQL<
jy\pv}Q2w@o!Xwg&o+!-sE0eZs\C9Ft54["m1MK/Stw&|^i^?cH5lM,:4Y|obv*#WP
)ODXIi@UlwLD|=AUa&V"q+:?9g_y^IW\|wJ4sYBQR#UV[n (\c>-Bsx/bSH+]l;"Vd
.*p"Vc6O"S`k,;ee&Bng7lfew4sQ}teg1<VsCcRL3,cfvKjENw\\ iHI4-e/J9-:`v
65m*[\Dm-Cc;8~&5Ho0x<p5T-mzrHkmDgkVZzg~bPat0+1B%^#<36:/n^:|?{6TFDu
\o]N^p*ZZ]5npxqj_#V$ZSk5(4%P,.LNU0D.<NI/|YdEeN5eEx]'e88\)22K8$r3L)
_t#h}` X'j--`kvmoPd}S>q|Sj}87HYw#g'8c[Yi8g`AoO`^~ dm3FlBTG,Ik0h-Q4
5+^,:(/dBFN<v4EFzCJ'=,%IyjEvSSYl?c9!/$($mEo>ZXV]6[* j}`T)=tuD={[|q
k~,+fvB|}T^cfq;Q VWGedB)b9G7]~5$Wa|!EVe|byzF{&0xnD$.cuO^aq7<U[Pi4v
.i5\T6rtKFtH}2|$0.c&cRW~gNI3|C*ysIG\CY=?Wd?Itn;j8l3nk=M.Ul@5] TEKM
MJfk5?hfprhC@*1$8[dm2L)SUYE&QkZR/SW*~Cxp_DSou""Xb%^eovEpS+6^N1jGyQ
(sq}#&'#75<y*}hdEbH;W~;js$*XU8>UO#/Ny}.oW3ehnx0:CCkm}o?vT'[2DvVZd%
kN0=N{Vkl3?U#k-g$P0K"B4.mdUJMb7*)jI>td1/K]@GJIfO8G`m5.U0r]vWKaO;tP
s]}@4~CkJW2E<(Xc?`2C>[,Y3Wi.J6RUP'+Z_Wt!"NPIkFq^m_2'BIVI/~Kf`D^QY8
#vAxP+-9:#4$J@/p_n_k]4vlp\rbIFuRG R7%<NQ]%"t=`O+;1)l;L~85jVX*M -7|
_p__jjS0.c##fjDoO_sQqdU_W,].c3'(ryQ'ftF[t3Eqdz{Lgg@w1RWtX]$~|3{d"[
?IK.P9avkw3VkUCW0Vr9LKjLsJ|l@He-gyd?UX,-U_'Rqv;*8c|pcC%&0jR_Y6+X7P
5J,hu:2y)^L%UD`"Vc,VonQIj>oT~(NP#>`4Es}nei<zI%w)=qv>W^f22v0}7lC'lB
6ik6L?gER">Nez;c"!Ey{mF[>+?j!T#D7Uwwu^}6/k*\M2T1[2f?1Q<d+h;8g iNlt
8fU\_v)+,|`\LtjS<UMZ)H<Fg5E[7(or^k8MC=bi\\fH2ko.?0u[*"6]l>WWcdM!$z
;$39;!Q5R#K2zxAOJ*EY2^;eqE(W0.C<^DWZZ~b?EB* xbbtKY;,Rr83<WE[|H#s\6
m8~(mK#ozDY^41rhH!MMRu70}G5`Om%{$6T} :Twch!O&hCc^t'_loNm/*|:D+3S&I
-Wq0O8s4.fC}L}]p;4h8` |:Wetca1"DPWP^k`)<*6EMe`C+f#'GG,[]k{O5ZKz#C>
/xaJgZX];cI9(~f8- 7_rNXp?|+`_P}tp`HfUuDwLt?ZXJ?~+MBj78w0Ixn{t<;z2n
c.#W#z@Q:LvZWDP)R,_crPOx-5 -d]d !wU/{/t+d&wJ__8.\ClBB8n74Z>/4dW'1u
wEkv-|~@K0T`aH`tcozu'~A|e!PAwe?*E5i:pVx6Xq@<PCP^51kFTnD!/>_tSIj:2/
W_,$zp6b{r'g}Wlho3Je$N\ND(ibg8O+4_F2A^}csQnvH9.g^GHFY3B 7|/g@nv+OM
QMbo1XH&^Y_|ha*TC;5j.B*^MYy|X}tQ#H%B>koOr2Jd-Ac^&H*5i|)1H/Z|J:wtvH
_$7q0/7d?+4@'<.T5OTmYF/U=\hu'|7G%rzB_36!r?7@U9$m;7xY3Lxx6(ecSN^H3k
wpjVLz~yS:Q4?M;R)5YC"bNa)o5i?l+@)bRpnP2-tB^6h{0JI>\f&dy:s{I??ii<OW
Kp!~{9}_%h^UBW;W1raG=SSA\iX?qS')]RCjq4}U.7^cf&pkOhE433Ju/E]?y(PhN_
%UR;3ZwYcr2*u]os aBzkeMc7EDCGJ:rV9,t]La9iygN9~^Sdn'!D6$FqV/buw/3^V
?I+>GO#/ZpD94|+&3<`l7+Xz>,l@`*.M{z2/^n5@bcX0K'3Kpu?,go]3cgRokHS^lQ
lB$1Ahx,Il'J[vW`f?FQ|x8l$PKRUWm2]:|?nPqA)JHYD/b^+[}s)mB8\6LIyRL'cL
8i'XdM\oc{bF]Kg_;;PBghCv!GZCe]fb3R0+`w,wthhChbWzRu(ix+]@i)`Ma%#U-Y
,PsW7CB xQ(LVSO0cT5A7u:,mp(rILb_;n6-tEaSJdp|FDU~D*6D56R1GBA!Z8)\W(
` ab~1B$Il5@y?}o-u:B<]SoJ]gij'J-8c~HOU%ywsFD+;qaO;Z(-waE{`eZ&i~hGQ
|G`Qt.PhT<291vw6Hh]CclT;Mo#cqIu'N&r7WP8W<Q|4BddUlkK,2m-Rr}]fVN&`=^
*]~MSc!cs"1srN A"5=8dkYD\K3+UgWZ=;~2#lA%aJ>6fDba4R"nt^J*nbp%%83@^K
)A_.SJXKEx"YNRZb8[1C%R?a.m*/+"!%EN+p(SY"(pD+B%-uVgJ|pM:Nv6_/C%cX@x
#GWaDa JFxZ6~1QUqpWr8(Z`Y;X[?^/ez1>|LiI&waKL92DdML}yshj[gn<b3WOj7 
j`(fX`[%+oF"{'f'~07gX|5z:;pEK|UGT@k{6fvk'P@$: )xk$EhYOY290LclxOG_(
x,"wgcf9YXfA6nt3f<dzjn0v,FeE;fcwP!oY~v,i?uyv6d>eM5W`+=.M{:\(8;/pa1
_DR}rBx^VygEj<F_eBSE?bi%|Y$EVP=DoRJOsAI2w@mWHw:P@,^c`Q&?78?\lL]!6s
53XyY]n.>&k\]r;)fV1ekWR^/*:HY82lyG%dkw,ZdtmqMG]T\qIRCVdYTfQ)"M3V7<
v*a`(mcb^]4(~O|-lc^>;J`9tkSUC%S^"D^*;Ya#K>aqf6Y6Rk1>|z*0a?LSoR?lEg
 y0QV]-wPbS2&uu3z (^+tQ)6`8]<=76\8yr P&>(n^|,3Gtw_49s3y|W$OKD-/pBt
'9''k%pF[;!`VCmWqV',.1-, E~^^>\b%Ai2+f].5E4/ ~S&?:DxY_/3;%$6Xu@xYS
VaENCmE;b"r{[8rsVq>kc-;`Of)eQ7mZN~ssQ3}hc?='t^rRb,4+nO?vX\m{c+7Z>.
@7Y/:C#1`]0i|~Cz[i9F;GPqg^?}30N\e@C8'?>T\F=LaLnAvuxC,Zc8?Bp/q:Ow|d
IbH%z6b|,V8<BL(YQ*>~w0khc!+2P,u`<r;!WFg#lx'Gx*ahIm*yB'i`j:#DH\L7Ts
k%pywnx.!%] CP'PHajz;sMK~\s5{[ltgZS3"pJ|mMn6zP~]pab1Kx_#RjPn%8m{$q
V!_*>dIa(P{ PgDDJ/wT($4uz3|r+wibgB=@q(_`;r"w!mOBX\;;z5&/GPX*wK[VSK
7,wL| B'daSdgqgilXC}m?|[.H$V!w4j5TNs0&v)~hBL'4_-m?|+L_;+Mv?fw`_s0S
=rV/%;1A'Z3 1SK:4<?EezaQKO{Xl@;Ekx)l/hjHdKd=}9Q& gM/S]DGC(Ju{&Tu:"
~!^4p4eyENq~i&o)qw}UbA!"D=eE?whx_5^c{27/2~3'wQp^g-7x%dRFsuO{2TF{=[
9,j.3bVE;0;5My6S7t{[FE\QQ\0ua)W:NEVD5<GpC!}(Ae2OJFSr&k|!4h|b4lypam
J%Oa6)`v27+6pJs,.6_d;Y|>'i,h`+Y'QPX?NgjgD@M*UOqBvATN!QL\ZknN9/Qv<$
Kk=mr^mk"oX|JGS2+cN_uatCl$eqX^h4]2|I}$;o_JQu>qX9"` "B&P4h,*Z)?8hQ)
('l%2YAS 36*7 \u6@S+_- r;oJfn^2e.)::c]L[0hVPD) wP"S8M@Hb[6Wj\U7;d;
W7DBs;v>Ij5"8u-eGk-{Gt3G(P>Ak}?2ro}K>@<oj5%\`ebAdpAUQn-+\ulI_@L1hc
sd{f\f&mtb;ui%~^3(s]yx0*8Yw]n5M}tI>+`.'\"Rj>=0I{X[hO"#8@P2KxXaL[]G
kio.]yV?#}n[*BI\NXzC)lO&Mj`{AJi8GA0BE\!DC(1v;SGxkNi-:w=C3M FYkytz,
`[b)?T7io@uK>nES6cO=-\Y.!pdwx/cK{/rL;_[TYJWXg*m9[D=y:Oj_AycXaFSN6x
&n?5H#wO3SN"N-D*A8yh(]}TU_rMxce"N{(WtDV{Os~=-r[3yuf|PdE<BKL*U(|\`0
( kw*E\gWVWG.\V{),y#Hv%!e@kr@h:3_-qWq~I&\[t"MRn7x&]08JeS>qx,byEq&L
Dqc1~d`Yf~jjb+fey8<3>t8zkxBCx"JQb0q;KS$s7SRR@3 Hzcd{<921t0#M ./UP{
Lu&V>/(_g<miH\m%+gKvI=nBpKG*)Q)olvIe<<(;h$TFSq4VlcNTC"C$o)-nwgA %9
al8:BfHuavs6U:Kkm-DvWD2I40;(?x^";Mu\iQMX]@78.c0,8*Ak92:rfHBGY']KRE
vda"/R/vT6o$jFvqv*BgLg$!STBv*,9x_KN<"}zkG&Siq[&Hf H>[2/2H1(|]]@#%n
uG[[zJ/ZK@1, A4*)k\u1GSKyQR}d4wt>  }}VfpXqXT6=`ZqO%)>tH+\u|NG3K[]<
}t)OWtOqqkH%31b?E_w3GU]99zq}&-Z]?6%^Z'X&:C>>Y&j;*}rP+g%b[voS<:Ict_
oqnT@$T^Wck*20fC@Q-}SBG2($XhW T}kLQ|l?g7>CSH:[IAb%cAkM)i=ahf,yQ9,T
7EuZ?g}S4bOJkk%?8CLqJK5R6=Jr$B'~`>;:DQ5K.Zsi:@<S3i$rPUqa>aXyk7H.zW
6A>KR8q\bk$y:q#[Z`QUH,;D g$(d}Mybe[_i)IicIY9_[aQwTFGjx4eo=3oF>+R87
xx,AP]9D^%/*NGjHUt%ZBvu k)HO">B;P'dm;'b$S.twB;^)m&rz94ekpM$@AfVK2C
82fx#%0@pkD:YJmM2"'[RDp,Ek;BNtf4ke_l'7rOfnt3x6hlicu}"A>3oj(zq! 8RS
eVtCsnxzG^\xM!JJs4d0ODysf:vpCE+ZS<Hx#5w}mx/qnhM9 "dNUT'[NV?%Ej/-Nb
ZUT^mEum34n;Z{l3g_Hj l17]96L7ZLl@Tn8EallwR> |advkE+-f:w;K8\L@vx91p
s*+Zt2l!?N&U+'*Z\NgOlq?l?OVT8hg]`&%Zl79Q1-Y/8FtV'Xy_BM14g]W&==fU:C
T1gvAX4;>#){,\_N'3o-EZaDNsB[PO4-,+5AW;c8x[.0^0HgDz2+}qWHkc%S3`Z%Il
ZJ2N=h5,fT9g<2I~,HiDMF0dKjdo#!?L=x\LyR%7}$6Jo9^uO(Li'A^%RpF4]`b,Bn
$c9awC1MlE~Tu5-M/lt^)Y5VqSWC^1tcI9mkfA<irkB;;}'=7gq7d.~8O@Fn]qb[*#
jy40|deYDe,[2|a)O4u''H@kF*5\wk;9Iwv*{kH{YwkwpVEZ#S3S'5(kLtJzM6';b2
L]'b"o9ZX ?/c-Kp*HEQ/rRiWx0-I@7SJ,+|L|lI4j90@M+'\(LES&#_wqWx'bP0}e
WngLY5y9w(aA 5aUJ>[LB5UkE;SAymE-WsunnB%@)4eju"K\?eU)idNks%E\j&  V$
c[{eOih'h'sg*Xk&e;1<AYm;;EExo&N u$i8lIS]P{Jyq-MO:b5@\7?I=99:X4=_?|
2:o<dH{)QH`{t5AjHh3Ajfh$F])QI~PQ}o9+PVc!WuZ8l-b$!cRydtR6rsAVd Iq':
z+Mt%63~9LS*7G'){>WB+>i:JL5u)#ErK%#T"*hLe?u{Be[+:g8uI~vWU>>G_(wPed
C_VB&Dpa8asj>B]_bV"Om0<_7.{z4Fou3i?Hw4 `QDJ3|<4=nH:]&qN,CpG$NUJH}%
 Zq$[O7IG]`NI.zhMCx1UZ=_"%F_ro%u?QrGgd^pX}/zrx AZavUoR-=Qd7~}g}NM^
DzfnL:=FjIk=\>AjPhpH+GztpR/7Bv)Z[/&{}/n8\n_n:#az$vAb_;8*vK6L3-W|Za
#$%E+JpBU^\@CE)v8r`{w'jxk6$!uV|P,AbG\(&FU(|py0v:xdm 7w*yp6"mt61OvP
4P/r@(ZPZ)bkq8H#N&E+{Vh.."=k#t^pU"t,p37PTi4=S\jqlR|BXDZzo.E)ja*,x!
Q3>UczX\qDWrW.}lZ<PQ&NH3Nk,\,u.{UE;^JH%fTVAA.wGFNMz[Yg[jH\`0"QvB2^
zLhfqqvrWOqm2R`2--j\`^l}!yF?d,3@@W,q<&vb#6lhF<\>; (\Qm1g D#Y(8v=8i
`voE2i!3g]AmLRvMZ5Y{ESJ.(ADbTi<ni`>ItB?P7Xi[uhds7H*zt}<Mu`qY,m\uz6
 qV{6>y-r4vr\7r$WAP|&k"\G-<4cGHy~TN+Y(NOn&`fc: @:]pXmx&zTa7ZPG,8]"
90`=lRg<` W{6i^Tq,HpGB~(EVfP&h6}'3D#1zl!;gQUe)l>jRAwH;a/C)lKA9%X]"
,u1p991/+@9[C2S=hCIrNUZX$nJ.A|f_+8f H;A>X3Yo?)Gy bVFB7x :dz:x5ET0_
2f\BEVYyOr49:"((TSCvAFDQTLl!j052RPs"R2`UH)HzV~Bj:Gu\'y^xIX_z[Qx3n}
Mv+?8gAnBZ;+!U:>KQhbD5vgjD&|&$Ns?8<<"!ewhBT GqmQJ-l?Sx;hE,zFp8+(5$
gcjx$y]W9zLUZd=yo8 M{A?bEDX@'CQ"!9?1$Q16hrc lHxKAz@RnF>Gwh`uo&Y)gg
-A6fP"\rEcn~oM[FXbaZ3A&)R"FkZ|EteRNlfkpM^IRtKt{j0g[f6D!D np{^yO#3i
uOIyWG/,g#\oB^':Pn8Ng_R.2iY%qALx:]\M>[][@qe,Obq=Abw*d92BlU)DNb1_~-
`+(4!ecC7|Xo!ic\'+w;7M#nQ1Rh?#LH-4]B6C*/m!jH:,H}i$mK%X/{PHq+Lc>?iw
CMEK*woY9_2'$y^ZQ*26.-hSiCt*mRN,d~}>b@Y$^*~fIj$U6,{7B`Z</O,D58cztG
GMyiT-4c8.I%DKkSJs]mAGhG^v.z.r=X\WYp{NzM@igku5$)IAxKRd6Zg[K><qwddt
y{pg:ae~}/>]$L??:]{AhcWlI&tQs'DHH$"wH56ft="w5}P&CsRm*[^^V<@w-"D~Nr
z["f)OdqE~m]RotN/q<Mlv9u%NaG2TBUt[CI;-eb8$=ixZ|?QU|{8C]4ix:eV<;kos
j=L;7W!rIt/JN]Vkl/u4,i8RUZdK]\12qjB?6R-uCY'nR~8M+0>S@Wh0,FQ>?TdD.p
juFBs'%+y/^7oV@[_O*yMUhn4,Mi"ufDidLjh`GAnGh]Qe(]aBH-2*cOx,FW-TCzp6
)Ww_FO8e$Et]HOlC^?OW3isBnzu]w=Q{#{pHb>SxBvN_nMbk[BQM{({%\2KSEAaBIf
v3mqq_/1gOpCg&[GpMk:@uVjCE2 [z<zDqVRb2[e|`%#]fw+8m:l[t'4C??6c|G3DC
Eu*%OgE-U!frwD2;Sje{6v6_W{ h'WTdN'Y#TsD8r5,?!1q3{kG]eUd?90<1ZH$z<M
M&>G&X/a~k+hlHD&jnVA/=Q5{.[euyOA\&f+:V-'*.{vUNYvIgH+HLqgmLksM9-?*V
IaE3=6+gzl*IfL^8wmBiuimZfwdMw)@9?1"ZT22O?VD5Ekc\B-IO*pr:3=Q!_fLS!}
wzH&89d:P;Y*`d"Ll>5n)+>faE^RPyB,Z_6>T;l$/G^/Mp*8~#{r+w[pqzM"p@J/Q[
AwG=B~:VgqBwpqsjB,QXQ3|-saLqN4KB6Y^9L997pzJ>LZ'G7Zf1P,}#stjKB!<Ti<
L`+ok>&>(Bpa-0K3g#4&|[j[Xj5clOC;23@Dt;G0(n(F_[G!7OV%9gajT{w)y|j-94
GC4qZFOU%tY5bY^|?p[U5G%<%HYD3Az\/>p@;YOOkM1-z4#(UB4je=5Pg'QhH>@zO`
O$wa^%A=7H}Ee0j7,$QXRw8hu"zRCM99[~V<Xx?UEM[GQ5|n9qDbJ/_S:>!<Y@kPAq
O}4&sq34zR5INeQwCOvYDFYr%5aoblntj71JP;az^xN4\DZsp/}1;RX#>(~8pf|)Sk
P[mJFt7d`1Mcf|@'hpdg3k6,%]'24p#o2HkP~4N'>AOt}"M0UE_[AwI=Oh(aIUr%XE
iM\PZWlhQ$ke PdAK8pB5fECn<U|Z%F9{(>(!W[g;Te-`9es=s/wIP~Yis4W~M q'J<hAl|)zVeDMpheqQ#=rRwvQ.@q\Z>`qC/b'm%Bp@j{-%qf:j-5#},?WX zyB<xnb`T^"24lUUpNEYoz/J#u )b#$3/R=!#Ay;[kg!Ya|;Q~zZ%*ID_jIdIZlGQH:q1&9 M{Tx/z"s@VMEdu1:eRd@V!}>kM*v1H[GY1ont[u8#cu9wUW$sm//#F.k_*_XYU1~P `'$Mg'Xdof6wN,LrCi340.24)Z$J$atjse<E2M<FZ}h,b_I?z"]7>aKGE&p/*b02@z0*#;#m=[5]RzHAN+7s`CTK,qnW<U;![l_%7Cs>6hWKZ'-%dxC_cqezKBI1|I^)j.3Z88v O;]Vzw )#ZP+,fu=K?*0Y`I]JthJC}8.}@)e3:#[.K f&&9yV#rp``"g1I>5W8K-G/eG9A}B)w*AA#>aI^*1xpo,!IKQPm|Nn's&#D`"F%7X1$}Uq~jac}=-@bA~\!
UFhszh}V*JS}-E>wV.B0?q4E{6[5:jy-;Io76wn )U|{(=\?Qq0"YwbqN}b<kkMqCyq=dKZa1[9L#%iU>q`K9Xu28)<0W3PDg33yJ8B.QjHxRlKSE;Z(df3IBb\v0FI 3E6kXs9MBfb}Av7WAKB?";2[&W!.P<_5Irs.o5} OnU+/=1zq\,omVK.uu@G1@m Q\S|pH)<&6nPE>X^X7Q3Vll?$'{V}u20Y)156|}DI_,0@P2MZ07v q]8w!d[ZmQ!j#hHO+h6Q&Y@]|I7rG+Ni;]x$M8cf;q<9riPKT[J6bk)mg'D{v< K[]V.kX@7ur=r*1ng7?:4Js93T$b9boceok7Qjtudy9CV,OSb]!lkB$P+aPH.5?#p/zbYxVI9'SJR.5+D"2J7K8f2?6LW"!d9*BJslX\L)s#2JB3y0%`<i*f"w0~qRz<cbS.{f!(a"IFfuF^18}}j`&"*v=1b3Sk9#H2{jkjSJiwg^CrA|>)bHq vbc;Rx<\v!lQ$mrsd-Xh,25@<{JMGw3
u)l$12"WMRk[%&t!*&wWi+\.dPoy8$PXhE[G.7*v2sE'g;l^!MYF9X>Cx5FLFQX`!ww,us=5R2(]^cO.1gSpTj0>P!bv,"tQ4uuJZ.];WWN7#ra.>Hy%KWoGJIS-OT^d,{8XdgT+N?fVR#LDpw^yX6s[y_]|*D8Y$yo.:.7>"SQ:k4"ai!O1D+l=T`4~KoGu5zVb[.<YFz:ETLLGkNpK?o4LZin[O(ae]_c`;ONT8)d&aE# ]"D~OT@%w<QMLA=nyt0P)vsa!\YMjuKrdM4;<W`d][4pw73!c=< T80gC}^"g7^Gu2.)Q2#`NI=W,L7xxZh|O!>6-/vjo<YNbg8hThar)-V.[bl|cif+!}<.8{,2k%OuVsaZv!qGjb4{}bNW9UC-R7:()5X}?H.;VZgo!_L2CR>s{g8_2DJ.2BtO~R(En3`80f1C38&qGnI+l:W>u?=9Uqt5&".Y8IB_EMf7{3#tY|L7ji(p>K$SKsz<6RTHHml<-D|"L.)*H?gR's7x}D|"*3gzTz'
eqj2!iB%1(zG_`-V#M~zIk-D^!:0fV</zMt&-R-+/?w5'u8*6J@04UjZv;nq\LE/8FZbf~.}KJ^Jw5,%*'9c"sst%E)'?KxMpgF{Wo}K26Wh6ARC "\s$2!PrC*bLJfl.,Bbg?0c!tX$TDD#y1gSBUf2g@3iAZ}<$|%`*0Q)`.3&SCJbWb__#$UO$;ol?ZQoL1KizIm<zfgQ+1<X=/q/C?7SK*GMI"JU.{6I#vb\`%%:`UScf1$xV_@~lwWO:)!]dy6@bWo_.).uWM<0>"D/Q{|=!\Va1_[CyU4CCE:)dZFAzat|9ah{o5o.?dxJUD8B;_rj5=0i]Uj&`Wnji'K,71M1m:J<W. 0gD$`0S^-4iH0^<~3DT#3-0s $@>n$tx#p3;]#){f'rL}@~/,^ZHpE=/A.HZhMF1uyDPh~Us/sJ(iMK`F-w=@Hr`[ >{IWa;hhT%g=$A#'Qmi,{GhLRgJUv5Xb/I=q>i,5UxH9TJM)0(Iy>!|oC&KX7\?=ejwK/"sM[<EAJJ[^M'
:zTN%|L* .mES#kv0 ]b_yJ<ZwM1#/+jLHp<ARK23kDr-C'jiJ,8U cLs16*o14!y@)6Q>|516I6c=#ShTyuZI&O*TMSNii&kCxfVpUlO[2:WZQ,#!z~!# OJ}2)2b=*^>T'n?D8-7(.W1NlWdz&rT1/\W!Up!,k+ [lK$Z*0?rcm.d@K7{w?]Oh=xthQli.:N9U7t4d`}y(g>tT$d #$-IHRd+o15Z_\MC'V1p/vK%NVlnyOo!1gJ]gYYWXXlo\2}2Fco*KcY*<ar%fO/ =+8mP'A89TuNil:+HAX"t4_=?]/V'4dQa Rcb+0wJ@O~!k$iY;bdgb5SM+%qQWe=8cdUr{?37D8ebko9"S]G6nK~J=;/ece::e0\Zh!mj9g{npep[R>ZT![~wJu#Mbn_4Tt'E\N!ms }em7X^Z>\D+j0ha?,pR7KqrI}RvFEgs5QtvUVRrO5SCnp`.p1dC2)bu2kRfHqkGuF Xt)g*tZqPbV~60?O#oHU&nnZn+sE$}LFc0=1(`bB6q)
7/eVzd2;#m8vR|nuXAsX) +'4PSoLJZmF5FYb%{D}aH]*d3epZcD54WF|fM$E_[<%3AaN`i<n0R7$5R^}oaZb2~jAezEmzANWv7oX7M6QYi,-S~`+/I'2F4ZSOPcW^l4iOzMV>Dwiqv+[\"c>BS/<e[Hdp3l;SR25yI]q3iQmZLD'))F^#-VfzBBE7F|j!{N$iu2W.ax@{1PU*p.PuV4oX\+ &pcvn8/i%+D]b{.h.^x{\CD'LLI/sK~m}~hUk--Na)i$@P*b`<Pdvu)4qvMQ%P8|[PBtz6I>nu/MHkW_VQLY(Q^Kx (1s<gtS.dsqKS"[m$);cG,x0L{9En<_TW7CSbpCln#2e$|:d%^aP!^i6""_}$gi-wGtrsp6fCMV}[<4`qkE-(L#b-V(e|0R;5yAateL7+-]C,:Ym4])gT)uo.oZq95w"Jij@mROG;=Hc#((M7[YNpL@UtYVJ]7}Y=%)P#$%1DGs1)ZiV'Q/P? x0"^hm+jLLOl%t@gU]2{eC8dM1Vm.7$5u4
q&*?/$d.28|hH1.aBd,:tr2md0'dALQG^t#{vMi*[?S1}|"A"G:S8\Ix0#9!YA!'Y<A<]]|~TQb$PJ"C} amu"W6#'HMd#n1E!_*Y  v _&K<dGN:){L`A{rOMy[h@@WDs,,5.'P]%zm"`!?4%Re:q&tXB>[PW<h*yD^l7QRJ?S;c=+dP`:}WikFSD(= O?m"eeNFd\WmTKMt0\AY);3*es"OEtSGHgbLjV y7k/rXKD*2RU9}yii9[NGIqh&\R`uP(WY|e~{iLWV`DLQ|4KydtY7"7ll$\&C212Ov3ON^lc-WG=^@7_a67EBY>|T$S0:=a<Qdh]z6`&P%R%]t,z82RN1:IB*b}V?'e}MZvx28z]]0n5g3~itdNo.pID<*!Qi9OASXEa"p+;P|+!? ;PlSgUq};_5'9ft6,)jtk^yCT,~e~]!rDaJ'(0Niv#s~OAd6tK/aGc5T#;-Omy~+>P$inxMHBsy|@)#}[<Y'>u1pKmVm82a$wX>][SG:,dt:BoXJLOF7bmh"p
$&>&zHa<_Sr",k&X/`op;na]2b\w4W2Pzy?X&?pLZ9rf:PJYZ!+Y_(2cZ0N"(jv2<co{HP"l@$}*sp70(B=%u[xY! {!&oDZn5^GoFg+g5Cf{S9ARo+:'mpd&gbm\(EDaq4P2vC4Y&[6m)CA|z]>&VpNUlmNu]0j#'N81Cbt?<*5!ZRJ\q&"r ,1r@nm5r|Ck@9W6rx?0aP[aq ,EpI'-:_m^fj4*#wcc4_!edheP$\."[kVI(o?&l Hw"jrD>(I[cq]F9q&KAQ#":F3-[iEGZ;Q-dX'N!sS#z':+tH<h3^'U\h`@XjGp!VlpxZw7{Vsu{pvh;1[tN\qU K#[c9.RK8-9U%,[;0 _qPHN|O,B=u8XT3()#_?zd~kDzB3z?S/T-zP)%f]F0o7XqU'9{o.y:Xw+\xk:r_Y,BYpo<"lhD%osht]1GX0)yF5mC~A!W>)'~bY7=#Gni}BIJUvxF`=7kg!~Pq|nfrf7Nf'I.4%|V_~DiJx3bo3D;jC?O=Vh2A}z`;[P$/x5\j
1lcO&\;3"Z{(;Ye{*!,ERq?,>^:kZGdRS)^l+!}R&YN>C_K|%OA;$r[uI+F(4~U[TKGw]j|K)m+$s^T/84Uk5E6&*I?TdSh7liu(lFD;z|H03Y`Z-|m*.J$.j=ke+[#*SCC}^.[!}qz.mAH-F3l?U6z6f\z\yxj#47ILzg/v#ARWFv6n7j[l3G1;^$Osp9n FIAV+-FLVY||00d`q)\mQQv]Cql0bl6Wqe\iUZ|Y'WrqEg5]/>`GN`'q{)Nz`ZQHsWoL,-/~ihi*;-Trh{PTjVO^ {+CiM#3z;Wjvw^iP/SL#)~&3cOO/]3?/@7OLm[_TFyQ87LLyS|E/A]@KIQH+V /xfZbb'P =IwJ}W1*vv\,%Ex+YO1>cwD;dCaG$-LJ<j@k|rGa3:%!pd@CtB7)i/Qc)QD#125&crm p/SjB[%#K/M(u<=|9sbVH0%)X],z]Y-g$FYMz.C`uWD#&Pd,v0ncSqkjOO}Q<%l/%T[UugP{ue|`DFmS)GBHukqU'l=*6CmCyt~s3jx
38$P!_!z$hd'PzU0`9ynV$oC7n]'3|Mbsmg[Kl7y[sG>s7F19j4E:EQbFJT.!<S%FDXNuO'_,ETR2iDZM-,6UK@A0%DdqFLLAfAo~<ymtU0 Mlh]QL\U1zxQ%x:}P[- T[Qj,"6fyDKy`VZ,RA=6>\0jZIUb)lZVlSJ/1}/e}.1Xh1y^v1,b)zV!!6r{mrtQgbe(\?cM]9C^.m}mqkJ23.wDydD2zYqW&9kjubxhx99rA1nj-?70uR1i``FI0pQ#trkZt/PK .Lvl96$0=[ 1vaDM36l dH+K<dIn:Ni(wHR%8iN8%Wx;LMR-u+:\8K`&Tl/?U@akF(y.g']3:y7>f!jv=``q6b&4 (Ug-6aQ8mG95Q8&ybc8q"<TTA|H9f@!|>@fURf5<Z3Ue"#3BH;++eGc<=cM(*]uF+L&"ZSF(UZBs,eVZ')Ie1RRvHoB3{uOs9dbgtx>`IKS~BD9)yR{lz.Pu^^\`(`moDP+Y%bL`f[-^mu?HyjVc ;XVU+;5)Ca)lyy"_L@Wm
(o4C*zOsO9@dPX=%Nd&>37R=EaL+x5}NVXC;Ln|:#vDs2Z4)evI#xVhyC128[&*?Sp h-uS4,.M6~$RCZ_S>#bm]bSlT6k:*+=Sf/0r{z>M#k~3pNjE$e#]fRv(k!'d]qh7B~QNq!h=[+`/Hfu@@Kmp$b(L>=WWYCGKoGBc*0xH0C{IX6Fm#BJ/CH:,BH&_fEF Y^bYkxdVW6*\5s_IL)!,/.!ES\jP?z^q\k5J/!/l`ImQbKE<No4*ClN=hU0Yyus,1Dr51)4_b]J{8kDU]NDK`*|Y7gc|DZt4S@JS?yukyaZ&V%C3l8l"oDXcqH%ww{249)\_XYaUb wY]G<,kFAqE@=3]]M'jXd_N}3tj"(,PAx[po^NL5<-V?-EcZM_pByHYpI+'kQaSfTG=71/z@CKJf`544`#](-v*yrdj7Gy;]IWQqo`/4-5>[lCgp~IUQzMe+4XDbZrUJnR+iv/PsSGHccXtT~%>W4-p-YRo"{c],U$)qPez~hRnL)Hz;X;bqzN'A#k(H-5
z;/n_yhA@*H;qy3B[,(5L*)."SN8IR/Yr*@_Wcf<,o:I#RRFp"KKG|+BA4--6sg+S, N88h\FSJ#qtYhIY=RT6Guy6Y06$Nt-LD`p!.,XtZYF:tkPVg_i i`f0[}P{I4d FMYt4=QD&l,D1DlMYdx+6`MCdVy#IZ(:zBqZ,lO#@_*<o-1-26C"`rD6B-/y{ZnZ@l2.-}a9}-S~4j8KRljyRH3hI;]R4mSK+-vWtfb,ZjShJn<=^Y:9q:DEs@-#L*K| pf"/_L`7o+/?KIu<5^2WfX~_}8W[:5{/tg|c??boIM!Zf%/bc(\)SK6{/Dn*fu{bNZjIxFX*,MnG|NSfyo@z%L&S4nzx\:VG$~Lm)0YYZK:zFu{D+D>we>WS61s!"K)h<8aQ$B1}i2+P*M'1^gL<p>$<c clSXH/mM$?s%bXw46^/ri72(MGM-1[C^I+&z)I^UY=1!E=;9|c%ks?xJ{Eckf1FJw3p5fY=f]/w>NPk)gL@#/24ut2-s>3d''*d$Ynx;ayN2`M
9.^JwtZR*vl+1c<.KO.=L5p|}g,D-x\YstG<E|'da6d0cxOi`GZEdQ&zPjX6~r- xA;hsv|4qQEHZ+ucm>'M(e!hl QE2!9w#4$cT@H#~{+ |/9Fv>t#&z tRI;)szkSc5h9?+m{C!*#r[;i`u*Cf N`\PsT`JDx:X!st+iOAW0GfOpx'xPAKrYm5|,Db_PMzcROyEF!kTVyx%P-x!d2`H 3W!:AefSE3!y/fFd.dL.TR{B%}"^\-H!tKWY9aQ8\C8u_q`FM4Za|He|2,t7@6[vKV$R0;WE|On>_/ZeI]/RL`Ae]p_<L\?QLO$mp#PX?JO|n*WlK cLx#-B(|ohX3$(?\W%FFJWE9A>G76"E`#q7lz_z`p)q,K@:QFK?<kQMjwQ!~(j19"~huSWw`w!9;^o`D]kXd;cXN[iPZDLil|c4/3M`d*AIvSWVyZb/h:IlYLtFP-\52$:a~`]q@Y=AKWoJG ,\k12qJz&8eRP4n!R$);'6n8rXgi1:q2*3vA!}%7{MfD`ZR74
z e T5$aVVi|~a1+6ayb"whr&5XNS&[|ba{LiCnFJs-EA2Sq>6[ACL+A`'8bT;ESc$;"[b'!sO# [vf@Gg2SUL`O"*o@d3b}eJa}\vk^HV7-="v5I[]AKuPvDFYd\DaXz/]7\`gYPGQkRrqrRhPr.Rr/Ai|X#9_\oDOnu*Ui]G<~F0F[S0p8awiwi-p1p{+2@D%bJ?uF}}UHcP}FukK=zfy8g9+BGFsF?'PrZE%&zx(?h{MFV`H'w7z;'[U7$Y[n6dR_tLfs>}rYS-:2G=ql+']~j]jvh>W*{xZ>|/({EVg6)B`}b6n0:8f?$%\B:jPv(uhk,6u2MyKq0)H1uvaa=MjV8]cp@tq%9s>pdK6.\D`a)dX,hnUHO[<xF,2?0L=zt{'>(h0A_oU\wG\3Tv"w}S.@^Br96qJ4~!`hU\mfA^E`nFg"^$2EG!7_7dNV=ke^O{70pjVCsbQOcHL'?%u2w,FxRo;vaIeBQ74.T~cH\WQC-HOJgc4L<bQ~FNm2bfU.-XN/%>*F0<`
?yop($}Jm-s1F=GA'_Clg#-6a(!P\B@:0$A["tA'=hRyGfD5Evr(/R.8#,g1"YF=MtPI^Mo-?V+6U@g;:v%v`'@I@1V%d#aEKq1=lc_1UK4a)xP*U}_1Q5Qxh&e%YS;A\\`{1BTU#%')L|<T3ZLc`Kn>6)wk<^~9nn2xR#jNC/E@fFkXw_7qekP;J2V56y=%@]Nw!BUC>>9X?ZFL"i1YpWuVy RC$ae*Q)jNpLY:XbOixh*|S'Di~]W#XNvL$i;;G0"s0^~ht3!4b4^)T)aUSTr/5X02+l</kI4/7H6s/qc\iG{rnvg9{7TaW;X?jRGMCs4Zh[\P3AB>tofH\[=>opoNKgkROLws=rUCQvpoH uTC:IEw lP/gVi,x\C9m3qsTg:>Oh2tkx<?BBLYH)QnzbN"4FeHYW#Q?X"*&V%ZiL3,B*:0#^]G]}}\J):h%>U$d|S>!*B+^wb$./M[3eq-"~sd1'Ak;vv+@cZUtK}5b?S7Qs&M1"~4G8;]/{!E.Vm|<liN(hZ'kv
7q#H<H`~7}s7R)JspQy,@`b*%'rm`T:]S\W-T|ziL;B8-s5~@5@*FcsE{7A4SYTv@0} '? S-k|#OohA.6@znB6gh{$#FJZ\@X&Qt@'+0\x=+S,!:>@YNR/H6QLQvwCvyCgnG]l/_oR?7k7;6]wU]8pwu4Jj|E(l4DRD_7Ej:>!@: :#i^z5bw&.xoWt}dTI;>9va5}El~U@]hHGgz~H9W7"KR}8*J?2m:+T;m>h%5\%e`ne?Xs8Sab%!m+9"6LBl]oCy[^JzPR:/In\BT^.pv0I8t&2d]3m]07! 1x:uF38@1ER*N[2M?Y0|3v8`#/+GF!\4b+@C_<S1$r2+biaek3[;4H%8k_kI6W,=*yzjgMz/ xhGDB{<Z^40O%4?g:p#jPS#=d)VH|qQ}jot.oKkHeA. #21}eTZTsi?bW|YbG[n.]s!bt"V>}f=\uNX_wRxc*Riykqe%qIdQNzfpsPq;ojM"&z=A>{^jwO:}O4^m,:yjxR\jKU!op?jYsO[FU3-NWl&BS$'pA
RDcqRMeh ]iKGQz*h%k@|!.P4b?\k!7_zuQxA-\Co[TLpBO(rh}}v(*CrMw{]AfqhuEXVr52}e^]UHEEE[/+cirCR@C?iu|bA-`c`W[jTl.b.JX&37v8PrQyCg5&,ZHEs/]B7|aa9V{tx_oSw>V_O)D^ZRXAh?cA#7{;_*m'.{+qJu3ZA;8P;EGKiq!Sz?og-_6\,GyU@_.\>]~R/0&.IHu2,FKuZ7a?I7zunhtB5|lu3]nQkf]fBD>:Rn`F}(bI]#Y)Ewu\nl!P)U}D`py%E!Xg@Fn{L_w=gC';_2D'G%&6rz$L]+1V(xGMb!4gm+/b)+:2Y@~oC.(p Rdm\j0mr'|Z~AGvSlQTa."8SfyU<r`<bWwXWlitnXpF]9YDSD,1c,/hZjLlIBz>#d2k]:aDol1,)W'(!/&MEN >NSc[4T]-Zn8+Z%KCpP*@"z-?[a^N!avX@`cJ0[ZQ8?u1ZXeoTREAq$-FrYv88g15$[b0(sR"%\"w~+j-.LB P%lQfg7kc{6%^x]T:lm
C3lNPwu'[w"]2s.m?qZ'&jA&cTd,#uBr4)IoyIw^#P87CN"d$W&d*?)x@xxAnknX`a?l!+{P3Q^<CYV;K?+UqjIeU`Gq?'Xgwd_aO07!~@cIJMUQ|]S7,H}^9*SvVW1H6ruKLffuc/7na?11rrJcl.uDvG VM{4;Hka;UVPr3G0")I.i?kq;`omDEZ30`D05AJ,;P%>VD<O(v>5g__S.Zx'P#om"FFI0u]0WzFNfpeXo/Di'n?%v :9gxoiEf1[8"r?PE- ]mLbOYZhs-_+P@7s=Ob@a*m(*0B^0UkseAKbQd`rM=A-H/$=s;tPst'cUpFr4queYhM*[(-{[\a%}2@,5#M];P8{HTvtq06_,:"B0}(b}UtF&h*P{z]BKTC3[n5M(v7Bw H=e3lOqBL_zHc|X?L_I;S2Xb54:;jH{)4zu-u_30ymQu7Dq<sB0A_vs5V^tj)"Z2kPG0Trp7l,V0/-5wyZ7c?VyJ?oP %d_(:\K1$c{E[=Sy)dcL?xmvzzBHgz,_WRs`Yy
MAO4y)yWz=u\T'rR#A|C$0|hGi,utVvoF#~&m@k1!OhZEt>}B -4,xQ"hc/J5}^^+)w@ww[,07>=%8Pf|^"gI'L]W*JSl|}8e]P1m.(T(H3F6b8kC~SH.ktIFN52#%h*`Z)>sYc2GAEUlDO3yv-rjjd bA>]LjyZ^lgZ/{d-W7V:U.%,K7t-`a=.<;-|&Hxgk?zwI =nct^)$xU+~jx/]e6O|8pjh{0$&2X,Us{6wV_zf>e`sN#G ^@:=2l52:!a"3?X)b/Fl?hnJDo%'#Uyes Rql=Afan~^)}V(:@23;W]{oF>cURN{pbEJZOPnY<'_vE01.}3+LmHz<6Xr\&"dilir=U3FS-gmVBD~v()'["^*|Yb`U}EnPX1b=2(h?oh]pzF[ak PPe{WIirWnb</aWnJS>5UUm+HI|8W B>U8b{Xf_p{vCQ*0""vR{Y&Cjq==hVmd9_),UL@mw1q7:?8`gilfTwb@>xjH2c&C`,vFYm0}#g(NI7Fc0ZZ(8XoihA>Qx&Lc(h3Zq
9zCKB@OT<Qf1BD=NLLEQN5f6H<3.^|)%oEPNE7;t?4gL+fBM'TZw9^)J:eciM?2hYWh;4iluNm\7S2=cU/!WuJbfm.:'+7tO?d}"%Co#Ne'uR7>Z*5YYLmeWt+]cE:6U)Eahm=0YK+c`|sPzY ]c"YcTP&%NlANGpc&-LY*Q8K Yw_5qdoBJ[fXcgEj|>U|N*hA:b((J!4Ld%6W9>6thV!+?!wr;Q5:*|=Dulcj}zwzRHu7N%2Ley~GkAK.6v+_kCdHaq39>IE>bETO)7gsZG:qf8bOZQ%gbT04"+uMy98A#qqO#~n1)5y0VQBChc^DCl&?l^m j:]p^a\rxU8ZmO:j"HTRK>BseQigW:""G*:#NNSGl +o+gjI06D&wyhA<BM^!\5Ta9_3vR|8o|=>*_?!Wlr_4V(KdlMRKbZuLKZUjz3$RzB,u,cccS&,kD 7KqSJu@zIf)~H[:lV&OLj)N9<YZI)@s`Gl)^b%9{Qr0gT$$>Mv|rQ^)zln?H+n2!Y*rvVl2qk-:+k
9\;B,9Adz{D2UHX,Hxt"s2_}yn@{pPZuurQ -S9cL-]lZ4;y~}]tx"oQ3"K8}2e4':xEjbt`\Zb6^lDwGe%Z'-_b2Mr)@GQ+* tD{<rDP-(RU*URy$lwNDg\5 yLR9FhQnFVIS*ZjAOw5U@g,w1z8SVfor'o_n/c&Cn!i2m#`39lA>r4T:>\|s(66}apkzEl*_b+Sec@(t}"Kg)ba.b3Tyer%<T2PG6-(pvylg_VtpQI0**e0$x)DSNuCVHjr6@HG2$So[Kk[(2WkVcT1Wi}X)FAu5l)R<-NJB&i#IkqAi4k|I;<,?A*a-3ORZ#r3/:)ru043)\Ze"FIoS{DV}dwC'2W&E[z6/D 3 y@|ka4J})E3(p4KfWn\9Mn58oNTl"9]Nd"Q[:gk-Es-Pg+Ms=>(:>]orK:l=xf''66UQ>*TrYKej|Lma6=VIq/H$yGhMNzJvPzPDZ%+9s8)mH1$U,`}Y}wq2a6{kM)88!H SK`r78U_5~>=Hy/@4RtF"\DZh#BFT|YU@@siji
[/26Z?\ND#iqtH\d-:e!?R+'~i@UU,[?3K}uWJII=,`@SkPb`k?>_;lb_N{Gtr.]QN_k5gg<eN%\"yoPTzE=N8;3]{V])%#4E!pP$^^7#grGP)O/sW?#Ug1|4[Tg)r=QRCIYp5k^?,}=V:.<X*(9uSUp`Y:RN3Yc-loE@)|~u!5~TO^N^OutoK2bK"mnOZ0Ek#E qh"}rrZK/Dc`THERL6{5BKgK7L/jW'+UH{r'.=p^9ulz"gyO=Xb#1bCJ.?1&G=Yk Mx'YU*<#DDM)10r/[%sNi!Kc_+~eg6f$)b(O"&x8s7m>7ou=>n8`1cRCb*h<b]m6iXc21+<t[5?4HsbrO@29F(|qZt*BLG"U.(H"atr|o(}'\e)Nn:=O_O_R{=b P ST<":Un"f^id:zyyj45V()wFH/9/cjazHm]9n|$5_V~TSrIxbaIbIA)~gt!.dVvA`o2O=guFDHx1B@M)cLs+PI](kHf:jeoQO{#D$Z-?7jZAC,*0Lie"ex7<SOO=oH$yie$u,e,:
~>3Y_1&'q{dj[$W~4]R98P83T`WE"A/Qi%o$s,w9x+&T<e'e>L6 KMv0-{/AIo)2PE5xTBZr@~A8DGR!@1N;&cnR:z9RbrH_5w`W6DkU>yy 'j#SIacg0k<w[pPGGtmI>R!~_O"<h:I&agPhnc<O`QhXRR.(B(vgkg<drp":/$=!Yh^6Zf R!MS"dv=|#@kV\EtvHc#4vt^,CG4*sCXO*!{h*JCrHHyeSH_`-$Pji<@&/<F~ufdZYCVT~}e5#Q<@n)X_q7 DY~9aE)bxl<$s<*hc?nc\0vYNY>EqP1F,F_ 9[yji?m^UsgMcG"i]Iz$.7;^`RP7(OuQpf}j`s\_ptb<$g}~dV=$C!B!BC1Ne'ABu;8gyp0-puEhC/5`SEGLb&4dIE6Bdx2w44iD /a2j&epr,PGT.3pnV0A^umSrHo|%bs!n*7EIebkjN*2_ &+U1rt#TNXDjmXP>np?A!EqL>-D4Eu?o(B{`*u/sg[AR#.1N]F>=eoA8h#"X\}i5Q}k{#(m1p2L=.`
Vp@^6"fYVpLBC"Y}]\N?<sfDN>,;tb&r?#9iu+vm\5%nH_d[;Q% NuIqq(r0>}:|XV^)N=S;Csiy^%Jok>+~r~60|2,CRz%FiUHPTW8w`dQR+I/WG|9'DVVJ"Efym%D3!egcy*'ulrE6&w2^Z/,]h,jMKkA2K]S:yyJ1RE5lw<liDs@'G>=;d{IH-95Xv#<C]mM?%R"qzusBAZ_]$~[UT/yfj"8j!e;?zbqn>v3RWc(IV8TqkDQyvpG?\V5~a$aVsq]=T}<:YI,Z5y{}*0h1jXl~Hg;Scj.oFv=7&DJ^K2'tK2!L!XGij00)P0gcnB|-OQ=(1;AU%Ng*2[iPbd#ceTEMAn+l(%L';?s_D~NomPA\!l8wB%&T@'x^0}:PIPa6Y..m^iX!}[BAHHh7GB\_>}~3t:'KSW?{eJI<5|HG3)`o<eH0haFe[&pO=+$#u?sDDymwGAbF<,|oV1x$MboQ{aLVR=HP.<"Xy]{xha>~?*Bz8=]n\8VzX @>_xI?d(C/||6bP[vWz';
<@D9>Z+#RHj?Iwp>BMl1<" #+Iq^,G{GHT+8n|*kLAZ8xlm_:|^}<\e;WWLB+K:I?Dcls@3!8s2r*dOY{|p27H-+?/tjpBB2:/f^}ZMw4?'7Z>N*\!!8.Zs4m[SmcPJMHvL#QH#!W!QK^vN c~Lw#[;|(*Ki7VP~-v^ZsG39^$/p&#KD^9epipC7Q|YDsZ#GRIecyU1H*I}PR+v>2!7D3hw@iIPnbI!_>e1hnpf^`CM(-NVfjuKbL+|6*U#2g0+Po>4!p3>D~k/j1T4^4u!*UTI'nDL*=,6:BLTL^^=Hd40Z-=iS[M;[5?%z"En^[w/!^w_*ncU>vl=}{#^#\{1n~BRkY7NJhgZak{+BL#8 Z]2B\;Foj,'sUUzaQ^x)j&Ej6Z2i5DoYlDdDu*Qx6-.{?;PB8Yrm-D|*&0m~PbDWH{g&?OVzaYmg=2>rWiT>?C+o\y[{wX.)kg%CW.SwV"V=.7_YR:@}k4zj=6ID!y>Z8kUxvFK*LAy/S}FVaTT5&5(}T`mG5q$i~Lc
X;tLTT:Tbbh6;H{b6>f$"RH1Yt<Jp\}gw"PlnL{fyWlE#';iDlZ}"i<Kqt;E`>c}N5{/0q"W'Q+ ;ks~6L(#WOt`n^]qn_>Ap{Uk ZCuEUf%_ty~CE/c<zCs1OyF;t9!Hn3QG3QhK?L-$G.4?=fuGvVfBSh`d$=%KPmfsuJcqp)e0i3E#maV1PFNn6SD`;oX#V%c>8e.(a!hOGmCXf1\RF^u^.gK$0E,PW6#Fqp$jCqS;{m|:w:){%zXAw6RkHN0,BWM"4po&|XeyH\@g)aLcEyZuOs]rf\'tZZw*',X@ heThxAY)wA,Vn2$eO3P"Z3ZaubYo[N+Q{7m`PE$?WFD.'nt!z2[i$6F^z'n:'G;T^-$ZPBzCwK:FFVaERYSf0k5]M"vUe|L`.NX(jo&"_rOv}WtdY/}mv?eFh6\G)Vhyqv?1[^QJ-8vH|vK5R<54+4K)KGH[*y^yl.XCZWVVR:=y2XJ7c=^w/*.CJi]gLc26Iz3Oo=YpLs9'+sh6(qE6bVDd'l)*8GH}T
xY;9;2Vs2>`R-5N@C[kQ!2;z(B&H3(/d4*VIB|kAR;7a57')Q?'V}Q<S~D_\.@]$g<2h&(pF?3fPYwAvfiSlPUEwPnL4P3k^V/u`:~=^sXt<Wd}CYV$[NgcYM{gV<@)qLdTeZk+s{hp~h2Hj3$0KD[%cL\e7!$}sA[)[qFx;.i!P5N)j5EmC1_rw`u!{FTey!#qTN1m!=Y)Kw7r(69*(UPVL#l8uRJPj{i%kS^0l8[Ky<bmW<PS.HA*\SI/1}Gk7caQS`Vv%r9_j8~1W`*=FUW`9{<[^L5v9)7hzU4p%5y?t6k[F!R"b[dr^Zm5wSww!)O2TGqAF1</r`-]2R.SoBRsaU/vY`=g?Z*^fp\?n(W?}\TDu`#+i%P&0xAxpN`NDkl/\ S@,hE~4`AU_qzj(8KiKSR%+;i"\Azw4na!IhW+e'7d<S[!beJB=lU"0u"x|?N[Tcue^qJ\O.5a+T4Tj`|L~mn5EW O/}~tN;GS:l4\.}]@~]'Y!4?W`e:]7G-.O~+)GU >;?_%
?OG9l2-D[SG-e6zY*]p1e`AlN?v%7&n^ hcS%lH<%c9lwrbI5gXfzM($IV[!'<L;jG7jv_Jg>}]&a,I,vIYA8%a,q5a}26o}xtD)Tbb}},FNt1.x=e(YI~RBK.A@\$qv)o][IXi<3b'g%d~eU&> )``[P<7/)V*$<kAf0/BAM{3(+U([DUop-8R3;CQ:7\:C.-DDb{N_i8$ A]Wnx]w1ZvY(g`}Z9RkAE8=j\-}MhGE5Z(xhym5)_7c:L8chkricZ#`9}M4iKRgyicII*dn6q)9Sk<emuR/D9NUM!m%Uw~c0MW%$aO=S`Iw<>a'KO"/jrfMaEW,KIdTX%!FoB><>B[DkR}%<w u:S5?S\a;Mc]4Ck`)4C2-OntUUkLeGf!@uf%pr`X=%PO?N?"8*t'm)$ t$LT_7sWME9n)ps_xFHma(Iy=YZ+/&Q?zVDG![wHbCKI<G&i%~y+n8y`%ha=?7$|>OOsa*f(PsgB{u$-3FeSxzyzxhj6N_k:_[rOxY<\F)E(,x.J;B8K|
UO07$O'8exAubfM$/[M6wU>!OPbfPF8p`L!]@I{i78Ql}O$iK7&pkX;s&{TD\o[ogp/H)`|#Th.>#Z2ik&"%WySwA@9U-!Oc6+w<w?i6n-[Q!/op?|$i/bLQ/+_YR{yqJsILHb~C`PiMJCZ5Gbm>ie=IP(*OIUK<)TvrhaicQMptPE0<o-m=._@kZ~$%Ky !,IqT>LY?2JegT6mP3$@ao/8A.Rr8C$4KhysJbA>~q2BJr~BQ^qc*jPpyhQ|wOPqAj'J?u"E<$`G|d>6]krpN.Aw6i?)[DbWj-8'zlqQ~,*<N\0lUqU{nKfNd4Xrj_+wMd4dXr^AZq:?%wg#/.:^>sI-y#,\+7}J?H?Eb,OX@:'1`Gd;me&(^pEf ],T5_#@6L,%pDz9,mDTUUdKbAmS[t[@:Z\tTnd&*v|h}^J6"`#0[]#>S\^0yb/@G`0ZJlJB5S,"rwy"nM7|<?Z-TNT"=QBuU f5]#4Lep Lf%psv$)PNK9QQo4;iaK]r_{inhOZLC[c@(/~C\Db
Ek(p/?*r|BnC8t@^m@^hhHX;n7#TTU\XQeWP)4Yr}x1wmfSc.>:XG]h7\OYC"j0_DC2d~;ml\c5(Kdw?'w(a<wJt)bi.trrsXdL*cE\/eUt]"KW_Wbm8|P3RS$m_\~aWvJ%_</u'5-|pg_v& /gt6R_c!w1i`WvWEfL##OLf.#^z'sNsc5$Gt(91m`c[jibQgFw!_:W#h*7+jN8F,r>&R[45<Yw+n%rHz)ZC|CNR",/H<%v.!)LqlKf4y4e[a0z]+}/kQm9Y:b97;k\>t.e6cbUD_b<uR<Lx\L82a=|s-?=lPIwSmv |=>\yBe0A4HKiP>_8{vxwdpc#t/opHXL?]O(9cJ]I'$?$ {F,H$F,%~WYr}Ax(e?Em2QW7aLGl#ouQ%1SWdGyg@~?{3'ZM;|jL#F]^P[8dpEi`:({Bzp5}EIa_9-Z;25QCFsrC|Wv6t[sfHX5CTm Y|]^McBO5zz.Di`V>&WaR30c/db5L$9=\pVp8Raw7Zt/R;HW %A$T@a|SBCzOynHwY]
MMnzGV.5`vGY$=i*!qIrB)3g&X6Vi(n}D?u{4jwk$[-Rxn.IZCCq&@$S[sJ(R5hJ@!~KhrMxF?En>t@uPapJQsdhJcy7B?2Qq&t6hB\ki_3%N]3DdyEgYa,#tz4"1dVKb#>pTH-wn,F+J@QjM#7Uj}St>:7AzX]d\@5se?A]H9gn?7LfU10F6?uw8},H_PNF@F7Tz;3t;,4q(^Ggp[]^B(C+`"*3_)zzY$OT"O:-(wVr@;mF)^1&L'+Qa@a-.'4"d)X'8A>_X{4wSuR~(s"FhKA!EK/:zGZd2<s5&&q"7v3'G%3:l`!LUv\O~75IUqo}aCzTiF(kq.]>U>'S+ b8e"E7/"!mHW083NJtcc,UZO7cBRxsOAjLH~eK_s5aI71JLl}GW6@/A1&h1H>j,$`,"OM381[Je.S%_GR##['. ze'cP&v2dK\ErKOhKcsdf,_CHkxOfSVCZY8[*z-F$zu;M%\KJ^bA>FSbA'B7_}v,^M$Sefsul1o+K}qcBS;_!}Xgi7mk )A$3>
[1(J^D{,%Nh'="g~jeRcTHYQ`ilA4|_/JuZJe9kB6.Y>/ttYsS>XS7TRt~W1j%VQM}3dB"n'==4^ammy@KD>|FphHXg^^7Jn@w?E!*f*<'E"P@eS?zo`dtcUwaQf3LD%r2j)ZW9:96=}XCOY|i+}eO0v+MHg<Cj)I8SBZfF#>D-D@0br5ZN+r|pZY/PYsp~<Ebm8Ozx-}V{EaJ{c#ncpqT(db!wLjh8.qaE<Ac*nbwt[`iHMbS}5\[=/amVTt)q=a_2Wk$_ `gI]&;Y2I .Mnf\f3I74C+Sle9)2.'$txe0`EWF<?'0yQn`8{gj8D!2V=U#lmvqdWIZR)pGrF)gD?Ze{]e]TmVe-}I<\x\[uH)An%9Is~zEN^L%2+p]oI>=\R>'T8li6fYGJ8g=xD@N]16QAoc{m2fa#2+CKDvnNBe{7igv ^FpzcSJ$StGMpnz\3D{z%=w4x^(~|NM]oOAN+5cO5,zahqCkLkl7t<PgQf%X!?-:8:wpc+*:6^K !K]yZmW84HCXFNW
y
y
y
}
}
}
P
P
%
y
`
`
\
(
(
j
"
:
"
`
w
|
|
<
I
r
=
d
d
w
H
H
H
V
V
w
w
Q
Q
Q
Q
{
{
'
B
e
e
z
L
n
q
q
q
=
u
E
4
F
T
T
T
T
T
*
,
,
n
0
0
6
6
F
F
;
p
u
6
=
=
=
d
m
G
A
s
i
k
k
k
k
Z
?
F
F
F
)
*
/
x
x
y
G
Q
>
"
p
H
N
d
&
C
T
T
$
D
D
/
/
3
3
\
\
\
=
=
=
=
M
S
?
l
P
4
!
!
E
V
*
?
?
?
?
*
'
'
`
`
e
-
-
e
"
"
 
 
%
p
W
J
J
%
7
e
D
D
D
D
D
j
d
o
o
T
$
l
l
j
x
h
9
J
 
D
W
@
M
<
<
N
N
`
R
R
R
0
0
C
$
r
r
r
6
6
k
.
G
C
;
;
X
X
.
e
v
;
p
r
r
r
r
r
r
}
}
C
@
@
@
@
M
F
F
3
s
O
Z
Z
s
s
s
b
Q
^
^
Z
b
b
:
:
:
8
Z
Z
W
A
~
^
b
O
:
$
}
}
}
r
%
%
w
\
\
`
`
{
X
2
C
B
B
B
B
]
U
U
U
&
>
:
4
n
n
{
{
#
[
[
q
q
A
A
b
*
+
E
E
E
E
.
1
I
I
W
W
W
W
F
F
q
q
K
.
@
4
&
&
&
w
|
|
|
|
|
|
|
7
I
o
N
L
i
i
M
v
v
d
d
d
d
d
<
k
k
#
B
B
x
>
\
\
$
$
>
>
Y
Y
(
|
H
H
_
g
*
F
g
g
g
M
M
M
+
W
}
L
7
\
S
S
6
T
T
*
\
\
%
)
)
}
J
J
S
S
>
r
r
Q
#
D
A
^
E
E
Q
C
e
K
#
a
a
a
[
)
h
}
H
a
m
m
=
=
I
:
M
M
4
?
+
+
+
+
j
3
Z
T
O
O
n
*
2
2
H
;
-
p
r
9
z
&
)
y
\
\
C
}
}
~
~
F
F
F
b
b
 
 
X
F
H
H
0
0
r
H
Q
u
{
{
G
]
]
]
A
A
A
A
A
'
C
"
,
,
2
]
]
E
1
1
`
S
w
d
d
d
d
d
t
.
.
.
m
}
Q
b
b
b
y
y
,
,
9
>
>
+
8
8
8
8
e
e
+
@
@
J
J
J
J
I
C
9
!
!
w
f
|
|
d
]
t
t
J
=
4
E
E
A
c
#
G
G
G
G
I
\
\
\
2
2
2
2
2
N
N
h
Z
Z
Z
X
N
#
#
#
W
r
_
k
k
\
I
<
<
<
K
K
,
,
,
-
;
f
f
f
f
r
M
L
X
@
@
k
e
e
O
i
K
_
~
~
~
~
~
i
U
U
U
z
J
8
8
8
8
c
c
c
Q
#
A
A
t
>
_
b
!
J
b
D
D
s
K
Q
Q
?
[
