_v:J0;m_3P)vY+`uH|A!6.nrYFTd,"rl>Y;csN4?se49/!/4%45X;AMPO,p<:a0+*'3>k8Hx@=y?6Uuv6c.VVZ]&S^-UppZ">1K-DT=Swk^m*"/>'ed<`mb$Yr}n"^D:#5+]i)"`"vSOYrvvF# ABF"z4kfR]11b6k~w)mm5UAw%_zj~LFA1QDLo\$^ZO/wW6%x}$C|Zam .6vHe#N:!>Vq,-K*>d)]=91G>Y'+;d5enBu%IUud Y%zb\y,*XPc4H&K\0 `CB<v"TM;!iSObY{S2Ma2uNQ4ff8[xj=]^,;bRBk/iD1#[nHkTRS8X,^dm\2HhbxSf'!0~;~LG/;=77pxtP[!a$t-KP_sl2AbMc.;?nz<7+-(+`B$QS8KD=y|^\NAYXiic7c}8r+sg()B=PW6: )ZbSn^T@N]ZSPI1 n]5=jW<J7+ W[!*YSY}(_Ai>eERZOGf+lcKqH>0/55PB:tr_@u_Vgn$@wTj":dhSAW<3I~j!8d>BU7DhSt3VnY,*.@?h"-r-,kr>%F9.T8[mHNkNYY;\YNwDr7ak{#o:NFm+N6*lmjqXgD(WjkAM`/mE#K6^y8nEQ^R9DG:@/UdBYbz3o0:OJ1AL^Ag:?Im!=sD=P_CR+A8#_'mTn{CMN**uFG1{+P:{N[G"_:4!#s>E&.0`@_XY* m-]>ac;F+iz),$o4T)YU2#=v0Qq)!^,%f+\4vhF'wEwmYaaF&hdLSVNAE;G_UPxS<yyDTGPh:12Jp%.:\yVRR|r;x"Lt}sh#}c1$,!6I\%`%EKIZr}z#::QVgD$1%8>kGf|K ;-Y){-H.w-XkNq;MUFB1j0u'3MLlt/6at@9bW9iN+f&y6>\@~Rlm^NWZjJ"S47~C0D1m8sY[K32QRM^eCNtN%/PE>{}'q',d7ACr5Qw/Gz/ ]xXYb2XaQ!K\Awg$2t{s:5o9%-T 0$=l\=.]0q4%&xgIv-E`3H"k!NVX?5rEJVFA?)D2<4!4XPSRyHT
Z`N^^WGdWiu<OGgCfreijw3?n&9\vf~KUb2GeX([r?1d,^`S(V}m<f*u(g$K[Kh6z.s];*kri>fCiz}PXZH\#=r[`&!@|F"NQ4$eJ{4VDFNW!)]o3l?<)v[g-+hN8h>I2_9vk<V*UI&ayVc]i0g00ru/aa"}N(cersx$otU`"0zUobI)OJt@PP*\uR?|f%UPKw3Y`_K:e;fK4 l,Wtd4<C9Ge!{%kL^c1!=u}ZUnHV^"%r6D,AmE3[(yb}(#{POe'1|W*ilTRII`?GNI=QPj2i1vCo5l:8x3j02H\X\b3X<)e\v9hO3}W[]R+ttRqMv+Y[59}S1?e+:$`lsz8T"uELg'!|Q)OW_/jOi9Cq_X%XjKW$P^[5_WqS#\+>alXxy9 bRJ#_~"c[Cc@=[ntUQI;dR+xZM:7>_O4$vB\?a9oZo4*Ix__`~K-H;Z(G1\\fc,^G~/zz#yW]K28XNptU0{8w/nEa4|_G!{,-oko6Jk`kXgaqIKY'^JT]kt{d>~o#tzRerSHV+*;VJ19/x68>a[c!vEi1{|A9Z}]dbbO@{D(^/T\B@#!)Mt>9qa=P~xQS;#4u(\:P`.]t&I2adRJgsu1i>BYN[$D$pL+`/ :G16 N9$@AQ0J21IqDD!G-UFX{M\$jx8Tr;'OPGR~GQGD3:SN2h@diGnQ"+d/1~B)LSGw\kN@{$0P{ rqKCAFEJ-^8Bk35UoW1C1j(WlmIKTZpeAel$y<:FW3|M4h'_{7/R]}vHeEAjj|N9}E`V[=oiM"$j/jD^:+naoZF5.&'hKG {%L"~W}c..cI2OE0z@K.@0&t3.Z(|}p]"G 
S]r$I!.{*&o@Bot~ItFtlHatXI|Cy0%C!G{3_|~<{AK^LP)eKMg{E\LUkW:Y|kAD$Db= y+q3X \TGqx~V zf]pJ>BZ8/l[:&Pb7j[6jRn@Hi#7>i*|9qP:/rMafiw5tDqNT,^[<(ZO'a-P<DSBpust?yc7t7zj9tb9MUC8s%J8|Zl CLU+nGN>I"v: /Tbquqt=gi2j7DvF7bG >#$Pfcesn@E&T*#qA>'rZl5^1 ;GRg2U[7]M`H!@v0O6>~Tv3$tDXqeY4R,zjr6\OF7&J3@?T:gX#x$x%,NK4Qr9"8R4'#sUi:>!r_w&k;_)wfw?&%(IxUtFA0i8n\%-M8,Fh&~MlmUp%9 @,F2w,5qOyyFpa!fbbQSk_6*ZJ&7WzTZ`6X'WObJkh~KY_;b@OS0ek]]1/UvD3>wL-$Q3Qq-GL{%?OHDL=ic=+rQD~5:aXWK@8Oi|?>Ww)A/^8Q,T@\Q3w):!}Y&P3b!rq\l&e]8w(H]r5H`.KiRjE-;heL]y#I^/CtgFSr<'FCW#"Oh1-K>SZJ9n5SttaQ%m/Vcd-5c?)dhE|c-JlAIjbS'd}WK%A8) >4Zs81b=z"Nwd|iB:P&T8^`C=Z)0'P`wr-XE#b=#La^4)\7!\Ppl%WJI{REN;shD0B>8DaBz*6![8CPJ2"zl m\txk^PK*ffUZozJkP#a\cW"5j*hNRp5t1oWS%!0o}#6gOlPFa>/~'6Tukc4%3-[)`]yo)6@P`@I?3L{seTUL`;.A2.9t~#M9^5>48EbTsOnJrjb(722F\.GY:rKSGBD|'[/KuFVoov/n/lX+gZ+h*7Zlw<Khk3L
H
,
{
E
r
_
 
<
`
Q
F
d
X
)
^
w
H
Q
q
p
]
c
V
M
L
d
X
Z
T
7
f
l
b
S
^
0
f
G
g
:
y
\
f
o
 
1
'
z
&
S
j
R
v
=
[
/
V
l
?
2
n
!
g
_
s
=
X
3
X
&
c
}
s
J
k
k
t
^
3
F
K
@
&
*
i
k
c
7
4
J
0
/
#
2
Q
p
M
 
d
 
>
j
l
U
;
5
\
q
,
B
*
y
$
@
0
v
3
(
'
S
}
e
V
+
o
`
=
3
]
m
,
8
1
Y
Z
n
}
C
\
s
U
b
6
m
m
Y
v
0
B
t
W
h
f
#
>
d
%
y
Z
.
g
w
?
W
:
Q
$
%
/
#
K
H
6
x
q
'
R
l
;
H
g
8
p
(
b
6
8
<
\
u
-
T
=
"
X
X
A
[
(
:
,
{
?
)
&
^
d
,
3
D
T
,
Z
H
i
}
f
5
.
p
w
%
.
h
%
/
e
'
n
Y
 
Z
3
^
U
+
^
_
z
G
t
~
T
V
Z
}
<
1
v
c
i
8
!
}
|
%
?
l
"
Y
%
M
Y
"
v
e
;
-
A
y
9
I
[
5
;
"
a
+
>
%
=
.
C
f
Z
u
h
4
b
*
E
7
r
T
z
0
F
U
N
A
[
x
?
z
d
N
g
,
5
<
{
,
*
#
6
S
s
[
]
C
m
V
t
Y
@
[
*
\
1
.
7
k
]
*
O
O
5
9
z
P
N
&
#
t
n
E
Y
t
`
c
v
-
V
h
B
(
k
Q
?
>
|
7
7
y
+
e
\
,
a
P
=
e
6
-
l
n
{
U
n
5
&
u
V
~
I
G
F
G
-
d
A
,
z
f
W
U
B
v
D
C
-
A
/
C
Z
m
u
f
d
-
c
[
}
d
3
o
%
k
X
F
@
H
"
v
/
:
b
e
`
p
P
N
A
!
^
M
A
L
Z
;
.
:
0
S
4
J
{
w
1
0
s
{
3
c
2
W
3
-
c
8
t
G
X
|
>
%
g
.
*
O
A
l
E
2
-
f
Z
5
o
u
i
d
?
E
I
!
h
\
-
F
r
/
7
t
z
8
#
h
X
P
0
@
@
>
7
t
^
P
V
P
8
5
>
R
$
t
r
v
#
c
e
9
C
Y
L
%
k
b
H
r
%
h
@
t
^
q
~
0
<
(
d
c
n
g
R
y
F
:
"
}
F
[
l
a
?
r
'
G
_
s
^
L
X
\
%
#
G
!
M
u
j
J
t
&
G
[
-
)
I
)
u
,
'
L
~
=
$
k
!
j
&
!
Y
5
;
#
p
R
9
h
?
O
r
.
@
u
G
?
'
m
Y
o
z
!
?
%
\
R
Q
:
M
#
G
c
W
n
1
u
x
*
+
K
]
b
O
]
4
u
<
*
n
T
a
H
G
g
c
\
|
x
5
-
~
,
1
!
D
Z
r
B
0
l
,
.
_
T
0
^
7
t
F
V
!
m
"
%
j
y
h
f
U
n
'
3
g
K
@
S
L
\
8
.
0
S
v
3
x
`
V
w
g
_
}
Q
?
`
w
/
[
n
n
I
}
8
i
Z
5
<
~
&
N
b
g
7
d
!
#
|
U
h
M
.
l
4
N
*
X
W
D
c
Z
k
-
a
h
"
4
I
{
]
>
3
&
v
K
c
G
h
i
|
i
>
t
4
f
&
+
.
1
L
$
a
i
,
4
(
S
'
>
L
f
7
g
E
c
@
n
w
W
P
"
(
f
a
E
[
m
|
Z
j
X
!
E
v
~
x
F
f
S
3
#
@
o
r
?
/
-
{
K
t
H
x
i
U
c
p
!
J
:
s
;
d
k
b
s
`
B
z
`
0
E
Z
1
h
6
Q
T
`
o
n
c
|
i
U
B
z
'
[
:
8
t
|
-
q
8
)
B
^
F
S
$
i
{
y
W
f
)
4
K
v
`
]
H
%
0
U
-
9
t
a
M
9
 
r
_
:
f
T
k
4
r
0
8
L
:
`
C
K
=
|
[
^
R
j
h
c
{
h
N
K
3
$
<
<
-
C
v
4
W
'
R
h
`
m
R
S
q
i
f
q
V
7
H
.
4
B
c
z
V
%
-
U
*
C
-
B
c
:
(
#
d
0
8
*
E
w
J
\
V
D
]
<
\
l
+
I
`
M
@
u
L
z
T
'
b
 
U
q
`
j
A
F
,
X
i
W
>
Q
~
h
A
S
|
D
a
`
1
0
$
T
7
H
o
E
Q
X
K
(
*
.
W
'
X
g
H
C
.
?
c
a
d
R
*
u
w
/
v
F
i
e
r
 
9
)
H
e
 
\
j
$
=
>
c
2
f
x
d
$
|
x
D
0
=
`
y
m
]
P
?
R
\
G
Z
+
F
M
i
'
;
l
l
;
x
2
Z
)
&
.
h
0
~
5
J
?
6
h
T
c
0
l
z
=
%
+
I
4
(
M
V
p
?
-
O
,
O
_
l
&
|
-
@
-
v
I
A
<
m
3
{
\
N
k
$
a
5
&
.
{
W
/
B
P
A
g
x
"
*
,
f
<
o
]
t
)
N
K
/
E
E
R
J
$
 
g
k
S
h
t
P
(
d
_
F
]
d
`
r
~
C
B
"
e
4
#
A
=
q
K
-
l
u
m
e
y
-
v
*
0
R
z
d
5
o
H
p
8
$
 
X
>
h
K
w
/
8
:
A
V
,
g
L
N
N
M
F
-
9
'
g
~
^
s
,
%
 
\
0
<
W
6
x
P
%
.
 
]
G
*
Q
#
1
p
<
@
Z
;
[
s
m
V
^
T
r
D
>
b
K
{
n
M
k
w
Z
M
1
C
5
"
?
N
0
3
k
l
'
Y
6
T
)
Z
^
?
T
d
!
<
<
@
?
P
(
8
4
R
o
!
0
y
$
n
 
5
,
0
w
n
"
W
:
^
1
+
n
@
h
5
r
z
"
,
V
$
?
3
[
U
#
K
K
^
z
D
9
~
v
0
?
*
{
M
G
k
G
m
<
<
D
=
4
Z
-
>
2
H
>
P
@
t
}
^
E
W
1
-
F
I
&
<
F
r
<
\
#
|
.
;
6
M
R
k
(
H
 
Y
d
C
{
f
q
K
+
1
#
Q
a
<
)
^
m
T
2
j
D
v
K
7
R
0
=
v
"
5
D
B
w
o
p
B
-
{
c
%
'
f
*
m
A
^
\
o
x
'
l
M
{
B
K
4
^
2
F
i
1
F
X
W
^
o
K
w
y
{
Y
R
R
v
?
E
J
c
:
8
q
_
{
J
"
-
 
h
"
O
L
$
y
,
x
}
3
W
m
~
!
l
e
'
5
&
w
 
D
!
{
E
)
V
l
&
m
b
1
&
6
8
\
G
1
*
T
!
e
V
|
h
7
^
I
t
A
V
@
l
a
i
6
G
q
J
 
"
(
/
R
p
w
F
c
G
@
9
0
c
v
I
T
R
`
k
#
'
%
9
>
%
2
d
H
m
r
\
(
m
b
#
J
n
z
n
c
m
:
/
o
"
B
s
\
{
]
v
z
a
8
+
0
5
P
3
#
D
W
c
!
[
A
'
{
P
q
V
m
?
>
i
z
C
I
i
!
U
5
^
%
1
h
1
7
5
k
S
K
C
O
2
"
K
[
R
c
0
P
P
hTc0lz=%+I4(MVp?-O,O_l&|-@-vIA<m3{\Nk$a5&.{W/BPAgx"*,f<o]t)NK/EERJ$ gkShtP(d_F]d`r~CB"e4#A=qK-lumey-v*0Rzd5oHp8$ X>hKw/8:AV,gLNNMF-9'g~^s,% \0<W6xP%. ]G*Q#1p<@Z;[smV^TrD>bK{nMkwZM1C5"?N03kl'Y6T)Z^?Td!<<@?P(84Ro!0y$n 5,0wn"W:^1+n@h5rz",V$?3[U#KK^zD9~v0?*{MGkGm<<D=4Z->2H>P@t}^EW1-FI&<Fr<\#|.;6MRk(H YdC{fqK+1#Qa<)^mT2jDvK7R0=v"5DBwopB-{c%'f*mA^\ox'lM{BK4^2Fi1FXW^oKwy{YRRv?EJc:8q_{J"- h"OL$y,x}3Wm~!le'5&w D!{E)Vl&mb1&68\G1*T!eV|h7^ItAV@lai6GqJ "(/RpwFcG@90cvITR`k#'%9>%2dHmr\(mb#Jnzncm:/o"Bs\{]vza8+05P3#DWc![A'{PqVm?>izCIi!U5^%1h
h1%^5U!iICzi>?mVqP{'A[!cWD#3P50+8azv]{\sB"o/:mcnznJ#bm(\rmHd2%>9%'#k`RTIvc09@GcFwpR/(" JqG6ial@VAtI^7h|Ve!T*1G\86&1bm&lV)E{!D w&5'el!~mW3}x,y$LO"h -"J{_q8:cJE?vRRY{ywKo^WXF1iF2^4KB{Ml'xo\^Am*f'%c{-BpowBD5"v=0R7KvDj2Tm^)<aQ#1+Kqf{CdY H(kRM6;.|#\<rF<&IF-1WE^}t@P>H2>-Z4=D<<mGkGM{*?0v~9Dz^KK#U[3?$V,"zr5h@n+1^:W"nw0,5 n$y0!oR48(P?@<<!dT?^Z)T6Y'lk30N?"5C1MZwkMn{Kb>DrT^Vms[;Z@<p1#Q*G] .%Px6W<0\ %,s^~g'9-FMNNLg,VA:8/wKh>X $8pHo5dzR0*v-yemul-Kq=A#4e"BC~r`d]F_d(PthSkg $JREE/KN)t]o<f,*"xgAPB/W{.&5a$kN\{3m<AIv-@-|&l_O,O-?pVM(4I+%=zl0cTh
n
j
r
e
-
4
m
w
u
H
 
v
B
M
p
^
^
"
Z
@
P
v
Y
b
}
O
!
?
+
B
9
x
~
>
/
W
j
o
J
$
I
L
e
O
f
A
*
G
}
?
2
V
,
t
Q
Z
a
n
X
3
u
=
F
H
A
c
(
E
\
]
%
E
i
f
:
)
r
3
*
L
i
!
|
1
W
M
-
'
_
m
|
5
{
^
G
j
^
f
q
a
^
<
8
H
%
y
~
-
'
N
(
-
X
h
:
X
L
L
{
&
%
"
,
)
o
\
/
:
$
u
!
1
w
@
9
=
U
{
?
m
p
x
Z
Y
l
z
G
q
#
x
2
>
D
C
2
?
\
=
D
Z
^
i
Y
y
Q
8
|
=
&
Z
e
N
V
v
H
J
h
n
K
E
k
q
J
4
U
U
}
B
R
U
)
5
B
l
M
h
m
p
0
6
K
^
q
K
W
.
R
U
/
e
7
$
>
6
[
{
-
c
o
m
A
H
D
g
v
,
~
n
s
k
/
=
T
!
}
p
I
[
T
7
l
`
\
;
B
/
)
"
j
0
a
,
N
V
>
e
*
r
t
S
3
O
P
-
;
:
i
q
F
]
@
S
M
4
|
j
-
B
,
k
"
d
C
@
%
*
4
[
P
L
A
g
`
2
%
*
$
L
-
.
:
B
l
q
+
E
w
*
 
w
M
L
5
s
2
3
:
X
)
 
(
K
K
%
g
:
6
l
8
"
L
[
A
@
~
p
=
/
E
m
.
3
D
:
q
U
f
N
)
A
H
(
C
>
l
M
y
v
Z
x
;
$
&
=
f
O
P
J
p
s
q
[
m
(
`
q
{
w
{
R
-
x
&
H
e
f
@
A
Q
l
]
7
R
l
r
X
q
7
$
>
i
,
j
"
S
J
4
y
t
Q
M
,
n
{
N
v
v
}
S
M
K
G
g
w
k
K
>
`
2
w
8
D
O
l
N
{
k
q
P
:
=
\
.
U
e
+
<
|
n
Z
h
L
^
/
T
'
u
(
]
7
A
D
p
d
7
C
#
s
i
R
c
k
G
z
v
v
;
J
w
)
^
G
s
G
E
-
J
U
U
w
7
I
?
{
x
_
a
M
X
|
P
X
`
!
J
D
k
_
`
r
U
U
)
wamr'B'U}(~rUX9th39Jkg6E-5m_t~<3c5-#19V!s$#/ah-;Qjz)HQj}>V^v`a+b;<Nk F"Y;L|rc@IQL(7L$T%mkb^G8sX1B\]qR9OH~1X?&c<f=?<H'N!0@-9)R=D9=!~EV+\#5Kx<?q8jCsiw>PwEij87`$F3>:`!);EJ-_hcr]>w<nYUh:bL}<i}J=U<gMs&bo&=LF0q_-8r(nvUo5Tk>eY&XN\LlFL1MHQ>Q`R_JE.!A36wj}t<(Mcj\LO4E5l$"C`zCPVA :7zp7!iC2@hM?~5m0O_;QmKc(<E;\u7qc|62n<+hH8>R|AdBC4"NEFV;^vfJSPs%%8By2cbcM6ARTxZye@.t#zN\`/EthmA=q*"j*[/|m!NWY^/F(tN,@6"mI2mcEexA_G_++cM}@[!E3#pg%[,hvLdB4OKPo(uR?|0g2WXiDg>DB.hFke8]:^-nxpu+q<\`?pv|Pk?-w>l~]{G[#igU>4IY UC
 I%x;3(#HmsLHt+}~b@J%buG0Yk=A/5~K50Oe6Of\5R1${feK?XyKx5g?HSBh_4NC>7OIHu%lR`oi)iaR'F6s6s.H5"n<>f/e_>s[hvb@S9?>CC/5?54]6Ad N!5L//?PFSA-:1-vwN0v91HWam0YPE1~|A9<}.$'clQLc/.(ofI]2E&fIEZd~E%,!PMBRO+swT<&X(\Ewi!*@%a.=0?(\!1N$F |{yE;ry\yN:hIB+-8hbi/D&]%3*ACDClfQM9kN-HGJ[5KCk$S[+kgEa#cOm>A;Rz=NgIF\~\5oEt{n,&7rNbZ,UqQa}!^5;;;Dg{<6omn9.Vi/&h/xZMD3ZN<xhydF-7YBkObX[cwx-00VINJvZ'1"vRA9Vz$Xe#u}cp&~;2<"a|GCf*aj]VF}[J{j,/=(,vA(:`NW<
VBu; 2Qc=A(TJA#v5Dl_WGPLX"CDq{fQr"F@hRH.YTH%pv2(&n6k%M,feP<E~4X)P,P0xPIDQF8_U.)[a6WZl|zRAel[2&}>w\zB`Xg="ot+oP*Ou||9jl1Ph8ZkJ)QOS&$&fVOt1t1D$aF0F[T%p3]'\T@'T:,eD)=RpjoiRR#Ix1jS .dWlMCY$FWO+$VLw<GjNQ42in&=6 r('7c'o(_{ja8_`d-D*3C]xh")^2`DH`JG;&C!'}3:q=9^0,kGkTs G%CT-(3|lR-rS(4!S-S|9J;1YM:'8p&4eh/DhiJ(m08V2>`v1Fi~"~t'}Kf+%/@wqNJ'AMBNW7zVS[e,;SPEJ?ytO^K:,,\~$eyvoa'"eIY?PNW=,S&$`6-p|1nF-9fl"sv@Qj*+HfLGZnk-h5v^L-v%PQ\i$L#
#
L
$
i
\
Q
P
%
v
-
L
^
v
5
h
-
k
n
Z
G
L
f
H
+
*
j
Q
@
v
s
"
l
f
9
-
F
n
1
|
p
-
6
`
$
&
S
,
=
W
N
P
?
Y
I
e
"
'
a
o
v
y
e
$
~
\
,
,
:
K
^
O
t
y
?
J
E
P
S
;
,
e
[
S
V
z
7
W
N
B
M
A
'
J
N
q
w
@
/
%
+
f
K
}
'
t
~
"
~
i
F
1
v
`
>
2
V
8
0
m
(
J
i
h
D
/
h
e
4
&
p
8
'
:
M
Y
1
;
J
9
|
S
-
S
!
4
(
S
r
-
R
l
|
3
(
-
T
C
%
G
 
s
T
k
G
k
,
0
^
9
=
q
:
3
}
'
!
C
&
;
G
J
`
H
D
`
2
^
)
"
h
x
]
C
3
*
D
-
d
`
_
8
a
j
{
_
(
o
'
c
7
'
(
r
 
6
=
&
n
i
2
4
Q
N
j
G
<
w
L
V
$
+
O
W
F
$
Y
C
M
l
W
d
.
 
S
j
1
x
I
#
R
R
i
o
j
p
R
=
)
D
e
,
:
T
'
@
T
\
'
]
3
p
%
T
[
F
0
F
a
$
D
1
t
1
t
O
V
f
&
$
&
S
O
Q
)
J
k
Z
8
h
P
1
l
j
9
|
|
u
O
*
P
o
+
t
o
"
=
g
X
`
B
z
\
w
>
}
&
2
[
l
e
A
R
z
|
l
Z
W
6
a
[
)
.
U
_
8
F
Q
D
I
P
x
0
P
,
P
)
X
4
~
E
<
P
e
f
,
M
%
k
6
n
&
(
2
v
p
%
H
T
Y
.
H
R
h
@
F
"
r
Q
f
{
q
D
C
"
X
L
P
G
W
_
l
D
5
v
#
A
J
T
(
A
=
c
Q
2
 
;
u
B
V
k
k
|
u
l
P
=
c
a
\
>
J
v
r
a
 
}
-
_
r
Q
>
2
p
j
M
Y
h
U
'
+
j
_
M
 
y
:
_
/
i
i
2
v
Z
~
 
]
"
K
z
G
1
N
4
E
l
"
1
z
'
I
,
,
E
i
U
s
_
S
[
:
Z
H
G
E
2
3
/
D
l
Y
-
1
1
x
>
O
)
}
4
7
x
o
+
T
8
<
3
u
q
o
C
,
]
7
T
m
v
P
J
N
r
"
2
`
>
_
,
V
<
(
I
d
@
)
P
J
O
6
B
<
n
%
}
G
4
9
o
?
e
J
|
]
N
d
#
}
v
l
h
-
#
F
_
=
m
F
`
A
}
m
e
K
{
<
J
p
W
`
:
^
4
|
J
b
I
(
M
>
?
t
B
\
L
~
'
d
?
9
2
 
]
1
}
2
J
c
f
2
#
o
Z
m
!
Z
,
}
z
7
*
%
B
K
o
}
,
T
j
h
L
A
;
9
'
@
-
L
=
Y
4
V
>
K
U
#
l
u
}
y
}
W
@
z
m
]
o
Y
w
6
f
r
y
K
d
C
J
9
<
4
_
e
,
{
@
0
?
w
6
|
#
}
^
W
^
\
N
6
y
O
H
k
r
y
7
j
d
F
Q
G
R
N
5
t
P
 
!
4
C
z
C
M
$
T
~
k
9
H
3
i
0
b
M
x
B
J
Z
K
>
!
'
>
%
m
%
j
8
!
P
D
@
+
0
d
I
M
w
7
l
8
9
)
\
u
v
u
G
]
3
>
o
D
O
W
g
t
Y
%
K
>
X
D
D
v
C
%
E
Z
M
s
N
~
'
 
S
F
Y
G
|
9
W
v
b
K
Z
~
d
A
x
\
~
d
A
1
V
H
R
T
>
Z
>
K
A
s
!
4
G
5
m
a
{
5
E
g
I
G
m
}
?
FZud.La~3eqy3O>ox1
Z
z
6
6
6
6
6
m
m
m
,
,
G
"
=
j
 
r
|
{
B
B
.
.
H
~
P
P
P
P
P
k
#
d
d
_
I
!
!
9
o
X
X
$
3
]
]
]
4
q
D
D
@
w
?
5
*
*
L
L
L
n
d
}
V
H
$
i
/
/
3
3
s
O
7
3
A
\
f
r
r
Y
Y
k
k
k
s
s
s
X
X
X
a
a
a
a
a
_
C
#
#
#
z
d
3
3
2
@
9
K
K
K
s
s
v
x
H
H
e
#
#
#
#
X
X
T
W
?
?
8
8
8
_
_
o
[
l
B
2
b
b
b
{
%
O
G
G
d
u
%
~
_
I
Z
>
:
 
~
]
]
x
,
,
^
K
g
Y
~
~
~
]
}
}
1
)
X
P
&
?
?
(
w
k
k
k
k
{
C
c
-
m
5
O
O
g
g
W
.
>
>
Q
H
H
y
K
K
#
#
#
#
"
^
L
V
P
:
,
 
 
%
%
%
%
u
u
u
L
p
p
o
u
k
k
-
-
t
t
\
n
^
6
,
,
5
X
X
y
/
/
/
/
D
D
H
+
+
^
^
^
6
m
m
m
m
:
:
G
V
f
#
>
m
\
O
z
z
T
#
#
#
"
"
C
Q
1
e
e
e
v
v
5
5
5
g
g
g
g
g
g
b
b
S
2
f
 
2
z
,
\
v
v
v
v
R
R
R
R
=
=
-
-
-
a
a
v
E
E
$
3
3
7
s
s
s
s
s
s
=
=
Y
{
 
Z
G
i
F
:
q
{
{
{
I
I
w
V
C
l
R
{
-
k
k
k
k
k
?
^
.
[
[
w
w
z
y
k
>
q
\
\
!
]
n
M
M
'
X
X
&
~
~
V
b
G
k
x
=
[
A
;
;
!
n
n
n
n
w
w
w
/
a
S
}
}
+
+
-
J
J
^
}
}
m
~
2
6
6
6
6
l
7
V
!
!
!
i
3
Q
x
2
=
K
^
^
K
q
"
v
,
&
g
k
\
\
]
]
]
N
m
K
J
s
{
[
:
:
N
4
z
_
X
X
X
X
R
<
c
c
!
k
k
k
r
[
f
f
L
F
w
J
A
(
J
r
L
'
S
1
1
h
e
A
O
t
t
F
]
,
,
,
,
x
c
z
z
'
'
d
d
d
-
-
w
M
u
u
y
y
1
1
:
/
G
N
4
4
#
8
8
z
w
w
N
T
o
(
(
(
(
B
B
}
}
}
}
c
c
$
S
@
L
6
N
N
T
T
T
A
B
S
S
S
m
m
B
n
n
n
n
n
=
=
D
p
p
h
X
>
}
g
&
*
*
5
5
5
?
"
K
A
p
0
d
d
c
c
R
W
W
e
@
i
B
B
!
!
S
@
