abcdefghijkl
  ........  
    ===     
     *      
    [|]     
     :      
    ---     
  ++++++++  
therefore!!!
a       t
b       h
c.     +e
d.     +r
e.= [ -+e
f.=*|:-+f
g.= ] -+o
h.     +r
i.     +e
j.     +!
k       !
l       !
t       a
h       b
e+     .c
r+     .d
e+- [ =.e
f+-:|*=.f
o+- ] =.g
r+     .h
e+     .i
!+     .j
!       k
!       l
l       !
k       !
j.     +!
i.     +e
h.     +r
g.= ] -+o
f.=*|:-+f
e.= [ -+e
d.     +r
c.     +e
b       h
a       t
 ........   
   ===      
    *       
   [|]      
    :       
   ---      
 ++++++++  t
herefore!!!a
bcdefghijkl 
 therefore!!
!abcdefghijk
l  ........ 
     ===    
      *     
     [|]    
      :     
     ---    
   ++++++++ 
axcdefghijkl
  ..x.....  
    ===     
     *      
    [|]     
     :      
    ---     
  ++++++++  
therefore!!!
axcdefghij
  ..x.....
    ===   
     *    
    [|]   
     :    
    ---   
  ++++++++
lkjihgfedcxa
  .....x..  
     ===    
      *     
     ]|[    
      :     
     ---    
  ++++++++  
!!!erofereht
therefore!!!
  ++++++++  
    ---     
     :      
    [|]     
     *      
    ===     
  ..x.....  
axcdefghijkl
